2025-02-27 18:36:16.f - M0 [LC:0] Initialized with clock rate 4 ticks/second
2025-02-27 18:36:16.f - M0 [LC:0] Connected to VM 1 on port 10001
2025-02-27 18:36:16.f - M0 [LC:0] Connected to VM 2 on port 10002
2025-02-27 18:36:16.f - M0 [LC:1] Internal event
2025-02-27 18:36:16.f - M0 [LC:1] Started VM 0 with clock rate 4
2025-02-27 18:36:16.f - M0 [LC:2] Internal event
2025-02-27 18:36:17.f - M0 [LC:3] Internal event
2025-02-27 18:36:17.f - M0 [LC:4] Internal event
2025-02-27 18:36:17.f - M0 [LC:5] Internal event
2025-02-27 18:36:17.f - M0 [LC:6] Sent messages to all VMs
2025-02-27 18:36:18.f - M0 [LC:7] Received message. Queue length: 0
2025-02-27 18:36:18.f - M0 [LC:8] Internal event
2025-02-27 18:36:18.f - M0 [LC:9] Received message. Queue length: 0
2025-02-27 18:36:18.f - M0 [LC:10] Internal event
2025-02-27 18:36:19.f - M0 [LC:11] Sent message to VM 2
2025-02-27 18:36:19.f - M0 [LC:12] Received message. Queue length: 0
2025-02-27 18:36:19.f - M0 [LC:13] Internal event
2025-02-27 18:36:19.f - M0 [LC:14] Internal event
2025-02-27 18:36:20.f - M0 [LC:15] Received message. Queue length: 0
2025-02-27 18:36:20.f - M0 [LC:16] Received message. Queue length: 0
2025-02-27 18:36:20.f - M0 [LC:17] Internal event
2025-02-27 18:36:20.f - M0 [LC:18] Sent messages to all VMs
2025-02-27 18:36:21.f - M0 [LC:19] Internal event
2025-02-27 18:36:21.f - M0 [LC:20] Internal event
2025-02-27 18:36:21.f - M0 [LC:22] Received message. Queue length: 0
2025-02-27 18:36:21.f - M0 [LC:23] Received message. Queue length: 0
2025-02-27 18:36:22.f - M0 [LC:24] Received message. Queue length: 0
2025-02-27 18:36:22.f - M0 [LC:25] Sent message to VM 1
2025-02-27 18:36:22.f - M0 [LC:26] Sent message to VM 1
2025-02-27 18:36:22.f - M0 [LC:29] Received message. Queue length: 0
2025-02-27 18:36:23.f - M0 [LC:30] Internal event
2025-02-27 18:36:23.f - M0 [LC:31] Sent message to VM 2
2025-02-27 18:36:23.f - M0 [LC:32] Internal event
2025-02-27 18:36:23.f - M0 [LC:33] Internal event
2025-02-27 18:36:24.f - M0 [LC:34] Internal event
2025-02-27 18:36:24.f - M0 [LC:35] Internal event
2025-02-27 18:36:24.f - M0 [LC:36] Received message. Queue length: 1
2025-02-27 18:36:24.f - M0 [LC:37] Received message. Queue length: 0
2025-02-27 18:36:25.f - M0 [LC:38] Internal event
2025-02-27 18:36:25.f - M0 [LC:39] Received message. Queue length: 0
2025-02-27 18:36:25.f - M0 [LC:40] Sent message to VM 2
2025-02-27 18:36:25.f - M0 [LC:41] Internal event
2025-02-27 18:36:26.f - M0 [LC:42] Received message. Queue length: 0
2025-02-27 18:36:26.f - M0 [LC:43] Internal event
2025-02-27 18:36:26.f - M0 [LC:44] Sent message to VM 2
2025-02-27 18:36:26.f - M0 [LC:45] Received message. Queue length: 0
2025-02-27 18:36:27.f - M0 [LC:46] Sent messages to all VMs
2025-02-27 18:36:27.f - M0 [LC:47] Sent message to VM 1
2025-02-27 18:36:27.f - M0 [LC:48] Sent message to VM 2
2025-02-27 18:36:27.f - M0 [LC:49] Internal event
2025-02-27 18:36:28.f - M0 [LC:50] Internal event
2025-02-27 18:36:28.f - M0 [LC:51] Sent message to VM 1
2025-02-27 18:36:28.f - M0 [LC:52] Internal event
2025-02-27 18:36:28.f - M0 [LC:53] Internal event
2025-02-27 18:36:29.f - M0 [LC:54] Internal event
2025-02-27 18:36:29.f - M0 [LC:55] Internal event
2025-02-27 18:36:29.f - M0 [LC:56] Internal event
2025-02-27 18:36:29.f - M0 [LC:57] Internal event
2025-02-27 18:36:30.f - M0 [LC:58] Received message. Queue length: 0
2025-02-27 18:36:30.f - M0 [LC:59] Internal event
2025-02-27 18:36:30.f - M0 [LC:61] Received message. Queue length: 0
2025-02-27 18:36:31.f - M0 [LC:62] Sent message to VM 1
2025-02-27 18:36:31.f - M0 [LC:63] Internal event
2025-02-27 18:36:31.f - M0 [LC:64] Internal event
2025-02-27 18:36:31.f - M0 [LC:65] Received message. Queue length: 0
2025-02-27 18:36:32.f - M0 [LC:66] Internal event
2025-02-27 18:36:32.f - M0 [LC:67] Received message. Queue length: 0
2025-02-27 18:36:32.f - M0 [LC:68] Internal event
2025-02-27 18:36:32.f - M0 [LC:69] Internal event
2025-02-27 18:36:33.f - M0 [LC:70] Internal event
2025-02-27 18:36:33.f - M0 [LC:71] Sent message to VM 2
2025-02-27 18:36:33.f - M0 [LC:72] Internal event
2025-02-27 18:36:33.f - M0 [LC:73] Sent messages to all VMs
2025-02-27 18:36:34.f - M0 [LC:74] Internal event
2025-02-27 18:36:34.f - M0 [LC:75] Sent message to VM 1
2025-02-27 18:36:34.f - M0 [LC:76] Internal event
2025-02-27 18:36:34.f - M0 [LC:77] Sent message to VM 1
2025-02-27 18:36:35.f - M0 [LC:78] Sent message to VM 2
2025-02-27 18:36:35.f - M0 [LC:79] Internal event
2025-02-27 18:36:35.f - M0 [LC:81] Received message. Queue length: 0
2025-02-27 18:36:35.f - M0 [LC:82] Internal event
2025-02-27 18:36:36.f - M0 [LC:83] Internal event
2025-02-27 18:36:36.f - M0 [LC:84] Internal event
2025-02-27 18:36:36.f - M0 [LC:85] Internal event
2025-02-27 18:36:36.f - M0 [LC:86] Sent message to VM 1
2025-02-27 18:36:37.f - M0 [LC:87] Received message. Queue length: 0
2025-02-27 18:36:37.f - M0 [LC:88] Sent message to VM 2
2025-02-27 18:36:37.f - M0 [LC:89] Internal event
2025-02-27 18:36:37.f - M0 [LC:90] Internal event
2025-02-27 18:36:38.f - M0 [LC:91] Sent messages to all VMs
2025-02-27 18:36:38.f - M0 [LC:92] Received message. Queue length: 0
2025-02-27 18:36:38.f - M0 [LC:93] Internal event
2025-02-27 18:36:38.f - M0 [LC:95] Received message. Queue length: 0
2025-02-27 18:36:39.f - M0 [LC:96] Internal event
2025-02-27 18:36:39.f - M0 [LC:97] Internal event
2025-02-27 18:36:39.f - M0 [LC:98] Internal event
2025-02-27 18:36:39.f - M0 [LC:99] Internal event
2025-02-27 18:36:40.f - M0 [LC:100] Internal event
2025-02-27 18:36:40.f - M0 [LC:101] Internal event
2025-02-27 18:36:40.f - M0 [LC:102] Received message. Queue length: 0
2025-02-27 18:36:40.f - M0 [LC:103] Received message. Queue length: 0
2025-02-27 18:36:41.f - M0 [LC:104] Received message. Queue length: 0
2025-02-27 18:36:41.f - M0 [LC:105] Sent messages to all VMs
2025-02-27 18:36:41.f - M0 [LC:106] Internal event
2025-02-27 18:36:41.f - M0 [LC:107] Internal event
2025-02-27 18:36:42.f - M0 [LC:108] Internal event
2025-02-27 18:36:42.f - M0 [LC:109] Sent message to VM 2
2025-02-27 18:36:42.f - M0 [LC:110] Internal event
2025-02-27 18:36:42.f - M0 [LC:111] Sent messages to all VMs
2025-02-27 18:36:43.f - M0 [LC:112] Sent message to VM 1
2025-02-27 18:36:43.f - M0 [LC:113] Internal event
2025-02-27 18:36:43.f - M0 [LC:114] Internal event
2025-02-27 18:36:43.f - M0 [LC:116] Received message. Queue length: 0
2025-02-27 18:36:44.f - M0 [LC:117] Internal event
2025-02-27 18:36:44.f - M0 [LC:118] Received message. Queue length: 0
2025-02-27 18:36:44.f - M0 [LC:119] Internal event
2025-02-27 18:36:44.f - M0 [LC:120] Internal event
2025-02-27 18:36:45.f - M0 [LC:121] Internal event
2025-02-27 18:36:45.f - M0 [LC:122] Sent message to VM 1
2025-02-27 18:36:45.f - M0 [LC:123] Internal event
2025-02-27 18:36:45.f - M0 [LC:124] Internal event
2025-02-27 18:36:46.f - M0 [LC:125] Internal event
2025-02-27 18:36:46.f - M0 [LC:126] Received message. Queue length: 0
2025-02-27 18:36:46.f - M0 [LC:127] Internal event
2025-02-27 18:36:46.f - M0 [LC:128] Received message. Queue length: 0
2025-02-27 18:36:47.f - M0 [LC:129] Sent message to VM 2
2025-02-27 18:36:47.f - M0 [LC:130] Internal event
2025-02-27 18:36:47.f - M0 [LC:131] Sent message to VM 1
2025-02-27 18:36:47.f - M0 [LC:132] Sent messages to all VMs
2025-02-27 18:36:48.f - M0 [LC:133] Sent messages to all VMs
2025-02-27 18:36:48.f - M0 [LC:134] Internal event
2025-02-27 18:36:48.f - M0 [LC:137] Received message. Queue length: 0
2025-02-27 18:36:49.f - M0 [LC:138] Internal event
2025-02-27 18:36:49.f - M0 [LC:139] Sent messages to all VMs
2025-02-27 18:36:49.f - M0 [LC:140] Sent message to VM 2
2025-02-27 18:36:49.f - M0 [LC:141] Internal event
2025-02-27 18:36:50.f - M0 [LC:143] Received message. Queue length: 0
2025-02-27 18:36:50.f - M0 [LC:144] Internal event
2025-02-27 18:36:50.f - M0 [LC:145] Received message. Queue length: 0
2025-02-27 18:36:50.f - M0 [LC:146] Sent messages to all VMs
2025-02-27 18:36:51.f - M0 [LC:147] Internal event
2025-02-27 18:36:51.f - M0 [LC:149] Received message. Queue length: 0
2025-02-27 18:36:51.f - M0 [LC:150] Sent message to VM 1
2025-02-27 18:36:51.f - M0 [LC:151] Sent message to VM 1
2025-02-27 18:36:52.f - M0 [LC:152] Internal event
2025-02-27 18:36:52.f - M0 [LC:153] Internal event
2025-02-27 18:36:52.f - M0 [LC:154] Internal event
2025-02-27 18:36:52.f - M0 [LC:155] Sent message to VM 2
2025-02-27 18:36:53.f - M0 [LC:156] Internal event
2025-02-27 18:36:53.f - M0 [LC:157] Internal event
2025-02-27 18:36:53.f - M0 [LC:158] Internal event
2025-02-27 18:36:53.f - M0 [LC:159] Sent messages to all VMs
2025-02-27 18:36:54.f - M0 [LC:160] Sent message to VM 1
2025-02-27 18:36:54.f - M0 [LC:161] Sent messages to all VMs
2025-02-27 18:36:54.f - M0 [LC:162] Internal event
2025-02-27 18:36:54.f - M0 [LC:163] Internal event
2025-02-27 18:36:55.f - M0 [LC:165] Received message. Queue length: 0
2025-02-27 18:36:55.f - M0 [LC:166] Received message. Queue length: 0
2025-02-27 18:36:55.f - M0 [LC:167] Internal event
2025-02-27 18:36:55.f - M0 [LC:168] Internal event
2025-02-27 18:36:56.f - M0 [LC:169] Internal event
2025-02-27 18:36:56.f - M0 [LC:170] Internal event
2025-02-27 18:36:56.f - M0 [LC:171] Internal event
2025-02-27 18:36:56.f - M0 [LC:172] Received message. Queue length: 0
2025-02-27 18:36:57.f - M0 [LC:173] Internal event
2025-02-27 18:36:57.f - M0 [LC:174] Received message. Queue length: 0
2025-02-27 18:36:57.f - M0 [LC:175] Sent message to VM 2
2025-02-27 18:36:57.f - M0 [LC:176] Internal event
2025-02-27 18:36:58.f - M0 [LC:177] Sent message to VM 1
2025-02-27 18:36:58.f - M0 [LC:178] Internal event
2025-02-27 18:36:58.f - M0 [LC:179] Internal event
2025-02-27 18:36:58.f - M0 [LC:180] Sent message to VM 1
2025-02-27 18:36:59.f - M0 [LC:181] Sent messages to all VMs
2025-02-27 18:36:59.f - M0 [LC:182] Internal event
2025-02-27 18:36:59.f - M0 [LC:183] Sent message to VM 1
2025-02-27 18:36:59.f - M0 [LC:184] Sent messages to all VMs
2025-02-27 18:37:00.f - M0 [LC:185] Internal event
2025-02-27 18:37:00.f - M0 [LC:186] Sent messages to all VMs
2025-02-27 18:37:00.f - M0 [LC:187] Sent message to VM 1
2025-02-27 18:37:00.f - M0 [LC:188] Sent message to VM 1
2025-02-27 18:37:01.f - M0 [LC:189] Internal event
2025-02-27 18:37:01.f - M0 [LC:190] Internal event
2025-02-27 18:37:01.f - M0 [LC:191] Internal event
2025-02-27 18:37:01.f - M0 [LC:193] Received message. Queue length: 0
2025-02-27 18:37:02.f - M0 [LC:194] Received message. Queue length: 0
2025-02-27 18:37:02.f - M0 [LC:195] Sent message to VM 1
2025-02-27 18:37:02.f - M0 [LC:196] Internal event
2025-02-27 18:37:02.f - M0 [LC:197] Received message. Queue length: 0
2025-02-27 18:37:03.f - M0 [LC:199] Received message. Queue length: 0
2025-02-27 18:37:03.f - M0 [LC:200] Sent message to VM 1
2025-02-27 18:37:03.f - M0 [LC:201] Sent message to VM 1
2025-02-27 18:37:03.f - M0 [LC:202] Internal event
2025-02-27 18:37:04.f - M0 [LC:203] Internal event
2025-02-27 18:37:04.f - M0 [LC:205] Received message. Queue length: 0
2025-02-27 18:37:04.f - M0 [LC:206] Internal event
2025-02-27 18:37:04.f - M0 [LC:207] Received message. Queue length: 0
2025-02-27 18:37:05.f - M0 [LC:208] Internal event
2025-02-27 18:37:05.f - M0 [LC:209] Internal event
2025-02-27 18:37:05.f - M0 [LC:210] Internal event
2025-02-27 18:37:06.f - M0 [LC:211] Internal event
2025-02-27 18:37:06.f - M0 [LC:212] Internal event
2025-02-27 18:37:06.f - M0 [LC:213] Internal event
2025-02-27 18:37:06.f - M0 [LC:214] Received message. Queue length: 0
2025-02-27 18:37:07.f - M0 [LC:215] Received message. Queue length: 0
2025-02-27 18:37:07.f - M0 [LC:216] Internal event
2025-02-27 18:37:07.f - M0 [LC:217] Internal event
2025-02-27 18:37:07.f - M0 [LC:218] Internal event
2025-02-27 18:37:08.f - M0 [LC:219] Internal event
2025-02-27 18:37:08.f - M0 [LC:220] Received message. Queue length: 0
2025-02-27 18:37:08.f - M0 [LC:221] Internal event
2025-02-27 18:37:08.f - M0 [LC:222] Received message. Queue length: 0
2025-02-27 18:37:09.f - M0 [LC:223] Internal event
2025-02-27 18:37:09.f - M0 [LC:224] Internal event
2025-02-27 18:37:09.f - M0 [LC:225] Internal event
2025-02-27 18:37:09.f - M0 [LC:226] Received message. Queue length: 0
2025-02-27 18:37:10.f - M0 [LC:227] Received message. Queue length: 0
2025-02-27 18:37:10.f - M0 [LC:228] Sent messages to all VMs
2025-02-27 18:37:10.f - M0 [LC:229] Sent messages to all VMs
2025-02-27 18:37:10.f - M0 [LC:230] Sent messages to all VMs
2025-02-27 18:37:11.f - M0 [LC:231] Internal event
2025-02-27 18:37:11.f - M0 [LC:232] Internal event
2025-02-27 18:37:11.f - M0 [LC:233] Internal event
2025-02-27 18:37:11.f - M0 [LC:234] Internal event
2025-02-27 18:37:12.f - M0 [LC:235] Received message. Queue length: 0
2025-02-27 18:37:12.f - M0 [LC:236] Internal event
2025-02-27 18:37:12.f - M0 [LC:237] Internal event
2025-02-27 18:37:12.f - M0 [LC:238] Internal event
2025-02-27 18:37:13.f - M0 [LC:239] Received message. Queue length: 0
2025-02-27 18:37:13.f - M0 [LC:240] Internal event
2025-02-27 18:37:13.f - M0 [LC:241] Sent messages to all VMs
2025-02-27 18:37:13.f - M0 [LC:242] Internal event
2025-02-27 18:37:14.f - M0 [LC:243] Internal event
2025-02-27 18:37:14.f - M0 [LC:244] Internal event
2025-02-27 18:37:14.f - M0 [LC:245] Sent message to VM 1
2025-02-27 18:37:14.f - M0 [LC:246] Internal event
2025-02-27 18:37:15.f - M0 [LC:247] Internal event
2025-02-27 18:37:15.f - M0 [LC:248] Internal event
2025-02-27 18:37:15.f - M0 [LC:250] Received message. Queue length: 0
2025-02-27 18:37:15.f - M0 [LC:251] Internal event
2025-02-27 18:37:16.f - M0 [LC:252] Internal event
2025-02-27 18:37:16.f - M0 [LC:253] Sent messages to all VMs
2025-02-27 18:37:17.f - M0 [LC:253] Stopped VM 0
