2025-02-27 18:36:16.f - M1 [LC:0] Initialized with clock rate 4 ticks/second
2025-02-27 18:36:16.f - M1 [LC:0] Connected to VM 0 on port 10000
2025-02-27 18:36:16.f - M1 [LC:0] Connected to VM 2 on port 10002
2025-02-27 18:36:16.f - M1 [LC:1] Started VM 1 with clock rate 4
2025-02-27 18:36:16.f - M1 [LC:1] Sent message to VM 2
2025-02-27 18:36:16.f - M1 [LC:2] Received message. Queue length: 0
2025-02-27 18:36:17.f - M1 [LC:3] Internal event
2025-02-27 18:36:17.f - M1 [LC:4] Sent message to VM 2
2025-02-27 18:36:17.f - M1 [LC:5] Internal event
2025-02-27 18:36:17.f - M1 [LC:6] Sent message to VM 0
2025-02-27 18:36:18.f - M1 [LC:7] Received message. Queue length: 0
2025-02-27 18:36:18.f - M1 [LC:8] Sent messages to all VMs
2025-02-27 18:36:18.f - M1 [LC:9] Internal event
2025-02-27 18:36:18.f - M1 [LC:10] Internal event
2025-02-27 18:36:19.f - M1 [LC:11] Sent messages to all VMs
2025-02-27 18:36:19.f - M1 [LC:12] Internal event
2025-02-27 18:36:19.f - M1 [LC:13] Internal event
2025-02-27 18:36:19.f - M1 [LC:14] Sent message to VM 0
2025-02-27 18:36:20.f - M1 [LC:15] Sent message to VM 0
2025-02-27 18:36:20.f - M1 [LC:16] Internal event
2025-02-27 18:36:20.f - M1 [LC:17] Internal event
2025-02-27 18:36:20.f - M1 [LC:19] Received message. Queue length: 0
2025-02-27 18:36:21.f - M1 [LC:20] Sent message to VM 2
2025-02-27 18:36:21.f - M1 [LC:21] Sent messages to all VMs
2025-02-27 18:36:21.f - M1 [LC:22] Sent message to VM 0
2025-02-27 18:36:21.f - M1 [LC:23] Sent message to VM 0
2025-02-27 18:36:22.f - M1 [LC:24] Internal event
2025-02-27 18:36:22.f - M1 [LC:26] Received message. Queue length: 0
2025-02-27 18:36:22.f - M1 [LC:27] Received message. Queue length: 0
2025-02-27 18:36:22.f - M1 [LC:28] Sent message to VM 0
2025-02-27 18:36:23.f - M1 [LC:29] Internal event
2025-02-27 18:36:23.f - M1 [LC:30] Internal event
2025-02-27 18:36:23.f - M1 [LC:31] Internal event
2025-02-27 18:36:23.f - M1 [LC:32] Internal event
2025-02-27 18:36:24.f - M1 [LC:33] Internal event
2025-02-27 18:36:24.f - M1 [LC:34] Internal event
2025-02-27 18:36:24.f - M1 [LC:35] Sent messages to all VMs
2025-02-27 18:36:24.f - M1 [LC:36] Internal event
2025-02-27 18:36:25.f - M1 [LC:37] Internal event
2025-02-27 18:36:25.f - M1 [LC:38] Sent messages to all VMs
2025-02-27 18:36:25.f - M1 [LC:39] Internal event
2025-02-27 18:36:25.f - M1 [LC:40] Internal event
2025-02-27 18:36:26.f - M1 [LC:41] Sent messages to all VMs
2025-02-27 18:36:26.f - M1 [LC:42] Sent message to VM 2
2025-02-27 18:36:26.f - M1 [LC:43] Internal event
2025-02-27 18:36:26.f - M1 [LC:44] Sent messages to all VMs
2025-02-27 18:36:27.f - M1 [LC:45] Internal event
2025-02-27 18:36:27.f - M1 [LC:47] Received message. Queue length: 0
2025-02-27 18:36:27.f - M1 [LC:48] Received message. Queue length: 0
2025-02-27 18:36:27.f - M1 [LC:49] Internal event
2025-02-27 18:36:28.f - M1 [LC:50] Internal event
2025-02-27 18:36:28.f - M1 [LC:51] Internal event
2025-02-27 18:36:28.f - M1 [LC:52] Received message. Queue length: 0
2025-02-27 18:36:28.f - M1 [LC:53] Internal event
2025-02-27 18:36:29.f - M1 [LC:54] Sent message to VM 2
2025-02-27 18:36:29.f - M1 [LC:55] Internal event
2025-02-27 18:36:29.f - M1 [LC:56] Internal event
2025-02-27 18:36:29.f - M1 [LC:57] Internal event
2025-02-27 18:36:30.f - M1 [LC:58] Internal event
2025-02-27 18:36:30.f - M1 [LC:59] Internal event
2025-02-27 18:36:30.f - M1 [LC:60] Sent message to VM 0
2025-02-27 18:36:30.f - M1 [LC:61] Sent message to VM 2
2025-02-27 18:36:31.f - M1 [LC:63] Received message. Queue length: 0
2025-02-27 18:36:31.f - M1 [LC:64] Internal event
2025-02-27 18:36:31.f - M1 [LC:65] Received message. Queue length: 0
2025-02-27 18:36:32.f - M1 [LC:66] Internal event
2025-02-27 18:36:32.f - M1 [LC:67] Received message. Queue length: 0
2025-02-27 18:36:32.f - M1 [LC:68] Sent message to VM 2
2025-02-27 18:36:32.f - M1 [LC:69] Internal event
2025-02-27 18:36:33.f - M1 [LC:70] Internal event
2025-02-27 18:36:33.f - M1 [LC:71] Internal event
2025-02-27 18:36:33.f - M1 [LC:72] Sent message to VM 2
2025-02-27 18:36:33.f - M1 [LC:74] Received message. Queue length: 0
2025-02-27 18:36:34.f - M1 [LC:75] Internal event
2025-02-27 18:36:34.f - M1 [LC:76] Received message. Queue length: 0
2025-02-27 18:36:34.f - M1 [LC:77] Sent message to VM 2
2025-02-27 18:36:34.f - M1 [LC:78] Received message. Queue length: 0
2025-02-27 18:36:35.f - M1 [LC:79] Internal event
2025-02-27 18:36:35.f - M1 [LC:80] Sent message to VM 0
2025-02-27 18:36:35.f - M1 [LC:81] Internal event
2025-02-27 18:36:35.f - M1 [LC:82] Internal event
2025-02-27 18:36:36.f - M1 [LC:83] Internal event
2025-02-27 18:36:36.f - M1 [LC:84] Internal event
2025-02-27 18:36:36.f - M1 [LC:85] Internal event
2025-02-27 18:36:36.f - M1 [LC:86] Sent message to VM 0
2025-02-27 18:36:37.f - M1 [LC:87] Received message. Queue length: 0
2025-02-27 18:36:37.f - M1 [LC:88] Internal event
2025-02-27 18:36:37.f - M1 [LC:89] Internal event
2025-02-27 18:36:37.f - M1 [LC:90] Internal event
2025-02-27 18:36:38.f - M1 [LC:91] Sent message to VM 0
2025-02-27 18:36:38.f - M1 [LC:92] Received message. Queue length: 0
2025-02-27 18:36:38.f - M1 [LC:93] Internal event
2025-02-27 18:36:38.f - M1 [LC:94] Sent messages to all VMs
2025-02-27 18:36:39.f - M1 [LC:95] Internal event
2025-02-27 18:36:39.f - M1 [LC:96] Internal event
2025-02-27 18:36:39.f - M1 [LC:97] Internal event
2025-02-27 18:36:39.f - M1 [LC:98] Internal event
2025-02-27 18:36:40.f - M1 [LC:99] Sent message to VM 2
2025-02-27 18:36:40.f - M1 [LC:100] Sent messages to all VMs
2025-02-27 18:36:40.f - M1 [LC:101] Sent message to VM 0
2025-02-27 18:36:40.f - M1 [LC:102] Sent messages to all VMs
2025-02-27 18:36:41.f - M1 [LC:103] Internal event
2025-02-27 18:36:41.f - M1 [LC:106] Received message. Queue length: 0
2025-02-27 18:36:41.f - M1 [LC:107] Sent message to VM 2
2025-02-27 18:36:41.f - M1 [LC:108] Internal event
2025-02-27 18:36:42.f - M1 [LC:109] Internal event
2025-02-27 18:36:42.f - M1 [LC:110] Internal event
2025-02-27 18:36:42.f - M1 [LC:111] Internal event
2025-02-27 18:36:42.f - M1 [LC:112] Received message. Queue length: 0
2025-02-27 18:36:43.f - M1 [LC:113] Received message. Queue length: 0
2025-02-27 18:36:43.f - M1 [LC:114] Internal event
2025-02-27 18:36:43.f - M1 [LC:115] Sent messages to all VMs
2025-02-27 18:36:43.f - M1 [LC:116] Internal event
2025-02-27 18:36:44.f - M1 [LC:117] Internal event
2025-02-27 18:36:44.f - M1 [LC:118] Internal event
2025-02-27 18:36:44.f - M1 [LC:119] Internal event
2025-02-27 18:36:44.f - M1 [LC:120] Internal event
2025-02-27 18:36:45.f - M1 [LC:121] Sent message to VM 2
2025-02-27 18:36:45.f - M1 [LC:123] Received message. Queue length: 0
2025-02-27 18:36:45.f - M1 [LC:124] Internal event
2025-02-27 18:36:45.f - M1 [LC:125] Received message. Queue length: 0
2025-02-27 18:36:46.f - M1 [LC:126] Internal event
2025-02-27 18:36:46.f - M1 [LC:127] Received message. Queue length: 0
2025-02-27 18:36:46.f - M1 [LC:128] Internal event
2025-02-27 18:36:46.f - M1 [LC:129] Internal event
2025-02-27 18:36:47.f - M1 [LC:130] Internal event
2025-02-27 18:36:47.f - M1 [LC:131] Internal event
2025-02-27 18:36:47.f - M1 [LC:132] Internal event
2025-02-27 18:36:47.f - M1 [LC:133] Received message. Queue length: 0
2025-02-27 18:36:48.f - M1 [LC:134] Received message. Queue length: 0
2025-02-27 18:36:48.f - M1 [LC:135] Received message. Queue length: 0
2025-02-27 18:36:48.f - M1 [LC:136] Sent message to VM 0
2025-02-27 18:36:48.f - M1 [LC:137] Internal event
2025-02-27 18:36:49.f - M1 [LC:138] Internal event
2025-02-27 18:36:49.f - M1 [LC:140] Received message. Queue length: 0
2025-02-27 18:36:49.f - M1 [LC:141] Internal event
2025-02-27 18:36:50.f - M1 [LC:142] Sent messages to all VMs
2025-02-27 18:36:50.f - M1 [LC:143] Internal event
2025-02-27 18:36:50.f - M1 [LC:144] Sent message to VM 0
2025-02-27 18:36:50.f - M1 [LC:145] Sent message to VM 2
2025-02-27 18:36:51.f - M1 [LC:147] Received message. Queue length: 0
2025-02-27 18:36:51.f - M1 [LC:148] Sent message to VM 0
2025-02-27 18:36:51.f - M1 [LC:149] Internal event
2025-02-27 18:36:51.f - M1 [LC:151] Received message. Queue length: 0
2025-02-27 18:36:52.f - M1 [LC:152] Received message. Queue length: 0
2025-02-27 18:36:52.f - M1 [LC:153] Internal event
2025-02-27 18:36:52.f - M1 [LC:154] Internal event
2025-02-27 18:36:52.f - M1 [LC:155] Sent message to VM 2
2025-02-27 18:36:53.f - M1 [LC:156] Internal event
2025-02-27 18:36:53.f - M1 [LC:157] Internal event
2025-02-27 18:36:53.f - M1 [LC:158] Internal event
2025-02-27 18:36:53.f - M1 [LC:159] Internal event
2025-02-27 18:36:54.f - M1 [LC:160] Received message. Queue length: 0
2025-02-27 18:36:54.f - M1 [LC:161] Received message. Queue length: 0
2025-02-27 18:36:54.f - M1 [LC:162] Received message. Queue length: 0
2025-02-27 18:36:54.f - M1 [LC:163] Internal event
2025-02-27 18:36:55.f - M1 [LC:164] Sent messages to all VMs
2025-02-27 18:36:55.f - M1 [LC:165] Sent message to VM 0
2025-02-27 18:36:55.f - M1 [LC:166] Sent message to VM 2
2025-02-27 18:36:55.f - M1 [LC:167] Sent message to VM 2
2025-02-27 18:36:56.f - M1 [LC:168] Internal event
2025-02-27 18:36:56.f - M1 [LC:169] Internal event
2025-02-27 18:36:56.f - M1 [LC:170] Internal event
2025-02-27 18:36:56.f - M1 [LC:171] Received message. Queue length: 0
2025-02-27 18:36:57.f - M1 [LC:172] Internal event
2025-02-27 18:36:57.f - M1 [LC:173] Sent messages to all VMs
2025-02-27 18:36:57.f - M1 [LC:174] Internal event
2025-02-27 18:36:57.f - M1 [LC:175] Internal event
2025-02-27 18:36:58.f - M1 [LC:176] Internal event
2025-02-27 18:36:58.f - M1 [LC:178] Received message. Queue length: 0
2025-02-27 18:36:58.f - M1 [LC:179] Internal event
2025-02-27 18:36:58.f - M1 [LC:180] Internal event
2025-02-27 18:36:59.f - M1 [LC:181] Received message. Queue length: 0
2025-02-27 18:36:59.f - M1 [LC:182] Received message. Queue length: 0
2025-02-27 18:36:59.f - M1 [LC:183] Internal event
2025-02-27 18:36:59.f - M1 [LC:184] Received message. Queue length: 0
2025-02-27 18:37:00.f - M1 [LC:185] Received message. Queue length: 0
2025-02-27 18:37:00.f - M1 [LC:186] Sent message to VM 2
2025-02-27 18:37:00.f - M1 [LC:187] Received message. Queue length: 0
2025-02-27 18:37:00.f - M1 [LC:188] Received message. Queue length: 0
2025-02-27 18:37:01.f - M1 [LC:189] Received message. Queue length: 0
2025-02-27 18:37:01.f - M1 [LC:190] Internal event
2025-02-27 18:37:01.f - M1 [LC:191] Internal event
2025-02-27 18:37:01.f - M1 [LC:192] Sent message to VM 0
2025-02-27 18:37:02.f - M1 [LC:193] Sent message to VM 0
2025-02-27 18:37:02.f - M1 [LC:194] Internal event
2025-02-27 18:37:02.f - M1 [LC:196] Received message. Queue length: 0
2025-02-27 18:37:02.f - M1 [LC:197] Internal event
2025-02-27 18:37:03.f - M1 [LC:198] Sent message to VM 0
2025-02-27 18:37:03.f - M1 [LC:199] Internal event
2025-02-27 18:37:03.f - M1 [LC:201] Received message. Queue length: 0
2025-02-27 18:37:03.f - M1 [LC:202] Received message. Queue length: 0
2025-02-27 18:37:04.f - M1 [LC:203] Internal event
2025-02-27 18:37:04.f - M1 [LC:204] Sent message to VM 0
2025-02-27 18:37:04.f - M1 [LC:205] Internal event
2025-02-27 18:37:04.f - M1 [LC:206] Sent messages to all VMs
2025-02-27 18:37:05.f - M1 [LC:207] Internal event
2025-02-27 18:37:05.f - M1 [LC:208] Internal event
2025-02-27 18:37:05.f - M1 [LC:209] Internal event
2025-02-27 18:37:05.f - M1 [LC:210] Internal event
2025-02-27 18:37:06.f - M1 [LC:211] Internal event
2025-02-27 18:37:06.f - M1 [LC:212] Internal event
2025-02-27 18:37:06.f - M1 [LC:213] Sent messages to all VMs
2025-02-27 18:37:07.f - M1 [LC:214] Sent messages to all VMs
2025-02-27 18:37:07.f - M1 [LC:215] Internal event
2025-02-27 18:37:07.f - M1 [LC:216] Internal event
2025-02-27 18:37:07.f - M1 [LC:217] Internal event
2025-02-27 18:37:08.f - M1 [LC:218] Internal event
2025-02-27 18:37:08.f - M1 [LC:219] Sent message to VM 0
2025-02-27 18:37:08.f - M1 [LC:220] Received message. Queue length: 0
2025-02-27 18:37:08.f - M1 [LC:221] Sent message to VM 0
2025-02-27 18:37:09.f - M1 [LC:222] Internal event
2025-02-27 18:37:09.f - M1 [LC:223] Internal event
2025-02-27 18:37:09.f - M1 [LC:224] Sent messages to all VMs
2025-02-27 18:37:09.f - M1 [LC:225] Sent message to VM 0
2025-02-27 18:37:10.f - M1 [LC:226] Internal event
2025-02-27 18:37:10.f - M1 [LC:227] Internal event
2025-02-27 18:37:10.f - M1 [LC:229] Received message. Queue length: 0
2025-02-27 18:37:10.f - M1 [LC:230] Received message. Queue length: 0
2025-02-27 18:37:11.f - M1 [LC:231] Received message. Queue length: 0
2025-02-27 18:37:11.f - M1 [LC:232] Internal event
2025-02-27 18:37:11.f - M1 [LC:233] Internal event
2025-02-27 18:37:11.f - M1 [LC:234] Sent message to VM 0
2025-02-27 18:37:12.f - M1 [LC:235] Internal event
2025-02-27 18:37:12.f - M1 [LC:236] Sent message to VM 2
2025-02-27 18:37:12.f - M1 [LC:237] Internal event
2025-02-27 18:37:12.f - M1 [LC:238] Internal event
2025-02-27 18:37:13.f - M1 [LC:239] Received message. Queue length: 0
2025-02-27 18:37:13.f - M1 [LC:240] Sent message to VM 2
2025-02-27 18:37:13.f - M1 [LC:241] Internal event
2025-02-27 18:37:13.f - M1 [LC:242] Received message. Queue length: 0
2025-02-27 18:37:14.f - M1 [LC:243] Internal event
2025-02-27 18:37:14.f - M1 [LC:244] Internal event
2025-02-27 18:37:14.f - M1 [LC:245] Received message. Queue length: 0
2025-02-27 18:37:14.f - M1 [LC:246] Received message. Queue length: 0
2025-02-27 18:37:15.f - M1 [LC:247] Internal event
2025-02-27 18:37:15.f - M1 [LC:248] Internal event
2025-02-27 18:37:15.f - M1 [LC:249] Sent messages to all VMs
2025-02-27 18:37:15.f - M1 [LC:250] Internal event
2025-02-27 18:37:16.f - M1 [LC:251] Internal event
2025-02-27 18:37:16.f - M1 [LC:252] Internal event
2025-02-27 18:37:16.f - M1 [LC:254] Received message. Queue length: 0
2025-02-27 18:37:16.f - M1 [LC:255] Internal event
2025-02-27 18:37:17.f - M1 [LC:256] Sent message to VM 0
2025-02-27 18:37:17.f - M1 [LC:257] Sent message to VM 0
2025-02-27 18:37:18.f - M1 [LC:257] Stopped VM 1
