2025-02-27 18:43:37.f - M0 [LC:0] Initialized with clock rate 6 ticks/second
2025-02-27 18:43:37.f - M0 [LC:0] Connected to VM 1 on port 10001
2025-02-27 18:43:37.f - M0 [LC:0] Connected to VM 2 on port 10002
2025-02-27 18:43:37.f - M0 [LC:1] Internal event
2025-02-27 18:43:37.f - M0 [LC:1] Started VM 0 with clock rate 6
2025-02-27 18:43:37.f - M0 [LC:2] Internal event
2025-02-27 18:43:37.f - M0 [LC:3] Internal event
2025-02-27 18:43:37.f - M0 [LC:4] Internal event
2025-02-27 18:43:37.f - M0 [LC:5] Internal event
2025-02-27 18:43:37.f - M0 [LC:6] Internal event
2025-02-27 18:43:38.f - M0 [LC:7] Internal event
2025-02-27 18:43:38.f - M0 [LC:8] Internal event
2025-02-27 18:43:38.f - M0 [LC:9] Internal event
2025-02-27 18:43:38.f - M0 [LC:10] Internal event
2025-02-27 18:43:38.f - M0 [LC:11] Internal event
2025-02-27 18:43:38.f - M0 [LC:12] Internal event
2025-02-27 18:43:39.f - M0 [LC:13] Internal event
2025-02-27 18:43:39.f - M0 [LC:14] Internal event
2025-02-27 18:43:39.f - M0 [LC:15] Internal event
2025-02-27 18:43:39.f - M0 [LC:16] Internal event
2025-02-27 18:43:39.f - M0 [LC:17] Internal event
2025-02-27 18:43:39.f - M0 [LC:18] Sent messages to all VMs
2025-02-27 18:43:40.f - M0 [LC:19] Sent message to VM 2
2025-02-27 18:43:40.f - M0 [LC:20] Internal event
2025-02-27 18:43:40.f - M0 [LC:21] Internal event
2025-02-27 18:43:40.f - M0 [LC:22] Internal event
2025-02-27 18:43:40.f - M0 [LC:23] Received message. Queue length: 0
2025-02-27 18:43:40.f - M0 [LC:24] Internal event
2025-02-27 18:43:41.f - M0 [LC:25] Sent message to VM 1
2025-02-27 18:43:41.f - M0 [LC:26] Internal event
2025-02-27 18:43:41.f - M0 [LC:27] Internal event
2025-02-27 18:43:41.f - M0 [LC:28] Internal event
2025-02-27 18:43:41.f - M0 [LC:29] Internal event
2025-02-27 18:43:41.f - M0 [LC:30] Sent message to VM 1
2025-02-27 18:43:42.f - M0 [LC:31] Internal event
2025-02-27 18:43:42.f - M0 [LC:32] Internal event
2025-02-27 18:43:42.f - M0 [LC:33] Internal event
2025-02-27 18:43:42.f - M0 [LC:34] Internal event
2025-02-27 18:43:42.f - M0 [LC:35] Sent message to VM 2
2025-02-27 18:43:42.f - M0 [LC:36] Internal event
2025-02-27 18:43:43.f - M0 [LC:37] Internal event
2025-02-27 18:43:43.f - M0 [LC:38] Internal event
2025-02-27 18:43:43.f - M0 [LC:39] Received message. Queue length: 0
2025-02-27 18:43:43.f - M0 [LC:40] Sent messages to all VMs
2025-02-27 18:43:43.f - M0 [LC:41] Internal event
2025-02-27 18:43:44.f - M0 [LC:42] Sent message to VM 2
2025-02-27 18:43:44.f - M0 [LC:43] Internal event
2025-02-27 18:43:44.f - M0 [LC:44] Internal event
2025-02-27 18:43:44.f - M0 [LC:45] Internal event
2025-02-27 18:43:44.f - M0 [LC:46] Received message. Queue length: 0
2025-02-27 18:43:44.f - M0 [LC:47] Sent messages to all VMs
2025-02-27 18:43:45.f - M0 [LC:48] Internal event
2025-02-27 18:43:45.f - M0 [LC:49] Sent messages to all VMs
2025-02-27 18:43:45.f - M0 [LC:50] Internal event
2025-02-27 18:43:45.f - M0 [LC:51] Internal event
2025-02-27 18:43:45.f - M0 [LC:52] Sent message to VM 1
2025-02-27 18:43:45.f - M0 [LC:53] Sent message to VM 2
2025-02-27 18:43:46.f - M0 [LC:54] Sent messages to all VMs
2025-02-27 18:43:46.f - M0 [LC:55] Internal event
2025-02-27 18:43:46.f - M0 [LC:56] Internal event
2025-02-27 18:43:46.f - M0 [LC:57] Sent message to VM 1
2025-02-27 18:43:46.f - M0 [LC:58] Internal event
2025-02-27 18:43:46.f - M0 [LC:59] Sent message to VM 2
2025-02-27 18:43:47.f - M0 [LC:60] Sent messages to all VMs
2025-02-27 18:43:47.f - M0 [LC:61] Sent message to VM 1
2025-02-27 18:43:47.f - M0 [LC:62] Internal event
2025-02-27 18:43:47.f - M0 [LC:63] Internal event
2025-02-27 18:43:47.f - M0 [LC:64] Sent messages to all VMs
2025-02-27 18:43:47.f - M0 [LC:65] Internal event
2025-02-27 18:43:48.f - M0 [LC:66] Sent message to VM 1
2025-02-27 18:43:48.f - M0 [LC:67] Sent messages to all VMs
2025-02-27 18:43:48.f - M0 [LC:68] Internal event
2025-02-27 18:43:48.f - M0 [LC:69] Sent message to VM 2
2025-02-27 18:43:48.f - M0 [LC:70] Sent message to VM 2
2025-02-27 18:43:48.f - M0 [LC:71] Internal event
2025-02-27 18:43:49.f - M0 [LC:72] Sent message to VM 1
2025-02-27 18:43:49.f - M0 [LC:73] Sent message to VM 2
2025-02-27 18:43:49.f - M0 [LC:74] Sent message to VM 1
2025-02-27 18:43:49.f - M0 [LC:75] Sent message to VM 1
2025-02-27 18:43:49.f - M0 [LC:76] Internal event
2025-02-27 18:43:49.f - M0 [LC:77] Received message. Queue length: 0
2025-02-27 18:43:50.f - M0 [LC:78] Internal event
2025-02-27 18:43:50.f - M0 [LC:79] Internal event
2025-02-27 18:43:50.f - M0 [LC:80] Internal event
2025-02-27 18:43:50.f - M0 [LC:81] Internal event
2025-02-27 18:43:50.f - M0 [LC:82] Internal event
2025-02-27 18:43:51.f - M0 [LC:83] Internal event
2025-02-27 18:43:51.f - M0 [LC:84] Internal event
2025-02-27 18:43:51.f - M0 [LC:85] Internal event
2025-02-27 18:43:51.f - M0 [LC:86] Internal event
2025-02-27 18:43:51.f - M0 [LC:87] Sent message to VM 2
2025-02-27 18:43:51.f - M0 [LC:88] Internal event
2025-02-27 18:43:52.f - M0 [LC:89] Internal event
2025-02-27 18:43:52.f - M0 [LC:90] Internal event
2025-02-27 18:43:52.f - M0 [LC:91] Internal event
2025-02-27 18:43:52.f - M0 [LC:92] Received message. Queue length: 0
2025-02-27 18:43:52.f - M0 [LC:93] Internal event
2025-02-27 18:43:52.f - M0 [LC:94] Sent messages to all VMs
2025-02-27 18:43:53.f - M0 [LC:95] Sent message to VM 1
2025-02-27 18:43:53.f - M0 [LC:96] Internal event
2025-02-27 18:43:53.f - M0 [LC:97] Internal event
2025-02-27 18:43:53.f - M0 [LC:98] Internal event
2025-02-27 18:43:53.f - M0 [LC:99] Internal event
2025-02-27 18:43:53.f - M0 [LC:100] Internal event
2025-02-27 18:43:54.f - M0 [LC:101] Sent message to VM 2
2025-02-27 18:43:54.f - M0 [LC:102] Sent message to VM 2
2025-02-27 18:43:54.f - M0 [LC:103] Sent message to VM 1
2025-02-27 18:43:54.f - M0 [LC:104] Sent messages to all VMs
2025-02-27 18:43:54.f - M0 [LC:105] Internal event
2025-02-27 18:43:54.f - M0 [LC:106] Sent message to VM 2
2025-02-27 18:43:55.f - M0 [LC:107] Internal event
2025-02-27 18:43:55.f - M0 [LC:108] Internal event
2025-02-27 18:43:55.f - M0 [LC:109] Internal event
2025-02-27 18:43:55.f - M0 [LC:110] Internal event
2025-02-27 18:43:55.f - M0 [LC:111] Sent messages to all VMs
2025-02-27 18:43:55.f - M0 [LC:112] Internal event
2025-02-27 18:43:56.f - M0 [LC:113] Internal event
2025-02-27 18:43:56.f - M0 [LC:114] Internal event
2025-02-27 18:43:56.f - M0 [LC:115] Sent message to VM 1
2025-02-27 18:43:56.f - M0 [LC:116] Received message. Queue length: 0
2025-02-27 18:43:56.f - M0 [LC:117] Internal event
2025-02-27 18:43:56.f - M0 [LC:118] Sent message to VM 1
2025-02-27 18:43:57.f - M0 [LC:119] Internal event
2025-02-27 18:43:57.f - M0 [LC:120] Internal event
2025-02-27 18:43:57.f - M0 [LC:121] Sent messages to all VMs
2025-02-27 18:43:57.f - M0 [LC:122] Sent message to VM 1
2025-02-27 18:43:57.f - M0 [LC:123] Sent message to VM 2
2025-02-27 18:43:57.f - M0 [LC:124] Internal event
2025-02-27 18:43:58.f - M0 [LC:125] Internal event
2025-02-27 18:43:58.f - M0 [LC:126] Sent messages to all VMs
2025-02-27 18:43:58.f - M0 [LC:127] Internal event
2025-02-27 18:43:58.f - M0 [LC:128] Internal event
2025-02-27 18:43:58.f - M0 [LC:129] Internal event
2025-02-27 18:43:59.f - M0 [LC:130] Internal event
2025-02-27 18:43:59.f - M0 [LC:131] Internal event
2025-02-27 18:43:59.f - M0 [LC:132] Internal event
2025-02-27 18:43:59.f - M0 [LC:133] Sent message to VM 1
2025-02-27 18:43:59.f - M0 [LC:134] Internal event
2025-02-27 18:43:59.f - M0 [LC:135] Sent message to VM 2
2025-02-27 18:44:00.f - M0 [LC:136] Internal event
2025-02-27 18:44:00.f - M0 [LC:137] Sent messages to all VMs
2025-02-27 18:44:00.f - M0 [LC:138] Internal event
2025-02-27 18:44:00.f - M0 [LC:139] Internal event
2025-02-27 18:44:00.f - M0 [LC:140] Internal event
2025-02-27 18:44:00.f - M0 [LC:141] Internal event
2025-02-27 18:44:01.f - M0 [LC:142] Received message. Queue length: 0
2025-02-27 18:44:01.f - M0 [LC:143] Internal event
2025-02-27 18:44:01.f - M0 [LC:144] Internal event
2025-02-27 18:44:01.f - M0 [LC:145] Internal event
2025-02-27 18:44:01.f - M0 [LC:146] Received message. Queue length: 0
2025-02-27 18:44:01.f - M0 [LC:147] Sent message to VM 1
2025-02-27 18:44:02.f - M0 [LC:148] Internal event
2025-02-27 18:44:02.f - M0 [LC:149] Sent messages to all VMs
2025-02-27 18:44:02.f - M0 [LC:150] Sent messages to all VMs
2025-02-27 18:44:02.f - M0 [LC:151] Internal event
2025-02-27 18:44:02.f - M0 [LC:152] Internal event
2025-02-27 18:44:02.f - M0 [LC:153] Internal event
2025-02-27 18:44:03.f - M0 [LC:154] Internal event
2025-02-27 18:44:03.f - M0 [LC:155] Internal event
2025-02-27 18:44:03.f - M0 [LC:156] Internal event
2025-02-27 18:44:03.f - M0 [LC:157] Sent messages to all VMs
2025-02-27 18:44:03.f - M0 [LC:158] Internal event
2025-02-27 18:44:03.f - M0 [LC:159] Internal event
2025-02-27 18:44:04.f - M0 [LC:160] Internal event
2025-02-27 18:44:04.f - M0 [LC:161] Internal event
2025-02-27 18:44:04.f - M0 [LC:162] Sent message to VM 1
2025-02-27 18:44:04.f - M0 [LC:163] Internal event
2025-02-27 18:44:04.f - M0 [LC:164] Received message. Queue length: 0
2025-02-27 18:44:04.f - M0 [LC:165] Internal event
2025-02-27 18:44:05.f - M0 [LC:166] Received message. Queue length: 0
2025-02-27 18:44:05.f - M0 [LC:167] Internal event
2025-02-27 18:44:05.f - M0 [LC:168] Internal event
2025-02-27 18:44:05.f - M0 [LC:169] Internal event
2025-02-27 18:44:05.f - M0 [LC:170] Internal event
2025-02-27 18:44:06.f - M0 [LC:171] Internal event
2025-02-27 18:44:06.f - M0 [LC:172] Internal event
2025-02-27 18:44:06.f - M0 [LC:173] Internal event
2025-02-27 18:44:06.f - M0 [LC:174] Sent messages to all VMs
2025-02-27 18:44:06.f - M0 [LC:175] Internal event
2025-02-27 18:44:06.f - M0 [LC:176] Internal event
2025-02-27 18:44:07.f - M0 [LC:177] Internal event
2025-02-27 18:44:07.f - M0 [LC:178] Sent message to VM 1
2025-02-27 18:44:07.f - M0 [LC:179] Sent message to VM 1
2025-02-27 18:44:07.f - M0 [LC:180] Internal event
2025-02-27 18:44:07.f - M0 [LC:181] Internal event
2025-02-27 18:44:07.f - M0 [LC:182] Internal event
2025-02-27 18:44:08.f - M0 [LC:183] Sent message to VM 2
2025-02-27 18:44:08.f - M0 [LC:184] Internal event
2025-02-27 18:44:08.f - M0 [LC:185] Received message. Queue length: 0
2025-02-27 18:44:08.f - M0 [LC:186] Internal event
2025-02-27 18:44:08.f - M0 [LC:187] Internal event
2025-02-27 18:44:08.f - M0 [LC:188] Internal event
2025-02-27 18:44:09.f - M0 [LC:189] Internal event
2025-02-27 18:44:09.f - M0 [LC:190] Sent message to VM 2
2025-02-27 18:44:09.f - M0 [LC:191] Internal event
2025-02-27 18:44:09.f - M0 [LC:192] Internal event
2025-02-27 18:44:09.f - M0 [LC:193] Internal event
2025-02-27 18:44:09.f - M0 [LC:194] Sent message to VM 1
2025-02-27 18:44:10.f - M0 [LC:195] Internal event
2025-02-27 18:44:10.f - M0 [LC:196] Internal event
2025-02-27 18:44:10.f - M0 [LC:197] Internal event
2025-02-27 18:44:10.f - M0 [LC:198] Internal event
2025-02-27 18:44:10.f - M0 [LC:199] Received message. Queue length: 0
2025-02-27 18:44:10.f - M0 [LC:200] Sent message to VM 2
2025-02-27 18:44:11.f - M0 [LC:201] Internal event
2025-02-27 18:44:11.f - M0 [LC:202] Received message. Queue length: 0
2025-02-27 18:44:11.f - M0 [LC:203] Received message. Queue length: 0
2025-02-27 18:44:11.f - M0 [LC:204] Internal event
2025-02-27 18:44:11.f - M0 [LC:205] Received message. Queue length: 0
2025-02-27 18:44:11.f - M0 [LC:206] Internal event
2025-02-27 18:44:12.f - M0 [LC:207] Internal event
2025-02-27 18:44:12.f - M0 [LC:208] Internal event
2025-02-27 18:44:12.f - M0 [LC:209] Internal event
2025-02-27 18:44:12.f - M0 [LC:210] Sent messages to all VMs
2025-02-27 18:44:12.f - M0 [LC:211] Internal event
2025-02-27 18:44:12.f - M0 [LC:212] Internal event
2025-02-27 18:44:13.f - M0 [LC:213] Sent messages to all VMs
2025-02-27 18:44:13.f - M0 [LC:214] Internal event
2025-02-27 18:44:13.f - M0 [LC:215] Internal event
2025-02-27 18:44:13.f - M0 [LC:216] Sent message to VM 2
2025-02-27 18:44:13.f - M0 [LC:217] Internal event
2025-02-27 18:44:14.f - M0 [LC:218] Internal event
2025-02-27 18:44:14.f - M0 [LC:219] Internal event
2025-02-27 18:44:14.f - M0 [LC:220] Internal event
2025-02-27 18:44:14.f - M0 [LC:221] Received message. Queue length: 0
2025-02-27 18:44:14.f - M0 [LC:222] Internal event
2025-02-27 18:44:14.f - M0 [LC:223] Internal event
2025-02-27 18:44:15.f - M0 [LC:224] Internal event
2025-02-27 18:44:15.f - M0 [LC:225] Sent messages to all VMs
2025-02-27 18:44:15.f - M0 [LC:226] Internal event
2025-02-27 18:44:15.f - M0 [LC:227] Internal event
2025-02-27 18:44:15.f - M0 [LC:228] Internal event
2025-02-27 18:44:15.f - M0 [LC:229] Internal event
2025-02-27 18:44:16.f - M0 [LC:230] Internal event
2025-02-27 18:44:16.f - M0 [LC:231] Internal event
2025-02-27 18:44:16.f - M0 [LC:232] Internal event
2025-02-27 18:44:16.f - M0 [LC:233] Internal event
2025-02-27 18:44:16.f - M0 [LC:234] Internal event
2025-02-27 18:44:16.f - M0 [LC:235] Received message. Queue length: 0
2025-02-27 18:44:17.f - M0 [LC:236] Internal event
2025-02-27 18:44:17.f - M0 [LC:237] Received message. Queue length: 0
2025-02-27 18:44:17.f - M0 [LC:238] Internal event
2025-02-27 18:44:17.f - M0 [LC:239] Internal event
2025-02-27 18:44:17.f - M0 [LC:240] Internal event
2025-02-27 18:44:17.f - M0 [LC:241] Internal event
2025-02-27 18:44:18.f - M0 [LC:242] Internal event
2025-02-27 18:44:18.f - M0 [LC:243] Received message. Queue length: 0
2025-02-27 18:44:18.f - M0 [LC:244] Sent message to VM 1
2025-02-27 18:44:18.f - M0 [LC:245] Internal event
2025-02-27 18:44:18.f - M0 [LC:246] Internal event
2025-02-27 18:44:18.f - M0 [LC:247] Internal event
2025-02-27 18:44:19.f - M0 [LC:248] Internal event
2025-02-27 18:44:19.f - M0 [LC:249] Internal event
2025-02-27 18:44:19.f - M0 [LC:250] Internal event
2025-02-27 18:44:19.f - M0 [LC:251] Sent message to VM 1
2025-02-27 18:44:19.f - M0 [LC:252] Sent messages to all VMs
2025-02-27 18:44:19.f - M0 [LC:253] Internal event
2025-02-27 18:44:20.f - M0 [LC:254] Internal event
2025-02-27 18:44:20.f - M0 [LC:255] Internal event
2025-02-27 18:44:20.f - M0 [LC:256] Internal event
2025-02-27 18:44:20.f - M0 [LC:257] Sent message to VM 1
2025-02-27 18:44:20.f - M0 [LC:258] Internal event
2025-02-27 18:44:21.f - M0 [LC:259] Internal event
2025-02-27 18:44:21.f - M0 [LC:260] Internal event
2025-02-27 18:44:21.f - M0 [LC:261] Sent messages to all VMs
2025-02-27 18:44:21.f - M0 [LC:262] Internal event
2025-02-27 18:44:21.f - M0 [LC:263] Internal event
2025-02-27 18:44:21.f - M0 [LC:264] Sent message to VM 1
2025-02-27 18:44:22.f - M0 [LC:265] Sent messages to all VMs
2025-02-27 18:44:22.f - M0 [LC:266] Sent message to VM 2
2025-02-27 18:44:22.f - M0 [LC:267] Internal event
2025-02-27 18:44:22.f - M0 [LC:268] Sent message to VM 2
2025-02-27 18:44:22.f - M0 [LC:269] Sent messages to all VMs
2025-02-27 18:44:22.f - M0 [LC:270] Sent message to VM 1
2025-02-27 18:44:23.f - M0 [LC:271] Sent messages to all VMs
2025-02-27 18:44:23.f - M0 [LC:272] Internal event
2025-02-27 18:44:23.f - M0 [LC:273] Internal event
2025-02-27 18:44:23.f - M0 [LC:274] Sent messages to all VMs
2025-02-27 18:44:23.f - M0 [LC:275] Sent message to VM 2
2025-02-27 18:44:23.f - M0 [LC:276] Sent message to VM 2
2025-02-27 18:44:24.f - M0 [LC:277] Sent message to VM 1
2025-02-27 18:44:24.f - M0 [LC:278] Sent message to VM 2
2025-02-27 18:44:24.f - M0 [LC:279] Sent message to VM 1
2025-02-27 18:44:24.f - M0 [LC:280] Sent messages to all VMs
2025-02-27 18:44:24.f - M0 [LC:281] Internal event
2025-02-27 18:44:24.f - M0 [LC:282] Sent messages to all VMs
2025-02-27 18:44:25.f - M0 [LC:283] Internal event
2025-02-27 18:44:25.f - M0 [LC:284] Internal event
2025-02-27 18:44:25.f - M0 [LC:285] Internal event
2025-02-27 18:44:25.f - M0 [LC:286] Sent message to VM 1
2025-02-27 18:44:25.f - M0 [LC:287] Internal event
2025-02-27 18:44:25.f - M0 [LC:288] Received message. Queue length: 0
2025-02-27 18:44:26.f - M0 [LC:289] Internal event
2025-02-27 18:44:26.f - M0 [LC:290] Received message. Queue length: 0
2025-02-27 18:44:26.f - M0 [LC:291] Internal event
2025-02-27 18:44:26.f - M0 [LC:292] Sent messages to all VMs
2025-02-27 18:44:26.f - M0 [LC:293] Internal event
2025-02-27 18:44:26.f - M0 [LC:294] Sent messages to all VMs
2025-02-27 18:44:27.f - M0 [LC:295] Internal event
2025-02-27 18:44:27.f - M0 [LC:296] Internal event
2025-02-27 18:44:27.f - M0 [LC:297] Sent message to VM 2
2025-02-27 18:44:27.f - M0 [LC:298] Internal event
2025-02-27 18:44:27.f - M0 [LC:299] Internal event
2025-02-27 18:44:28.f - M0 [LC:300] Sent messages to all VMs
2025-02-27 18:44:28.f - M0 [LC:301] Internal event
2025-02-27 18:44:28.f - M0 [LC:302] Internal event
2025-02-27 18:44:28.f - M0 [LC:303] Sent messages to all VMs
2025-02-27 18:44:28.f - M0 [LC:304] Sent messages to all VMs
2025-02-27 18:44:28.f - M0 [LC:305] Internal event
2025-02-27 18:44:29.f - M0 [LC:306] Internal event
2025-02-27 18:44:29.f - M0 [LC:307] Internal event
2025-02-27 18:44:29.f - M0 [LC:308] Sent message to VM 1
2025-02-27 18:44:29.f - M0 [LC:309] Internal event
2025-02-27 18:44:29.f - M0 [LC:310] Internal event
2025-02-27 18:44:29.f - M0 [LC:311] Sent message to VM 2
2025-02-27 18:44:30.f - M0 [LC:312] Internal event
2025-02-27 18:44:30.f - M0 [LC:313] Internal event
2025-02-27 18:44:30.f - M0 [LC:314] Received message. Queue length: 0
2025-02-27 18:44:30.f - M0 [LC:315] Internal event
2025-02-27 18:44:30.f - M0 [LC:316] Sent message to VM 1
2025-02-27 18:44:30.f - M0 [LC:317] Internal event
2025-02-27 18:44:31.f - M0 [LC:318] Sent messages to all VMs
2025-02-27 18:44:31.f - M0 [LC:319] Internal event
2025-02-27 18:44:31.f - M0 [LC:320] Internal event
2025-02-27 18:44:31.f - M0 [LC:321] Internal event
2025-02-27 18:44:31.f - M0 [LC:322] Internal event
2025-02-27 18:44:31.f - M0 [LC:323] Internal event
2025-02-27 18:44:32.f - M0 [LC:324] Internal event
2025-02-27 18:44:32.f - M0 [LC:325] Internal event
2025-02-27 18:44:32.f - M0 [LC:326] Internal event
2025-02-27 18:44:32.f - M0 [LC:327] Internal event
2025-02-27 18:44:32.f - M0 [LC:328] Received message. Queue length: 0
2025-02-27 18:44:32.f - M0 [LC:329] Internal event
2025-02-27 18:44:33.f - M0 [LC:330] Internal event
2025-02-27 18:44:33.f - M0 [LC:331] Internal event
2025-02-27 18:44:33.f - M0 [LC:332] Internal event
2025-02-27 18:44:33.f - M0 [LC:333] Sent message to VM 1
2025-02-27 18:44:33.f - M0 [LC:334] Sent message to VM 2
2025-02-27 18:44:33.f - M0 [LC:335] Internal event
2025-02-27 18:44:34.f - M0 [LC:336] Sent message to VM 2
2025-02-27 18:44:34.f - M0 [LC:337] Internal event
2025-02-27 18:44:34.f - M0 [LC:338] Sent message to VM 2
2025-02-27 18:44:34.f - M0 [LC:339] Internal event
2025-02-27 18:44:34.f - M0 [LC:340] Internal event
2025-02-27 18:44:35.f - M0 [LC:341] Internal event
2025-02-27 18:44:35.f - M0 [LC:342] Sent message to VM 1
2025-02-27 18:44:35.f - M0 [LC:343] Internal event
2025-02-27 18:44:35.f - M0 [LC:344] Internal event
2025-02-27 18:44:35.f - M0 [LC:345] Internal event
2025-02-27 18:44:35.f - M0 [LC:346] Internal event
2025-02-27 18:44:36.f - M0 [LC:347] Received message. Queue length: 0
2025-02-27 18:44:36.f - M0 [LC:348] Internal event
2025-02-27 18:44:36.f - M0 [LC:349] Sent message to VM 1
2025-02-27 18:44:36.f - M0 [LC:350] Internal event
2025-02-27 18:44:36.f - M0 [LC:351] Internal event
2025-02-27 18:44:36.f - M0 [LC:352] Internal event
2025-02-27 18:44:37.f - M0 [LC:352] Stopped VM 0
