2025-02-27 18:42:33.f - M1 [LC:0] Initialized with clock rate 1 ticks/second
2025-02-27 18:42:33.f - M1 [LC:0] Connected to VM 0 on port 10000
2025-02-27 18:42:33.f - M1 [LC:0] Connected to VM 2 on port 10002
2025-02-27 18:42:33.f - M1 [LC:1] Internal event
2025-02-27 18:42:33.f - M1 [LC:1] Started VM 1 with clock rate 1
2025-02-27 18:42:34.f - M1 [LC:3] Received message. Queue length: 1
2025-02-27 18:42:35.f - M1 [LC:4] Received message. Queue length: 0
2025-02-27 18:42:36.f - M1 [LC:12] Received message. Queue length: 0
2025-02-27 18:42:37.f - M1 [LC:15] Received message. Queue length: 0
2025-02-27 18:42:38.f - M1 [LC:18] Received message. Queue length: 1
2025-02-27 18:42:39.f - M1 [LC:21] Received message. Queue length: 0
2025-02-27 18:42:40.f - M1 [LC:25] Received message. Queue length: 0
2025-02-27 18:42:41.f - M1 [LC:27] Received message. Queue length: 2
2025-02-27 18:42:42.f - M1 [LC:31] Received message. Queue length: 1
2025-02-27 18:42:43.f - M1 [LC:32] Received message. Queue length: 0
2025-02-27 18:42:44.f - M1 [LC:42] Received message. Queue length: 1
2025-02-27 18:42:45.f - M1 [LC:43] Received message. Queue length: 2
2025-02-27 18:42:47.f - M1 [LC:44] Received message. Queue length: 2
2025-02-27 18:42:48.f - M1 [LC:49] Received message. Queue length: 2
2025-02-27 18:42:49.f - M1 [LC:51] Received message. Queue length: 2
2025-02-27 18:42:50.f - M1 [LC:54] Received message. Queue length: 1
2025-02-27 18:42:51.f - M1 [LC:61] Received message. Queue length: 1
2025-02-27 18:42:52.f - M1 [LC:69] Received message. Queue length: 1
2025-02-27 18:42:53.f - M1 [LC:71] Received message. Queue length: 1
2025-02-27 18:42:54.f - M1 [LC:72] Received message. Queue length: 1
2025-02-27 18:42:55.f - M1 [LC:77] Received message. Queue length: 1
2025-02-27 18:42:56.f - M1 [LC:82] Received message. Queue length: 0
2025-02-27 18:42:57.f - M1 [LC:92] Received message. Queue length: 0
2025-02-27 18:42:58.f - M1 [LC:93] Internal event
2025-02-27 18:42:59.f - M1 [LC:98] Received message. Queue length: 0
2025-02-27 18:43:00.f - M1 [LC:101] Received message. Queue length: 0
2025-02-27 18:43:01.f - M1 [LC:105] Received message. Queue length: 1
2025-02-27 18:43:02.f - M1 [LC:106] Received message. Queue length: 0
2025-02-27 18:43:03.f - M1 [LC:114] Received message. Queue length: 1
2025-02-27 18:43:04.f - M1 [LC:116] Received message. Queue length: 1
2025-02-27 18:43:05.f - M1 [LC:117] Received message. Queue length: 1
2025-02-27 18:43:06.f - M1 [LC:119] Received message. Queue length: 0
2025-02-27 18:43:07.f - M1 [LC:130] Received message. Queue length: 0
2025-02-27 18:43:08.f - M1 [LC:133] Received message. Queue length: 1
2025-02-27 18:43:09.f - M1 [LC:134] Received message. Queue length: 0
2025-02-27 18:43:10.f - M1 [LC:135] Internal event
2025-02-27 18:43:11.f - M1 [LC:136] Internal event
2025-02-27 18:43:12.f - M1 [LC:149] Received message. Queue length: 0
2025-02-27 18:43:13.f - M1 [LC:150] Internal event
2025-02-27 18:43:14.f - M1 [LC:151] Sent message to VM 0
2025-02-27 18:43:15.f - M1 [LC:163] Received message. Queue length: 0
2025-02-27 18:43:16.f - M1 [LC:165] Received message. Queue length: 0
2025-02-27 18:43:17.f - M1 [LC:166] Received message. Queue length: 1
2025-02-27 18:43:18.f - M1 [LC:171] Received message. Queue length: 1
2025-02-27 18:43:19.f - M1 [LC:174] Received message. Queue length: 1
2025-02-27 18:43:20.f - M1 [LC:176] Received message. Queue length: 1
2025-02-27 18:43:21.f - M1 [LC:179] Received message. Queue length: 0
2025-02-27 18:43:22.f - M1 [LC:188] Received message. Queue length: 1
2025-02-27 18:43:23.f - M1 [LC:189] Received message. Queue length: 1
2025-02-27 18:43:24.f - M1 [LC:194] Received message. Queue length: 1
2025-02-27 18:43:25.f - M1 [LC:198] Received message. Queue length: 0
2025-02-27 18:43:26.f - M1 [LC:199] Internal event
2025-02-27 18:43:27.f - M1 [LC:200] Internal event
2025-02-27 18:43:28.f - M1 [LC:213] Received message. Queue length: 0
2025-02-27 18:43:29.f - M1 [LC:216] Received message. Queue length: 0
2025-02-27 18:43:30.f - M1 [LC:222] Received message. Queue length: 1
2025-02-27 18:43:31.f - M1 [LC:223] Received message. Queue length: 2
2025-02-27 18:43:32.f - M1 [LC:224] Received message. Queue length: 1
2025-02-27 18:43:33.f - M1 [LC:226] Received message. Queue length: 0
2025-02-27 18:43:34.f - M1 [LC:236] Received message. Queue length: 2
2025-02-27 18:43:35.f - M1 [LC:237] Received message. Queue length: 2
2025-02-27 18:43:36.f - M1 [LC:237] Stopped VM 1
