2025-02-27 18:44:38.f - M1 [LC:0] Initialized with clock rate 2 ticks/second
2025-02-27 18:44:38.f - M1 [LC:0] Connected to VM 0 on port 10000
2025-02-27 18:44:38.f - M1 [LC:0] Connected to VM 2 on port 10002
2025-02-27 18:44:38.f - M1 [LC:1] Internal event
2025-02-27 18:44:38.f - M1 [LC:1] Started VM 1 with clock rate 2
2025-02-27 18:44:39.f - M1 [LC:2] Received message. Queue length: 0
2025-02-27 18:44:39.f - M1 [LC:5] Received message. Queue length: 0
2025-02-27 18:44:40.f - M1 [LC:6] Internal event
2025-02-27 18:44:40.f - M1 [LC:9] Received message. Queue length: 0
2025-02-27 18:44:41.f - M1 [LC:10] Sent message to VM 2
2025-02-27 18:44:41.f - M1 [LC:11] Internal event
2025-02-27 18:44:42.f - M1 [LC:14] Received message. Queue length: 1
2025-02-27 18:44:42.f - M1 [LC:15] Received message. Queue length: 0
2025-02-27 18:44:43.f - M1 [LC:16] Received message. Queue length: 1
2025-02-27 18:44:43.f - M1 [LC:19] Received message. Queue length: 0
2025-02-27 18:44:44.f - M1 [LC:22] Received message. Queue length: 0
2025-02-27 18:44:44.f - M1 [LC:23] Internal event
2025-02-27 18:44:45.f - M1 [LC:24] Sent message to VM 2
2025-02-27 18:44:45.f - M1 [LC:25] Internal event
2025-02-27 18:44:46.f - M1 [LC:31] Received message. Queue length: 0
2025-02-27 18:44:46.f - M1 [LC:32] Received message. Queue length: 1
2025-02-27 18:44:47.f - M1 [LC:33] Received message. Queue length: 0
2025-02-27 18:44:47.f - M1 [LC:34] Received message. Queue length: 0
2025-02-27 18:44:48.f - M1 [LC:35] Internal event
2025-02-27 18:44:48.f - M1 [LC:36] Internal event
2025-02-27 18:44:49.f - M1 [LC:42] Received message. Queue length: 0
2025-02-27 18:44:49.f - M1 [LC:45] Received message. Queue length: 0
2025-02-27 18:44:50.f - M1 [LC:46] Sent message to VM 2
2025-02-27 18:44:50.f - M1 [LC:49] Received message. Queue length: 0
2025-02-27 18:44:51.f - M1 [LC:51] Received message. Queue length: 0
2025-02-27 18:44:51.f - M1 [LC:52] Sent message to VM 0
2025-02-27 18:44:52.f - M1 [LC:54] Received message. Queue length: 0
2025-02-27 18:44:52.f - M1 [LC:56] Received message. Queue length: 0
2025-02-27 18:44:53.f - M1 [LC:57] Internal event
2025-02-27 18:44:53.f - M1 [LC:58] Internal event
2025-02-27 18:44:54.f - M1 [LC:62] Received message. Queue length: 1
2025-02-27 18:44:54.f - M1 [LC:63] Received message. Queue length: 0
2025-02-27 18:44:55.f - M1 [LC:64] Internal event
2025-02-27 18:44:55.f - M1 [LC:68] Received message. Queue length: 0
2025-02-27 18:44:56.f - M1 [LC:69] Internal event
2025-02-27 18:44:56.f - M1 [LC:73] Received message. Queue length: 0
2025-02-27 18:44:57.f - M1 [LC:74] Received message. Queue length: 0
2025-02-27 18:44:57.f - M1 [LC:75] Sent message to VM 0
2025-02-27 18:44:58.f - M1 [LC:76] Internal event
2025-02-27 18:44:58.f - M1 [LC:81] Received message. Queue length: 0
2025-02-27 18:44:59.f - M1 [LC:82] Internal event
2025-02-27 18:44:59.f - M1 [LC:83] Internal event
2025-02-27 18:45:00.f - M1 [LC:84] Internal event
2025-02-27 18:45:00.f - M1 [LC:85] Sent messages to all VMs
2025-02-27 18:45:01.f - M1 [LC:86] Sent message to VM 2
2025-02-27 18:45:01.f - M1 [LC:88] Received message. Queue length: 0
2025-02-27 18:45:02.f - M1 [LC:95] Received message. Queue length: 0
2025-02-27 18:45:02.f - M1 [LC:96] Internal event
2025-02-27 18:45:03.f - M1 [LC:97] Internal event
2025-02-27 18:45:04.f - M1 [LC:98] Internal event
2025-02-27 18:45:04.f - M1 [LC:103] Received message. Queue length: 0
2025-02-27 18:45:05.f - M1 [LC:104] Received message. Queue length: 1
2025-02-27 18:45:05.f - M1 [LC:105] Received message. Queue length: 1
2025-02-27 18:45:06.f - M1 [LC:106] Received message. Queue length: 1
2025-02-27 18:45:06.f - M1 [LC:107] Received message. Queue length: 1
2025-02-27 18:45:07.f - M1 [LC:111] Received message. Queue length: 0
2025-02-27 18:45:07.f - M1 [LC:114] Received message. Queue length: 0
2025-02-27 18:45:08.f - M1 [LC:116] Received message. Queue length: 0
2025-02-27 18:45:08.f - M1 [LC:117] Internal event
2025-02-27 18:45:09.f - M1 [LC:121] Received message. Queue length: 0
2025-02-27 18:45:09.f - M1 [LC:122] Internal event
2025-02-27 18:45:10.f - M1 [LC:123] Internal event
2025-02-27 18:45:10.f - M1 [LC:124] Internal event
2025-02-27 18:45:11.f - M1 [LC:128] Received message. Queue length: 0
2025-02-27 18:45:11.f - M1 [LC:130] Received message. Queue length: 0
2025-02-27 18:45:12.f - M1 [LC:131] Received message. Queue length: 0
2025-02-27 18:45:12.f - M1 [LC:132] Internal event
2025-02-27 18:45:13.f - M1 [LC:136] Received message. Queue length: 0
2025-02-27 18:45:13.f - M1 [LC:137] Internal event
2025-02-27 18:45:14.f - M1 [LC:138] Internal event
2025-02-27 18:45:14.f - M1 [LC:139] Internal event
2025-02-27 18:45:15.f - M1 [LC:140] Internal event
2025-02-27 18:45:15.f - M1 [LC:141] Sent messages to all VMs
2025-02-27 18:45:16.f - M1 [LC:142] Internal event
2025-02-27 18:45:16.f - M1 [LC:148] Received message. Queue length: 0
2025-02-27 18:45:17.f - M1 [LC:149] Received message. Queue length: 0
2025-02-27 18:45:17.f - M1 [LC:150] Internal event
2025-02-27 18:45:18.f - M1 [LC:151] Sent message to VM 2
2025-02-27 18:45:18.f - M1 [LC:152] Internal event
2025-02-27 18:45:19.f - M1 [LC:153] Internal event
2025-02-27 18:45:19.f - M1 [LC:154] Internal event
2025-02-27 18:45:20.f - M1 [LC:155] Internal event
2025-02-27 18:45:20.f - M1 [LC:165] Received message. Queue length: 0
2025-02-27 18:45:21.f - M1 [LC:166] Internal event
2025-02-27 18:45:21.f - M1 [LC:170] Received message. Queue length: 0
2025-02-27 18:45:22.f - M1 [LC:171] Internal event
2025-02-27 18:45:22.f - M1 [LC:173] Received message. Queue length: 1
2025-02-27 18:45:23.f - M1 [LC:174] Received message. Queue length: 0
2025-02-27 18:45:23.f - M1 [LC:178] Received message. Queue length: 0
2025-02-27 18:45:24.f - M1 [LC:180] Received message. Queue length: 0
2025-02-27 18:45:24.f - M1 [LC:181] Received message. Queue length: 0
2025-02-27 18:45:25.f - M1 [LC:182] Internal event
2025-02-27 18:45:25.f - M1 [LC:183] Internal event
2025-02-27 18:45:26.f - M1 [LC:184] Received message. Queue length: 0
2025-02-27 18:45:26.f - M1 [LC:185] Sent message to VM 2
2025-02-27 18:45:27.f - M1 [LC:186] Internal event
2025-02-27 18:45:27.f - M1 [LC:187] Received message. Queue length: 0
2025-02-27 18:45:28.f - M1 [LC:188] Sent message to VM 2
2025-02-27 18:45:28.f - M1 [LC:189] Sent message to VM 0
2025-02-27 18:45:29.f - M1 [LC:190] Sent message to VM 2
2025-02-27 18:45:29.f - M1 [LC:191] Internal event
2025-02-27 18:45:30.f - M1 [LC:203] Received message. Queue length: 0
2025-02-27 18:45:30.f - M1 [LC:205] Received message. Queue length: 0
2025-02-27 18:45:31.f - M1 [LC:206] Internal event
2025-02-27 18:45:31.f - M1 [LC:207] Internal event
2025-02-27 18:45:32.f - M1 [LC:208] Internal event
2025-02-27 18:45:32.f - M1 [LC:214] Received message. Queue length: 0
2025-02-27 18:45:33.f - M1 [LC:215] Internal event
2025-02-27 18:45:33.f - M1 [LC:216] Sent messages to all VMs
2025-02-27 18:45:34.f - M1 [LC:217] Internal event
2025-02-27 18:45:34.f - M1 [LC:218] Internal event
2025-02-27 18:45:35.f - M1 [LC:219] Sent messages to all VMs
2025-02-27 18:45:35.f - M1 [LC:226] Received message. Queue length: 0
2025-02-27 18:45:36.f - M1 [LC:228] Received message. Queue length: 0
2025-02-27 18:45:36.f - M1 [LC:230] Received message. Queue length: 0
2025-02-27 18:45:37.f - M1 [LC:231] Internal event
2025-02-27 18:45:37.f - M1 [LC:232] Internal event
2025-02-27 18:45:38.f - M1 [LC:236] Received message. Queue length: 0
2025-02-27 18:45:38.f - M1 [LC:237] Sent messages to all VMs
2025-02-27 18:45:39.f - M1 [LC:238] Internal event
2025-02-27 18:45:39.f - M1 [LC:239] Internal event
2025-02-27 18:45:41.f - M1 [LC:239] Stopped VM 1
