2025-02-27 18:37:19.f - M2 [LC:0] Initialized with clock rate 4 ticks/second
2025-02-27 18:37:19.f - M2 [LC:0] Connected to VM 0 on port 10000
2025-02-27 18:37:19.f - M2 [LC:0] Connected to VM 1 on port 10001
2025-02-27 18:37:19.f - M2 [LC:1] Internal event
2025-02-27 18:37:19.f - M2 [LC:1] Started VM 2 with clock rate 4
2025-02-27 18:37:19.f - M2 [LC:2] Internal event
2025-02-27 18:37:19.f - M2 [LC:4] Received message. Queue length: 0
2025-02-27 18:37:19.f - M2 [LC:5] Internal event
2025-02-27 18:37:20.f - M2 [LC:6] Internal event
2025-02-27 18:37:20.f - M2 [LC:8] Received message. Queue length: 0
2025-02-27 18:37:20.f - M2 [LC:9] Internal event
2025-02-27 18:37:20.f - M2 [LC:10] Internal event
2025-02-27 18:37:21.f - M2 [LC:11] Internal event
2025-02-27 18:37:21.f - M2 [LC:12] Received message. Queue length: 0
2025-02-27 18:37:21.f - M2 [LC:13] Received message. Queue length: 0
2025-02-27 18:37:21.f - M2 [LC:14] Internal event
2025-02-27 18:37:22.f - M2 [LC:15] Sent message to VM 1
2025-02-27 18:37:22.f - M2 [LC:16] Sent message to VM 0
2025-02-27 18:37:22.f - M2 [LC:17] Internal event
2025-02-27 18:37:22.f - M2 [LC:18] Internal event
2025-02-27 18:37:23.f - M2 [LC:19] Internal event
2025-02-27 18:37:23.f - M2 [LC:20] Sent message to VM 1
2025-02-27 18:37:23.f - M2 [LC:21] Sent message to VM 1
2025-02-27 18:37:23.f - M2 [LC:22] Sent message to VM 0
2025-02-27 18:37:24.f - M2 [LC:23] Internal event
2025-02-27 18:37:24.f - M2 [LC:28] Received message. Queue length: 0
2025-02-27 18:37:24.f - M2 [LC:29] Sent message to VM 1
2025-02-27 18:37:24.f - M2 [LC:30] Received message. Queue length: 0
2025-02-27 18:37:25.f - M2 [LC:31] Internal event
2025-02-27 18:37:25.f - M2 [LC:33] Received message. Queue length: 0
2025-02-27 18:37:25.f - M2 [LC:34] Received message. Queue length: 0
2025-02-27 18:37:25.f - M2 [LC:35] Sent messages to all VMs
2025-02-27 18:37:26.f - M2 [LC:36] Internal event
2025-02-27 18:37:26.f - M2 [LC:39] Received message. Queue length: 0
2025-02-27 18:37:26.f - M2 [LC:40] Internal event
2025-02-27 18:37:27.f - M2 [LC:41] Internal event
2025-02-27 18:37:27.f - M2 [LC:42] Received message. Queue length: 0
2025-02-27 18:37:27.f - M2 [LC:43] Internal event
2025-02-27 18:37:27.f - M2 [LC:45] Received message. Queue length: 0
2025-02-27 18:37:28.f - M2 [LC:46] Internal event
2025-02-27 18:37:28.f - M2 [LC:47] Internal event
2025-02-27 18:37:28.f - M2 [LC:48] Sent messages to all VMs
2025-02-27 18:37:28.f - M2 [LC:49] Sent message to VM 1
2025-02-27 18:37:29.f - M2 [LC:50] Internal event
2025-02-27 18:37:29.f - M2 [LC:52] Received message. Queue length: 0
2025-02-27 18:37:29.f - M2 [LC:53] Internal event
2025-02-27 18:37:29.f - M2 [LC:54] Internal event
2025-02-27 18:37:30.f - M2 [LC:55] Internal event
2025-02-27 18:37:30.f - M2 [LC:56] Internal event
2025-02-27 18:37:30.f - M2 [LC:57] Internal event
2025-02-27 18:37:30.f - M2 [LC:58] Received message. Queue length: 0
2025-02-27 18:37:31.f - M2 [LC:59] Internal event
2025-02-27 18:37:31.f - M2 [LC:62] Received message. Queue length: 0
2025-02-27 18:37:31.f - M2 [LC:64] Received message. Queue length: 0
2025-02-27 18:37:31.f - M2 [LC:65] Internal event
2025-02-27 18:37:32.f - M2 [LC:66] Internal event
2025-02-27 18:37:32.f - M2 [LC:67] Received message. Queue length: 0
2025-02-27 18:37:32.f - M2 [LC:68] Internal event
2025-02-27 18:37:32.f - M2 [LC:69] Internal event
2025-02-27 18:37:33.f - M2 [LC:71] Received message. Queue length: 0
2025-02-27 18:37:33.f - M2 [LC:72] Sent message to VM 1
2025-02-27 18:37:33.f - M2 [LC:73] Internal event
2025-02-27 18:37:33.f - M2 [LC:74] Internal event
2025-02-27 18:37:34.f - M2 [LC:75] Sent messages to all VMs
2025-02-27 18:37:34.f - M2 [LC:76] Internal event
2025-02-27 18:37:34.f - M2 [LC:77] Sent messages to all VMs
2025-02-27 18:37:34.f - M2 [LC:78] Internal event
2025-02-27 18:37:35.f - M2 [LC:79] Internal event
2025-02-27 18:37:35.f - M2 [LC:82] Received message. Queue length: 0
2025-02-27 18:37:35.f - M2 [LC:83] Internal event
2025-02-27 18:37:35.f - M2 [LC:85] Received message. Queue length: 0
2025-02-27 18:37:36.f - M2 [LC:86] Internal event
2025-02-27 18:37:36.f - M2 [LC:87] Received message. Queue length: 0
2025-02-27 18:37:36.f - M2 [LC:88] Internal event
2025-02-27 18:37:36.f - M2 [LC:89] Internal event
2025-02-27 18:37:37.f - M2 [LC:90] Internal event
2025-02-27 18:37:37.f - M2 [LC:91] Internal event
2025-02-27 18:37:37.f - M2 [LC:93] Received message. Queue length: 0
2025-02-27 18:37:37.f - M2 [LC:94] Internal event
2025-02-27 18:37:38.f - M2 [LC:95] Sent messages to all VMs
2025-02-27 18:37:38.f - M2 [LC:96] Internal event
2025-02-27 18:37:38.f - M2 [LC:97] Internal event
2025-02-27 18:37:38.f - M2 [LC:98] Received message. Queue length: 0
2025-02-27 18:37:39.f - M2 [LC:99] Internal event
2025-02-27 18:37:39.f - M2 [LC:100] Sent message to VM 0
2025-02-27 18:37:39.f - M2 [LC:101] Sent message to VM 0
2025-02-27 18:37:39.f - M2 [LC:102] Sent message to VM 0
2025-02-27 18:37:40.f - M2 [LC:103] Internal event
2025-02-27 18:37:40.f - M2 [LC:104] Sent messages to all VMs
2025-02-27 18:37:40.f - M2 [LC:105] Sent message to VM 1
2025-02-27 18:37:40.f - M2 [LC:106] Sent message to VM 1
2025-02-27 18:37:41.f - M2 [LC:107] Internal event
2025-02-27 18:37:41.f - M2 [LC:108] Sent message to VM 1
2025-02-27 18:37:41.f - M2 [LC:109] Sent message to VM 0
2025-02-27 18:37:41.f - M2 [LC:110] Sent message to VM 1
2025-02-27 18:37:42.f - M2 [LC:111] Sent message to VM 0
2025-02-27 18:37:42.f - M2 [LC:112] Internal event
2025-02-27 18:37:42.f - M2 [LC:113] Sent messages to all VMs
2025-02-27 18:37:42.f - M2 [LC:114] Internal event
2025-02-27 18:37:43.f - M2 [LC:120] Received message. Queue length: 0
2025-02-27 18:37:43.f - M2 [LC:121] Internal event
2025-02-27 18:37:43.f - M2 [LC:123] Received message. Queue length: 0
2025-02-27 18:37:43.f - M2 [LC:124] Internal event
2025-02-27 18:37:44.f - M2 [LC:126] Received message. Queue length: 0
2025-02-27 18:37:44.f - M2 [LC:127] Sent message to VM 0
2025-02-27 18:37:44.f - M2 [LC:128] Internal event
2025-02-27 18:37:45.f - M2 [LC:129] Received message. Queue length: 0
2025-02-27 18:37:45.f - M2 [LC:132] Received message. Queue length: 0
2025-02-27 18:37:45.f - M2 [LC:133] Received message. Queue length: 0
2025-02-27 18:37:45.f - M2 [LC:134] Internal event
2025-02-27 18:37:46.f - M2 [LC:135] Sent messages to all VMs
2025-02-27 18:37:46.f - M2 [LC:136] Internal event
2025-02-27 18:37:46.f - M2 [LC:137] Internal event
2025-02-27 18:37:46.f - M2 [LC:138] Internal event
2025-02-27 18:37:47.f - M2 [LC:139] Internal event
2025-02-27 18:37:47.f - M2 [LC:140] Internal event
2025-02-27 18:37:47.f - M2 [LC:141] Sent messages to all VMs
2025-02-27 18:37:47.f - M2 [LC:142] Internal event
2025-02-27 18:37:48.f - M2 [LC:143] Internal event
2025-02-27 18:37:48.f - M2 [LC:144] Sent message to VM 0
2025-02-27 18:37:48.f - M2 [LC:145] Sent messages to all VMs
2025-02-27 18:37:48.f - M2 [LC:146] Internal event
2025-02-27 18:37:49.f - M2 [LC:147] Internal event
2025-02-27 18:37:49.f - M2 [LC:148] Sent message to VM 1
2025-02-27 18:37:49.f - M2 [LC:154] Received message. Queue length: 0
2025-02-27 18:37:49.f - M2 [LC:155] Internal event
2025-02-27 18:37:50.f - M2 [LC:156] Internal event
2025-02-27 18:37:50.f - M2 [LC:157] Internal event
2025-02-27 18:37:50.f - M2 [LC:159] Received message. Queue length: 0
2025-02-27 18:37:50.f - M2 [LC:160] Sent message to VM 1
2025-02-27 18:37:51.f - M2 [LC:161] Internal event
2025-02-27 18:37:51.f - M2 [LC:162] Sent messages to all VMs
2025-02-27 18:37:51.f - M2 [LC:163] Sent messages to all VMs
2025-02-27 18:37:51.f - M2 [LC:164] Internal event
2025-02-27 18:37:52.f - M2 [LC:165] Internal event
2025-02-27 18:37:52.f - M2 [LC:166] Internal event
2025-02-27 18:37:52.f - M2 [LC:169] Received message. Queue length: 0
2025-02-27 18:37:52.f - M2 [LC:170] Internal event
2025-02-27 18:37:53.f - M2 [LC:171] Internal event
2025-02-27 18:37:53.f - M2 [LC:172] Internal event
2025-02-27 18:37:53.f - M2 [LC:174] Received message. Queue length: 0
2025-02-27 18:37:53.f - M2 [LC:175] Received message. Queue length: 0
2025-02-27 18:37:54.f - M2 [LC:176] Internal event
2025-02-27 18:37:54.f - M2 [LC:177] Internal event
2025-02-27 18:37:54.f - M2 [LC:178] Internal event
2025-02-27 18:37:54.f - M2 [LC:179] Sent messages to all VMs
2025-02-27 18:37:55.f - M2 [LC:180] Sent message to VM 0
2025-02-27 18:37:55.f - M2 [LC:181] Internal event
2025-02-27 18:37:55.f - M2 [LC:182] Sent messages to all VMs
2025-02-27 18:37:55.f - M2 [LC:183] Sent message to VM 0
2025-02-27 18:37:56.f - M2 [LC:184] Internal event
2025-02-27 18:37:56.f - M2 [LC:187] Received message. Queue length: 0
2025-02-27 18:37:56.f - M2 [LC:188] Sent message to VM 0
2025-02-27 18:37:56.f - M2 [LC:189] Internal event
2025-02-27 18:37:57.f - M2 [LC:190] Sent message to VM 1
2025-02-27 18:37:57.f - M2 [LC:192] Received message. Queue length: 0
2025-02-27 18:37:57.f - M2 [LC:194] Received message. Queue length: 0
2025-02-27 18:37:57.f - M2 [LC:195] Sent messages to all VMs
2025-02-27 18:37:58.f - M2 [LC:196] Sent message to VM 0
2025-02-27 18:37:58.f - M2 [LC:197] Sent message to VM 0
2025-02-27 18:37:58.f - M2 [LC:198] Sent message to VM 1
2025-02-27 18:37:58.f - M2 [LC:199] Sent message to VM 1
2025-02-27 18:37:59.f - M2 [LC:202] Received message. Queue length: 0
2025-02-27 18:37:59.f - M2 [LC:203] Received message. Queue length: 0
2025-02-27 18:37:59.f - M2 [LC:204] Sent messages to all VMs
2025-02-27 18:37:59.f - M2 [LC:205] Internal event
2025-02-27 18:38:00.f - M2 [LC:206] Internal event
2025-02-27 18:38:00.f - M2 [LC:207] Sent messages to all VMs
2025-02-27 18:38:00.f - M2 [LC:210] Received message. Queue length: 0
2025-02-27 18:38:01.f - M2 [LC:211] Internal event
2025-02-27 18:38:01.f - M2 [LC:212] Received message. Queue length: 0
2025-02-27 18:38:01.f - M2 [LC:213] Sent messages to all VMs
2025-02-27 18:38:01.f - M2 [LC:214] Internal event
2025-02-27 18:38:02.f - M2 [LC:215] Sent messages to all VMs
2025-02-27 18:38:02.f - M2 [LC:216] Sent message to VM 0
2025-02-27 18:38:02.f - M2 [LC:217] Sent messages to all VMs
2025-02-27 18:38:02.f - M2 [LC:218] Sent message to VM 0
2025-02-27 18:38:03.f - M2 [LC:219] Internal event
2025-02-27 18:38:03.f - M2 [LC:220] Sent messages to all VMs
2025-02-27 18:38:03.f - M2 [LC:221] Internal event
2025-02-27 18:38:03.f - M2 [LC:226] Received message. Queue length: 0
2025-02-27 18:38:04.f - M2 [LC:227] Internal event
2025-02-27 18:38:04.f - M2 [LC:228] Sent message to VM 1
2025-02-27 18:38:04.f - M2 [LC:229] Internal event
2025-02-27 18:38:04.f - M2 [LC:230] Internal event
2025-02-27 18:38:05.f - M2 [LC:231] Sent message to VM 1
2025-02-27 18:38:05.f - M2 [LC:232] Internal event
2025-02-27 18:38:05.f - M2 [LC:233] Internal event
2025-02-27 18:38:05.f - M2 [LC:236] Received message. Queue length: 0
2025-02-27 18:38:06.f - M2 [LC:237] Internal event
2025-02-27 18:38:06.f - M2 [LC:238] Sent messages to all VMs
2025-02-27 18:38:06.f - M2 [LC:239] Internal event
2025-02-27 18:38:06.f - M2 [LC:242] Received message. Queue length: 0
2025-02-27 18:38:07.f - M2 [LC:243] Internal event
2025-02-27 18:38:07.f - M2 [LC:244] Internal event
2025-02-27 18:38:07.f - M2 [LC:245] Received message. Queue length: 0
2025-02-27 18:38:07.f - M2 [LC:246] Received message. Queue length: 0
2025-02-27 18:38:08.f - M2 [LC:247] Received message. Queue length: 0
2025-02-27 18:38:08.f - M2 [LC:248] Internal event
2025-02-27 18:38:08.f - M2 [LC:250] Received message. Queue length: 0
2025-02-27 18:38:08.f - M2 [LC:251] Sent messages to all VMs
2025-02-27 18:38:09.f - M2 [LC:252] Internal event
2025-02-27 18:38:09.f - M2 [LC:253] Internal event
2025-02-27 18:38:09.f - M2 [LC:254] Internal event
2025-02-27 18:38:09.f - M2 [LC:255] Internal event
2025-02-27 18:38:10.f - M2 [LC:256] Internal event
2025-02-27 18:38:10.f - M2 [LC:259] Received message. Queue length: 0
2025-02-27 18:38:10.f - M2 [LC:260] Internal event
2025-02-27 18:38:10.f - M2 [LC:262] Received message. Queue length: 0
2025-02-27 18:38:11.f - M2 [LC:263] Internal event
2025-02-27 18:38:11.f - M2 [LC:264] Internal event
2025-02-27 18:38:11.f - M2 [LC:265] Received message. Queue length: 0
2025-02-27 18:38:11.f - M2 [LC:266] Sent message to VM 1
2025-02-27 18:38:12.f - M2 [LC:267] Internal event
2025-02-27 18:38:12.f - M2 [LC:268] Sent messages to all VMs
2025-02-27 18:38:12.f - M2 [LC:269] Sent messages to all VMs
2025-02-27 18:38:12.f - M2 [LC:270] Internal event
2025-02-27 18:38:13.f - M2 [LC:271] Internal event
2025-02-27 18:38:13.f - M2 [LC:272] Internal event
2025-02-27 18:38:13.f - M2 [LC:273] Internal event
2025-02-27 18:38:13.f - M2 [LC:277] Received message. Queue length: 0
2025-02-27 18:38:14.f - M2 [LC:278] Received message. Queue length: 0
2025-02-27 18:38:14.f - M2 [LC:279] Internal event
2025-02-27 18:38:14.f - M2 [LC:280] Internal event
2025-02-27 18:38:14.f - M2 [LC:281] Internal event
2025-02-27 18:38:15.f - M2 [LC:283] Received message. Queue length: 0
2025-02-27 18:38:15.f - M2 [LC:284] Sent message to VM 1
2025-02-27 18:38:15.f - M2 [LC:285] Internal event
2025-02-27 18:38:15.f - M2 [LC:286] Sent message to VM 1
2025-02-27 18:38:16.f - M2 [LC:287] Received message. Queue length: 0
2025-02-27 18:38:16.f - M2 [LC:288] Internal event
2025-02-27 18:38:16.f - M2 [LC:289] Sent message to VM 1
2025-02-27 18:38:16.f - M2 [LC:290] Internal event
2025-02-27 18:38:17.f - M2 [LC:291] Sent message to VM 0
2025-02-27 18:38:17.f - M2 [LC:292] Internal event
2025-02-27 18:38:17.f - M2 [LC:293] Internal event
2025-02-27 18:38:18.f - M2 [LC:294] Sent message to VM 1
2025-02-27 18:38:18.f - M2 [LC:295] Sent messages to all VMs
2025-02-27 18:38:18.f - M2 [LC:296] Internal event
2025-02-27 18:38:18.f - M2 [LC:297] Sent message to VM 0
2025-02-27 18:38:19.f - M2 [LC:298] Sent message to VM 0
2025-02-27 18:38:19.f - M2 [LC:299] Internal event
2025-02-27 18:38:19.f - M2 [LC:300] Sent message to VM 0
2025-02-27 18:38:19.f - M2 [LC:301] Received message. Queue length: 0
2025-02-27 18:38:20.f - M2 [LC:302] Internal event
2025-02-27 18:38:20.f - M2 [LC:303] Sent message to VM 1
2025-02-27 18:38:20.f - M2 [LC:304] Internal event
2025-02-27 18:38:20.f - M2 [LC:304] Stopped VM 2
