2025-02-27 17:03:52.f - [LC:0] Initialized with clock rate 1 ticks/second
2025-02-27 17:03:52.f - [LC:0] Initialized with clock rate 3 ticks/second
2025-02-27 17:03:52.f - [LC:0] Initialized with clock rate 2 ticks/second
2025-02-27 17:03:52.f - [LC:0] Connected to VM 1 on port 10001
2025-02-27 17:03:52.f - [LC:0] Connected to VM 2 on port 10002
2025-02-27 17:03:52.f - [LC:0] Connected to VM 0 on port 10000
2025-02-27 17:03:52.f - [LC:0] Connected to VM 2 on port 10002
2025-02-27 17:03:52.f - [LC:0] Connected to VM 0 on port 10000
2025-02-27 17:03:52.f - [LC:0] Connected to VM 1 on port 10001
2025-02-27 17:03:52.f - [LC:1] Internal event
2025-02-27 17:03:52.f - [LC:1] Started VM 0 with clock rate 1
2025-02-27 17:03:52.f - [LC:1] Started VM 1 with clock rate 3
2025-02-27 17:03:52.f - [LC:1] Sent messages to all VMs
2025-02-27 17:03:52.f - [LC:1] Internal event
2025-02-27 17:03:52.f - [LC:1] Started VM 2 with clock rate 2
2025-02-27 17:03:52.f - [LC:2] Internal event
2025-02-27 17:03:52.f - [LC:2] Received message. Queue length: 0
2025-02-27 17:03:52.f - [LC:3] Internal event
2025-02-27 17:03:53.f - [LC:2] Received message. Queue length: 0
2025-02-27 17:03:53.f - [LC:3] Internal event
2025-02-27 17:03:53.f - [LC:4] Internal event
2025-02-27 17:03:53.f - [LC:5] Internal event
2025-02-27 17:03:53.f - [LC:4] Internal event
2025-02-27 17:03:53.f - [LC:6] Internal event
2025-02-27 17:03:54.f - [LC:3] Internal event
2025-02-27 17:03:54.f - [LC:5] Internal event
2025-02-27 17:03:54.f - [LC:7] Sent message to VM 0
2025-02-27 17:03:54.f - [LC:8] Internal event
2025-02-27 17:03:54.f - [LC:6] Internal event
2025-02-27 17:03:54.f - [LC:9] Sent message to VM 2
2025-02-27 17:03:55.f - [LC:8] Received message. Queue length: 0
2025-02-27 17:03:55.f - [LC:10] Received message. Queue length: 0
2025-02-27 17:03:55.f - [LC:10] Internal event
2025-02-27 17:03:55.f - [LC:11] Internal event
2025-02-27 17:03:55.f - [LC:11] Sent messages to all VMs
2025-02-27 17:03:55.f - [LC:12] Received message. Queue length: 0
2025-02-27 17:03:56.f - [LC:12] Received message. Queue length: 0
2025-02-27 17:03:56.f - [LC:12] Sent message to VM 1
2025-02-27 17:03:56.f - [LC:13] Received message. Queue length: 0
2025-02-27 17:03:56.f - [LC:14] Internal event
2025-02-27 17:03:56.f - [LC:13] Internal event
2025-02-27 17:03:56.f - [LC:15] Internal event
2025-02-27 17:03:57.f - [LC:13] Internal event
2025-02-27 17:03:57.f - [LC:14] Sent message to VM 0
2025-02-27 17:03:57.f - [LC:16] Internal event
2025-02-27 17:03:57.f - [LC:17] Sent message to VM 0
2025-02-27 17:03:57.f - [LC:15] Sent messages to all VMs
2025-02-27 17:03:57.f - [LC:18] Received message. Queue length: 0
2025-02-27 17:03:58.f - [LC:15] Received message. Queue length: 2
2025-02-27 17:03:58.f - [LC:16] Internal event
2025-02-27 17:03:58.f - [LC:19] Sent message to VM 0
2025-02-27 17:03:58.f - [LC:20] Sent messages to all VMs
2025-02-27 17:03:58.f - [LC:21] Received message. Queue length: 0
2025-02-27 17:03:58.f - [LC:21] Internal event
2025-02-27 17:03:59.f - [LC:18] Received message. Queue length: 3
2025-02-27 17:03:59.f - [LC:22] Internal event
2025-02-27 17:03:59.f - [LC:22] Internal event
2025-02-27 17:03:59.f - [LC:23] Internal event
2025-02-27 17:03:59.f - [LC:23] Internal event
2025-02-27 17:03:59.f - [LC:24] Internal event
2025-02-27 17:04:00.f - [LC:19] Received message. Queue length: 2
2025-02-27 17:04:00.f - [LC:24] Sent messages to all VMs
2025-02-27 17:04:00.f - [LC:25] Received message. Queue length: 0
2025-02-27 17:04:00.f - [LC:26] Sent messages to all VMs
2025-02-27 17:04:00.f - [LC:27] Received message. Queue length: 0
2025-02-27 17:04:00.f - [LC:27] Sent message to VM 0
2025-02-27 17:04:01.f - [LC:20] Received message. Queue length: 4
2025-02-27 17:04:01.f - [LC:28] Internal event
2025-02-27 17:04:01.f - [LC:28] Sent message to VM 0
2025-02-27 17:04:01.f - [LC:29] Internal event
2025-02-27 17:04:01.f - [LC:29] Internal event
2025-02-27 17:04:01.f - [LC:30] Sent messages to all VMs
2025-02-27 17:04:02.f - [LC:21] Received message. Queue length: 5
2025-02-27 17:04:02.f - [LC:31] Received message. Queue length: 0
2025-02-27 17:04:02.f - [LC:31] Internal event
2025-02-27 17:04:02.f - [LC:32] Sent message to VM 0
2025-02-27 17:04:02.f - [LC:32] Internal event
2025-02-27 17:04:02.f - [LC:33] Internal event
2025-02-27 17:04:03.f - [LC:25] Received message. Queue length: 5
2025-02-27 17:04:03.f - [LC:33] Internal event
2025-02-27 17:04:03.f - [LC:34] Internal event
2025-02-27 17:04:03.f - [LC:35] Internal event
2025-02-27 17:04:03.f - [LC:34] Internal event
2025-02-27 17:04:03.f - [LC:36] Internal event
2025-02-27 17:04:04.f - [LC:27] Received message. Queue length: 4
2025-02-27 17:04:04.f - [LC:35] Internal event
2025-02-27 17:04:04.f - [LC:37] Sent message to VM 2
2025-02-27 17:04:04.f - [LC:38] Internal event
2025-02-27 17:04:04.f - [LC:38] Received message. Queue length: 0
2025-02-27 17:04:04.f - [LC:39] Internal event
2025-02-27 17:04:05.f - [LC:28] Received message. Queue length: 3
2025-02-27 17:04:05.f - [LC:39] Internal event
2025-02-27 17:04:05.f - [LC:40] Internal event
2025-02-27 17:04:05.f - [LC:41] Sent message to VM 0
2025-02-27 17:04:05.f - [LC:40] Internal event
2025-02-27 17:04:05.f - [LC:42] Internal event
2025-02-27 17:04:06.f - [LC:29] Received message. Queue length: 3
2025-02-27 17:04:06.f - [LC:41] Sent message to VM 1
2025-02-27 17:04:06.f - [LC:43] Received message. Queue length: 0
2025-02-27 17:04:06.f - [LC:44] Internal event
2025-02-27 17:04:06.f - [LC:42] Internal event
2025-02-27 17:04:06.f - [LC:45] Internal event
2025-02-27 17:04:07.f - [LC:31] Received message. Queue length: 2
2025-02-27 17:04:07.f - [LC:43] Internal event
2025-02-27 17:04:07.f - [LC:46] Internal event
2025-02-27 17:04:07.f - [LC:47] Sent message to VM 2
2025-02-27 17:04:07.f - [LC:48] Received message. Queue length: 0
2025-02-27 17:04:07.f - [LC:48] Sent message to VM 0
2025-02-27 17:04:08.f - [LC:33] Received message. Queue length: 2
2025-02-27 17:04:08.f - [LC:49] Sent message to VM 0
2025-02-27 17:04:08.f - [LC:49] Internal event
2025-02-27 17:04:08.f - [LC:50] Internal event
2025-02-27 17:04:08.f - [LC:50] Sent message to VM 0
2025-02-27 17:04:08.f - [LC:51] Sent message to VM 0
2025-02-27 17:04:09.f - [LC:42] Received message. Queue length: 4
2025-02-27 17:04:09.f - [LC:51] Internal event
2025-02-27 17:04:09.f - [LC:52] Internal event
2025-02-27 17:04:09.f - [LC:53] Sent message to VM 0
2025-02-27 17:04:09.f - [LC:52] Internal event
2025-02-27 17:04:09.f - [LC:54] Internal event
2025-02-27 17:04:10.f - [LC:49] Received message. Queue length: 4
2025-02-27 17:04:10.f - [LC:53] Internal event
2025-02-27 17:04:10.f - [LC:55] Internal event
2025-02-27 17:04:10.f - [LC:56] Sent message to VM 2
2025-02-27 17:04:10.f - [LC:57] Received message. Queue length: 0
2025-02-27 17:04:10.f - [LC:57] Sent message to VM 2
2025-02-27 17:04:11.f - [LC:50] Received message. Queue length: 3
2025-02-27 17:04:11.f - [LC:58] Received message. Queue length: 0
2025-02-27 17:04:11.f - [LC:58] Internal event
2025-02-27 17:04:11.f - [LC:59] Internal event
2025-02-27 17:04:11.f - [LC:59] Internal event
2025-02-27 17:04:12.f - [LC:60] Internal event
2025-02-27 17:04:12.f - [LC:51] Received message. Queue length: 2
2025-02-27 17:04:12.f - [LC:60] Internal event
2025-02-27 17:04:12.f - [LC:61] Internal event
2025-02-27 17:04:12.f - [LC:62] Sent messages to all VMs
2025-02-27 17:04:12.f - [LC:63] Received message. Queue length: 0
2025-02-27 17:04:13.f - [LC:63] Sent messages to all VMs
2025-02-27 17:04:13.f - [LC:52] Received message. Queue length: 3
2025-02-27 17:04:13.f - [LC:64] Received message. Queue length: 0
2025-02-27 17:04:13.f - [LC:64] Internal event
2025-02-27 17:04:13.f - [LC:65] Internal event
2025-02-27 17:04:13.f - [LC:65] Sent message to VM 1
2025-02-27 17:04:14.f - [LC:66] Received message. Queue length: 0
2025-02-27 17:04:14.f - [LC:54] Received message. Queue length: 2
2025-02-27 17:04:14.f - [LC:66] Internal event
2025-02-27 17:04:14.f - [LC:67] Sent message to VM 2
2025-02-27 17:04:14.f - [LC:68] Internal event
2025-02-27 17:04:14.f - [LC:68] Received message. Queue length: 0
2025-02-27 17:04:15.f - [LC:69] Internal event
2025-02-27 17:04:15.f - [LC:63] Received message. Queue length: 1
2025-02-27 17:04:15.f - [LC:69] Internal event
2025-02-27 17:04:15.f - [LC:70] Internal event
2025-02-27 17:04:15.f - [LC:71] Internal event
2025-02-27 17:04:15.f - [LC:70] Sent message to VM 1
2025-02-27 17:04:16.f - [LC:72] Received message. Queue length: 0
2025-02-27 17:04:16.f - [LC:64] Received message. Queue length: 0
2025-02-27 17:04:16.f - [LC:71] Internal event
2025-02-27 17:04:16.f - [LC:73] Internal event
2025-02-27 17:04:16.f - [LC:74] Internal event
2025-02-27 17:04:16.f - [LC:72] Sent messages to all VMs
2025-02-27 17:04:17.f - [LC:75] Received message. Queue length: 0
2025-02-27 17:04:17.f - [LC:73] Received message. Queue length: 0
2025-02-27 17:04:17.f - [LC:73] Internal event
2025-02-27 17:04:17.f - [LC:76] Internal event
2025-02-27 17:04:17.f - [LC:77] Internal event
2025-02-27 17:04:17.f - [LC:74] Internal event
2025-02-27 17:04:18.f - [LC:78] Internal event
2025-02-27 17:04:18.f - [LC:74] Sent message to VM 1
2025-02-27 17:04:18.f - [LC:75] Sent message to VM 1
2025-02-27 17:04:18.f - [LC:79] Received message. Queue length: 1
2025-02-27 17:04:18.f - [LC:80] Received message. Queue length: 0
2025-02-27 17:04:18.f - [LC:76] Sent messages to all VMs
2025-02-27 17:04:19.f - [LC:81] Received message. Queue length: 0
2025-02-27 17:04:19.f - [LC:77] Received message. Queue length: 0
2025-02-27 17:04:19.f - [LC:77] Internal event
2025-02-27 17:04:19.f - [LC:82] Internal event
2025-02-27 17:04:19.f - [LC:83] Internal event
2025-02-27 17:04:19.f - [LC:78] Sent message to VM 0
2025-02-27 17:04:20.f - [LC:84] Sent message to VM 2
2025-02-27 17:04:20.f - [LC:79] Received message. Queue length: 0
2025-02-27 17:04:20.f - [LC:85] Received message. Queue length: 0
2025-02-27 17:04:20.f - [LC:85] Internal event
2025-02-27 17:04:20.f - [LC:86] Internal event
2025-02-27 17:04:20.f - [LC:86] Internal event
2025-02-27 17:04:21.f - [LC:87] Internal event
2025-02-27 17:04:21.f - [LC:80] Internal event
2025-02-27 17:04:21.f - [LC:87] Internal event
2025-02-27 17:04:21.f - [LC:88] Internal event
2025-02-27 17:04:21.f - [LC:89] Internal event
2025-02-27 17:04:21.f - [LC:88] Internal event
2025-02-27 17:04:22.f - [LC:90] Internal event
2025-02-27 17:04:22.f - [LC:81] Sent message to VM 2
2025-02-27 17:04:22.f - [LC:89] Received message. Queue length: 0
2025-02-27 17:04:22.f - [LC:91] Sent message to VM 2
2025-02-27 17:04:22.f - [LC:92] Sent message to VM 2
2025-02-27 17:04:22.f - [LC:92] Received message. Queue length: 1
2025-02-27 17:04:23.f - [LC:93] Internal event
2025-02-27 17:04:23.f - [LC:82] Internal event
2025-02-27 17:04:23.f - [LC:93] Received message. Queue length: 0
2025-02-27 17:04:23.f - [LC:94] Internal event
2025-02-27 17:04:23.f - [LC:95] Sent message to VM 2
2025-02-27 17:04:23.f - [LC:96] Received message. Queue length: 0
2025-02-27 17:04:24.f - [LC:96] Sent message to VM 2
2025-02-27 17:04:24.f - [LC:83] Internal event
2025-02-27 17:04:24.f - [LC:97] Received message. Queue length: 0
2025-02-27 17:04:24.f - [LC:97] Internal event
2025-02-27 17:04:24.f - [LC:98] Sent messages to all VMs
2025-02-27 17:04:24.f - [LC:99] Received message. Queue length: 0
2025-02-27 17:04:25.f - [LC:99] Internal event
2025-02-27 17:04:25.f - [LC:99] Received message. Queue length: 0
2025-02-27 17:04:25.f - [LC:100] Internal event
2025-02-27 17:04:25.f - [LC:100] Internal event
2025-02-27 17:04:25.f - [LC:101] Internal event
2025-02-27 17:04:25.f - [LC:101] Internal event
2025-02-27 17:04:26.f - [LC:102] Sent messages to all VMs
2025-02-27 17:04:26.f - [LC:103] Received message. Queue length: 0
2025-02-27 17:04:26.f - [LC:103] Received message. Queue length: 0
2025-02-27 17:04:26.f - [LC:103] Sent message to VM 0
2025-02-27 17:04:26.f - [LC:104] Internal event
2025-02-27 17:04:26.f - [LC:104] Sent message to VM 1
2025-02-27 17:04:27.f - [LC:105] Received message. Queue length: 0
2025-02-27 17:04:27.f - [LC:104] Received message. Queue length: 0
2025-02-27 17:04:27.f - [LC:105] Internal event
2025-02-27 17:04:27.f - [LC:106] Internal event
2025-02-27 17:04:27.f - [LC:107] Sent message to VM 0
2025-02-27 17:04:27.f - [LC:106] Internal event
2025-02-27 17:04:28.f - [LC:108] Sent message to VM 2
2025-02-27 17:04:28.f - [LC:108] Received message. Queue length: 0
2025-02-27 17:04:28.f - [LC:109] Received message. Queue length: 0
2025-02-27 17:04:28.f - [LC:109] Internal event
2025-02-27 17:04:28.f - [LC:110] Sent message to VM 2
2025-02-27 17:04:28.f - [LC:111] Received message. Queue length: 0
2025-02-27 17:04:29.f - [LC:111] Internal event
2025-02-27 17:04:29.f - [LC:109] Internal event
2025-02-27 17:04:29.f - [LC:112] Internal event
2025-02-27 17:04:29.f - [LC:112] Internal event
2025-02-27 17:04:29.f - [LC:113] Internal event
2025-02-27 17:04:29.f - [LC:113] Internal event
2025-02-27 17:04:30.f - [LC:114] Internal event
2025-02-27 17:04:30.f - [LC:110] Internal event
2025-02-27 17:04:30.f - [LC:114] Sent messages to all VMs
2025-02-27 17:04:30.f - [LC:115] Received message. Queue length: 0
2025-02-27 17:04:30.f - [LC:116] Sent messages to all VMs
2025-02-27 17:04:30.f - [LC:117] Received message. Queue length: 0
2025-02-27 17:04:31.f - [LC:117] Sent message to VM 0
2025-02-27 17:04:31.f - [LC:115] Received message. Queue length: 2
2025-02-27 17:04:31.f - [LC:118] Sent message to VM 1
2025-02-27 17:04:31.f - [LC:119] Received message. Queue length: 0
2025-02-27 17:04:31.f - [LC:120] Internal event
2025-02-27 17:04:31.f - [LC:119] Internal event
2025-02-27 17:04:32.f - [LC:121] Internal event
2025-02-27 17:04:32.f - [LC:117] Received message. Queue length: 1
2025-02-27 17:04:32.f - [LC:120] Internal event
2025-02-27 17:04:32.f - [LC:122] Internal event
2025-02-27 17:04:32.f - [LC:123] Sent message to VM 2
2025-02-27 17:04:32.f - [LC:124] Received message. Queue length: 0
2025-02-27 17:04:33.f - [LC:124] Internal event
2025-02-27 17:04:33.f - [LC:118] Received message. Queue length: 0
2025-02-27 17:04:33.f - [LC:125] Internal event
2025-02-27 17:04:33.f - [LC:125] Sent messages to all VMs
2025-02-27 17:04:33.f - [LC:126] Internal event
2025-02-27 17:04:33.f - [LC:126] Received message. Queue length: 0
2025-02-27 17:04:34.f - [LC:127] Internal event
2025-02-27 17:04:34.f - [LC:126] Received message. Queue length: 0
2025-02-27 17:04:34.f - [LC:127] Internal event
2025-02-27 17:04:34.f - [LC:128] Internal event
2025-02-27 17:04:34.f - [LC:129] Internal event
2025-02-27 17:04:34.f - [LC:128] Sent message to VM 1
2025-02-27 17:04:35.f - [LC:130] Received message. Queue length: 0
2025-02-27 17:04:35.f - [LC:127] Internal event
2025-02-27 17:04:35.f - [LC:129] Sent message to VM 0
2025-02-27 17:04:35.f - [LC:131] Internal event
2025-02-27 17:04:35.f - [LC:132] Internal event
2025-02-27 17:04:35.f - [LC:130] Sent message to VM 0
2025-02-27 17:04:36.f - [LC:133] Sent messages to all VMs
2025-02-27 17:04:36.f - [LC:130] Received message. Queue length: 2
2025-02-27 17:04:36.f - [LC:134] Received message. Queue length: 0
2025-02-27 17:04:36.f - [LC:134] Internal event
2025-02-27 17:04:36.f - [LC:135] Internal event
2025-02-27 17:04:36.f - [LC:135] Internal event
2025-02-27 17:04:37.f - [LC:136] Internal event
2025-02-27 17:04:37.f - [LC:131] Received message. Queue length: 1
2025-02-27 17:04:37.f - [LC:136] Internal event
2025-02-27 17:04:37.f - [LC:137] Sent message to VM 2
2025-02-27 17:04:37.f - [LC:138] Received message. Queue length: 0
2025-02-27 17:04:37.f - [LC:138] Internal event
2025-02-27 17:04:38.f - [LC:134] Received message. Queue length: 0
2025-02-27 17:04:38.f - [LC:139] Internal event
2025-02-27 17:04:38.f - [LC:139] Internal event
2025-02-27 17:04:38.f - [LC:140] Internal event
2025-02-27 17:04:38.f - [LC:140] Sent messages to all VMs
2025-02-27 17:04:38.f - [LC:141] Sent message to VM 2
2025-02-27 17:04:39.f - [LC:141] Received message. Queue length: 0
2025-02-27 17:04:39.f - [LC:142] Received message. Queue length: 0
2025-02-27 17:04:39.f - [LC:142] Received message. Queue length: 0
2025-02-27 17:04:39.f - [LC:143] Internal event
2025-02-27 17:04:39.f - [LC:143] Internal event
2025-02-27 17:04:39.f - [LC:144] Internal event
2025-02-27 17:04:40.f - [LC:142] Sent message to VM 2
2025-02-27 17:04:40.f - [LC:145] Internal event
2025-02-27 17:04:40.f - [LC:144] Received message. Queue length: 0
2025-02-27 17:04:40.f - [LC:146] Sent messages to all VMs
2025-02-27 17:04:40.f - [LC:147] Received message. Queue length: 0
2025-02-27 17:04:40.f - [LC:147] Internal event
2025-02-27 17:04:41.f - [LC:147] Received message. Queue length: 0
2025-02-27 17:04:41.f - [LC:148] Internal event
2025-02-27 17:04:41.f - [LC:148] Internal event
2025-02-27 17:04:41.f - [LC:149] Sent messages to all VMs
2025-02-27 17:04:41.f - [LC:150] Received message. Queue length: 0
2025-02-27 17:04:42.f - [LC:150] Internal event
2025-02-27 17:04:42.f - [LC:150] Received message. Queue length: 0
2025-02-27 17:04:42.f - [LC:151] Sent message to VM 0
2025-02-27 17:04:42.f - [LC:151] Sent messages to all VMs
2025-02-27 17:04:42.f - [LC:152] Received message. Queue length: 0
2025-02-27 17:04:42.f - [LC:152] Internal event
2025-02-27 17:04:43.f - [LC:153] Internal event
2025-02-27 17:04:43.f - [LC:152] Received message. Queue length: 1
2025-02-27 17:04:43.f - [LC:154] Internal event
2025-02-27 17:04:43.f - [LC:153] Internal event
2025-02-27 17:04:43.f - [LC:155] Sent messages to all VMs
2025-02-27 17:04:44.f - [LC:156] Received message. Queue length: 0
2025-02-27 17:04:44.f - [LC:156] Internal event
2025-02-27 17:04:44.f - [LC:153] Received message. Queue length: 1
2025-02-27 17:04:44.f - [LC:157] Sent message to VM 0
2025-02-27 17:04:44.f - [LC:157] Sent message to VM 0
2025-02-27 17:04:44.f - [LC:158] Internal event
2025-02-27 17:04:45.f - [LC:158] Internal event
2025-02-27 17:04:45.f - [LC:159] Internal event
2025-02-27 17:04:45.f - [LC:156] Received message. Queue length: 2
2025-02-27 17:04:45.f - [LC:160] Internal event
2025-02-27 17:04:45.f - [LC:159] Sent message to VM 0
2025-02-27 17:04:45.f - [LC:161] Sent message to VM 0
2025-02-27 17:04:46.f - [LC:160] Internal event
2025-02-27 17:04:46.f - [LC:162] Internal event
2025-02-27 17:04:46.f - [LC:158] Received message. Queue length: 3
2025-02-27 17:04:46.f - [LC:163] Sent message to VM 2
2025-02-27 17:04:46.f - [LC:164] Received message. Queue length: 0
2025-02-27 17:04:46.f - [LC:164] Internal event
2025-02-27 17:04:47.f - [LC:165] Sent message to VM 0
2025-02-27 17:04:47.f - [LC:165] Sent message to VM 2
2025-02-27 17:04:47.f - [LC:159] Received message. Queue length: 3
2025-02-27 17:04:47.f - [LC:166] Internal event
2025-02-27 17:04:47.f - [LC:166] Received message. Queue length: 0
2025-02-27 17:04:47.f - [LC:167] Internal event
2025-02-27 17:04:48.f - [LC:167] Internal event
2025-02-27 17:04:48.f - [LC:168] Sent messages to all VMs
2025-02-27 17:04:48.f - [LC:160] Received message. Queue length: 3
2025-02-27 17:04:48.f - [LC:169] Internal event
2025-02-27 17:04:48.f - [LC:169] Received message. Queue length: 0
2025-02-27 17:04:48.f - [LC:170] Internal event
2025-02-27 17:04:49.f - [LC:170] Internal event
2025-02-27 17:04:49.f - [LC:171] Sent message to VM 2
2025-02-27 17:04:49.f - [LC:162] Received message. Queue length: 2
2025-02-27 17:04:49.f - [LC:172] Internal event
2025-02-27 17:04:49.f - [LC:172] Received message. Queue length: 0
2025-02-27 17:04:49.f - [LC:173] Internal event
2025-02-27 17:04:50.f - [LC:173] Sent message to VM 0
2025-02-27 17:04:50.f - [LC:174] Internal event
2025-02-27 17:04:50.f - [LC:166] Received message. Queue length: 2
2025-02-27 17:04:50.f - [LC:175] Sent messages to all VMs
2025-02-27 17:04:50.f - [LC:176] Received message. Queue length: 0
2025-02-27 17:04:50.f - [LC:176] Internal event
2025-02-27 17:04:51.f - [LC:177] Internal event
2025-02-27 17:04:51.f - [LC:177] Sent messages to all VMs
2025-02-27 17:04:51.f - [LC:169] Received message. Queue length: 3
2025-02-27 17:04:51.f - [LC:178] Internal event
2025-02-27 17:04:51.f - [LC:178] Received message. Queue length: 0
2025-02-27 17:04:51.f - [LC:179] Internal event
2025-02-27 17:04:52.f - [LC:179] Internal event
2025-02-27 17:04:52.f - [LC:180] Internal event
2025-02-27 17:04:52.f - [LC:181] Internal event
2025-02-27 17:04:52.f - [LC:180] Internal event
2025-02-27 17:04:52.f - [LC:182] Internal event
2025-02-27 17:04:53.f - [LC:181] Sent messages to all VMs
2025-02-27 17:04:53.f - [LC:169] Stopped VM 0
2025-02-27 17:04:53.f - [LC:182] Sent messages to all VMs
2025-02-27 17:04:53.f - [LC:182] Stopped VM 1
2025-02-27 17:04:54.f - [LC:182] Stopped VM 2
