2025-02-27 18:46:45.f - M0 [LC:0] Initialized with clock rate 4 ticks/second
2025-02-27 18:46:45.f - M0 [LC:0] Connected to VM 1 on port 10001
2025-02-27 18:46:45.f - M0 [LC:0] Connected to VM 2 on port 10002
2025-02-27 18:46:45.f - M0 [LC:1] Internal event
2025-02-27 18:46:45.f - M0 [LC:1] Started VM 0 with clock rate 4
2025-02-27 18:46:45.f - M0 [LC:2] Internal event
2025-02-27 18:46:45.f - M0 [LC:3] Internal event
2025-02-27 18:46:45.f - M0 [LC:4] Internal event
2025-02-27 18:46:46.f - M0 [LC:5] Internal event
2025-02-27 18:46:46.f - M0 [LC:8] Received message. Queue length: 0
2025-02-27 18:46:46.f - M0 [LC:9] Internal event
2025-02-27 18:46:46.f - M0 [LC:10] Sent message to VM 2
2025-02-27 18:46:47.f - M0 [LC:11] Internal event
2025-02-27 18:46:47.f - M0 [LC:14] Received message. Queue length: 0
2025-02-27 18:46:47.f - M0 [LC:16] Received message. Queue length: 0
2025-02-27 18:46:47.f - M0 [LC:17] Internal event
2025-02-27 18:46:48.f - M0 [LC:18] Sent message to VM 1
2025-02-27 18:46:48.f - M0 [LC:19] Sent message to VM 1
2025-02-27 18:46:48.f - M0 [LC:20] Sent message to VM 2
2025-02-27 18:46:48.f - M0 [LC:23] Received message. Queue length: 0
2025-02-27 18:46:49.f - M0 [LC:25] Received message. Queue length: 0
2025-02-27 18:46:49.f - M0 [LC:26] Internal event
2025-02-27 18:46:49.f - M0 [LC:27] Internal event
2025-02-27 18:46:49.f - M0 [LC:28] Internal event
2025-02-27 18:46:50.f - M0 [LC:29] Internal event
2025-02-27 18:46:50.f - M0 [LC:30] Sent message to VM 1
2025-02-27 18:46:50.f - M0 [LC:31] Internal event
2025-02-27 18:46:50.f - M0 [LC:32] Internal event
2025-02-27 18:46:51.f - M0 [LC:33] Sent messages to all VMs
2025-02-27 18:46:51.f - M0 [LC:39] Received message. Queue length: 0
2025-02-27 18:46:51.f - M0 [LC:40] Sent messages to all VMs
2025-02-27 18:46:51.f - M0 [LC:41] Sent messages to all VMs
2025-02-27 18:46:52.f - M0 [LC:42] Sent message to VM 2
2025-02-27 18:46:52.f - M0 [LC:43] Internal event
2025-02-27 18:46:52.f - M0 [LC:44] Internal event
2025-02-27 18:46:52.f - M0 [LC:45] Internal event
2025-02-27 18:46:53.f - M0 [LC:46] Sent messages to all VMs
2025-02-27 18:46:53.f - M0 [LC:47] Internal event
2025-02-27 18:46:53.f - M0 [LC:48] Internal event
2025-02-27 18:46:53.f - M0 [LC:49] Sent message to VM 2
2025-02-27 18:46:54.f - M0 [LC:50] Internal event
2025-02-27 18:46:54.f - M0 [LC:51] Internal event
2025-02-27 18:46:54.f - M0 [LC:52] Sent message to VM 2
2025-02-27 18:46:54.f - M0 [LC:53] Internal event
2025-02-27 18:46:55.f - M0 [LC:54] Internal event
2025-02-27 18:46:55.f - M0 [LC:55] Internal event
2025-02-27 18:46:55.f - M0 [LC:56] Internal event
2025-02-27 18:46:55.f - M0 [LC:57] Internal event
2025-02-27 18:46:56.f - M0 [LC:58] Sent message to VM 1
2025-02-27 18:46:56.f - M0 [LC:59] Internal event
2025-02-27 18:46:56.f - M0 [LC:60] Sent messages to all VMs
2025-02-27 18:46:56.f - M0 [LC:61] Internal event
2025-02-27 18:46:57.f - M0 [LC:62] Internal event
2025-02-27 18:46:57.f - M0 [LC:75] Received message. Queue length: 0
2025-02-27 18:46:57.f - M0 [LC:76] Internal event
2025-02-27 18:46:57.f - M0 [LC:77] Sent message to VM 1
2025-02-27 18:46:58.f - M0 [LC:78] Internal event
2025-02-27 18:46:58.f - M0 [LC:81] Received message. Queue length: 0
2025-02-27 18:46:58.f - M0 [LC:82] Internal event
2025-02-27 18:46:58.f - M0 [LC:84] Received message. Queue length: 0
2025-02-27 18:46:59.f - M0 [LC:85] Sent messages to all VMs
2025-02-27 18:46:59.f - M0 [LC:86] Sent messages to all VMs
2025-02-27 18:46:59.f - M0 [LC:87] Internal event
2025-02-27 18:46:59.f - M0 [LC:88] Internal event
2025-02-27 18:47:00.f - M0 [LC:89] Sent messages to all VMs
2025-02-27 18:47:00.f - M0 [LC:90] Internal event
2025-02-27 18:47:00.f - M0 [LC:91] Internal event
2025-02-27 18:47:01.f - M0 [LC:92] Internal event
2025-02-27 18:47:01.f - M0 [LC:93] Internal event
2025-02-27 18:47:01.f - M0 [LC:94] Sent message to VM 1
2025-02-27 18:47:01.f - M0 [LC:101] Received message. Queue length: 0
2025-02-27 18:47:02.f - M0 [LC:102] Internal event
2025-02-27 18:47:02.f - M0 [LC:103] Received message. Queue length: 0
2025-02-27 18:47:02.f - M0 [LC:105] Received message. Queue length: 0
2025-02-27 18:47:02.f - M0 [LC:106] Received message. Queue length: 0
2025-02-27 18:47:03.f - M0 [LC:107] Internal event
2025-02-27 18:47:03.f - M0 [LC:108] Internal event
2025-02-27 18:47:03.f - M0 [LC:109] Internal event
2025-02-27 18:47:03.f - M0 [LC:110] Internal event
2025-02-27 18:47:04.f - M0 [LC:111] Internal event
2025-02-27 18:47:04.f - M0 [LC:112] Internal event
2025-02-27 18:47:04.f - M0 [LC:113] Internal event
2025-02-27 18:47:04.f - M0 [LC:119] Received message. Queue length: 0
2025-02-27 18:47:05.f - M0 [LC:120] Received message. Queue length: 0
2025-02-27 18:47:05.f - M0 [LC:121] Internal event
2025-02-27 18:47:05.f - M0 [LC:122] Internal event
2025-02-27 18:47:05.f - M0 [LC:124] Received message. Queue length: 0
2025-02-27 18:47:06.f - M0 [LC:126] Received message. Queue length: 0
2025-02-27 18:47:06.f - M0 [LC:127] Received message. Queue length: 0
2025-02-27 18:47:06.f - M0 [LC:128] Sent messages to all VMs
2025-02-27 18:47:06.f - M0 [LC:129] Internal event
2025-02-27 18:47:07.f - M0 [LC:130] Sent message to VM 1
2025-02-27 18:47:07.f - M0 [LC:131] Internal event
2025-02-27 18:47:07.f - M0 [LC:135] Received message. Queue length: 0
2025-02-27 18:47:07.f - M0 [LC:137] Received message. Queue length: 0
2025-02-27 18:47:08.f - M0 [LC:138] Sent message to VM 2
2025-02-27 18:47:08.f - M0 [LC:139] Internal event
2025-02-27 18:47:08.f - M0 [LC:140] Internal event
2025-02-27 18:47:08.f - M0 [LC:143] Received message. Queue length: 0
2025-02-27 18:47:09.f - M0 [LC:144] Received message. Queue length: 0
2025-02-27 18:47:09.f - M0 [LC:145] Received message. Queue length: 0
2025-02-27 18:47:09.f - M0 [LC:146] Internal event
2025-02-27 18:47:09.f - M0 [LC:147] Internal event
2025-02-27 18:47:10.f - M0 [LC:148] Sent message to VM 1
2025-02-27 18:47:10.f - M0 [LC:149] Internal event
2025-02-27 18:47:10.f - M0 [LC:152] Received message. Queue length: 0
2025-02-27 18:47:10.f - M0 [LC:153] Internal event
2025-02-27 18:47:11.f - M0 [LC:154] Internal event
2025-02-27 18:47:11.f - M0 [LC:155] Sent message to VM 2
2025-02-27 18:47:11.f - M0 [LC:159] Received message. Queue length: 0
2025-02-27 18:47:11.f - M0 [LC:160] Internal event
2025-02-27 18:47:12.f - M0 [LC:161] Sent message to VM 2
2025-02-27 18:47:12.f - M0 [LC:163] Received message. Queue length: 0
2025-02-27 18:47:12.f - M0 [LC:164] Internal event
2025-02-27 18:47:12.f - M0 [LC:165] Internal event
2025-02-27 18:47:13.f - M0 [LC:166] Internal event
2025-02-27 18:47:13.f - M0 [LC:167] Internal event
2025-02-27 18:47:13.f - M0 [LC:171] Received message. Queue length: 0
2025-02-27 18:47:13.f - M0 [LC:172] Internal event
2025-02-27 18:47:14.f - M0 [LC:173] Received message. Queue length: 0
2025-02-27 18:47:14.f - M0 [LC:175] Received message. Queue length: 0
2025-02-27 18:47:14.f - M0 [LC:177] Received message. Queue length: 0
2025-02-27 18:47:14.f - M0 [LC:178] Sent message to VM 2
2025-02-27 18:47:15.f - M0 [LC:179] Internal event
2025-02-27 18:47:15.f - M0 [LC:180] Internal event
2025-02-27 18:47:15.f - M0 [LC:181] Internal event
2025-02-27 18:47:15.f - M0 [LC:184] Received message. Queue length: 0
2025-02-27 18:47:16.f - M0 [LC:185] Internal event
2025-02-27 18:47:16.f - M0 [LC:187] Received message. Queue length: 0
2025-02-27 18:47:16.f - M0 [LC:188] Internal event
2025-02-27 18:47:16.f - M0 [LC:190] Received message. Queue length: 0
2025-02-27 18:47:17.f - M0 [LC:191] Received message. Queue length: 0
2025-02-27 18:47:17.f - M0 [LC:192] Internal event
2025-02-27 18:47:17.f - M0 [LC:195] Received message. Queue length: 0
2025-02-27 18:47:17.f - M0 [LC:196] Internal event
2025-02-27 18:47:18.f - M0 [LC:197] Internal event
2025-02-27 18:47:18.f - M0 [LC:198] Internal event
2025-02-27 18:47:18.f - M0 [LC:200] Received message. Queue length: 0
2025-02-27 18:47:18.f - M0 [LC:201] Internal event
2025-02-27 18:47:19.f - M0 [LC:202] Sent message to VM 1
2025-02-27 18:47:19.f - M0 [LC:203] Sent message to VM 2
2025-02-27 18:47:19.f - M0 [LC:204] Internal event
2025-02-27 18:47:20.f - M0 [LC:205] Sent message to VM 2
2025-02-27 18:47:20.f - M0 [LC:206] Internal event
2025-02-27 18:47:20.f - M0 [LC:207] Internal event
2025-02-27 18:47:20.f - M0 [LC:208] Sent messages to all VMs
2025-02-27 18:47:21.f - M0 [LC:209] Internal event
2025-02-27 18:47:21.f - M0 [LC:210] Internal event
2025-02-27 18:47:21.f - M0 [LC:211] Sent message to VM 1
2025-02-27 18:47:21.f - M0 [LC:212] Sent message to VM 1
2025-02-27 18:47:22.f - M0 [LC:213] Internal event
2025-02-27 18:47:22.f - M0 [LC:222] Received message. Queue length: 0
2025-02-27 18:47:22.f - M0 [LC:223] Received message. Queue length: 0
2025-02-27 18:47:22.f - M0 [LC:224] Sent message to VM 2
2025-02-27 18:47:23.f - M0 [LC:225] Internal event
2025-02-27 18:47:23.f - M0 [LC:227] Received message. Queue length: 0
2025-02-27 18:47:23.f - M0 [LC:228] Internal event
2025-02-27 18:47:23.f - M0 [LC:229] Internal event
2025-02-27 18:47:24.f - M0 [LC:230] Sent messages to all VMs
2025-02-27 18:47:24.f - M0 [LC:231] Internal event
2025-02-27 18:47:24.f - M0 [LC:232] Internal event
2025-02-27 18:47:24.f - M0 [LC:233] Internal event
2025-02-27 18:47:25.f - M0 [LC:234] Internal event
2025-02-27 18:47:25.f - M0 [LC:235] Sent message to VM 1
2025-02-27 18:47:25.f - M0 [LC:236] Internal event
2025-02-27 18:47:25.f - M0 [LC:237] Internal event
2025-02-27 18:47:26.f - M0 [LC:238] Internal event
2025-02-27 18:47:26.f - M0 [LC:239] Internal event
2025-02-27 18:47:26.f - M0 [LC:240] Internal event
2025-02-27 18:47:26.f - M0 [LC:241] Sent message to VM 2
2025-02-27 18:47:27.f - M0 [LC:249] Received message. Queue length: 0
2025-02-27 18:47:27.f - M0 [LC:250] Sent message to VM 1
2025-02-27 18:47:27.f - M0 [LC:251] Internal event
2025-02-27 18:47:27.f - M0 [LC:254] Received message. Queue length: 0
2025-02-27 18:47:28.f - M0 [LC:255] Received message. Queue length: 0
2025-02-27 18:47:28.f - M0 [LC:256] Sent message to VM 2
2025-02-27 18:47:28.f - M0 [LC:258] Received message. Queue length: 0
2025-02-27 18:47:28.f - M0 [LC:259] Sent message to VM 2
2025-02-27 18:47:29.f - M0 [LC:260] Sent message to VM 2
2025-02-27 18:47:29.f - M0 [LC:261] Internal event
2025-02-27 18:47:29.f - M0 [LC:262] Sent message to VM 1
2025-02-27 18:47:29.f - M0 [LC:263] Internal event
2025-02-27 18:47:30.f - M0 [LC:264] Internal event
2025-02-27 18:47:30.f - M0 [LC:265] Internal event
2025-02-27 18:47:30.f - M0 [LC:271] Received message. Queue length: 0
2025-02-27 18:47:30.f - M0 [LC:272] Sent message to VM 2
2025-02-27 18:47:31.f - M0 [LC:273] Internal event
2025-02-27 18:47:31.f - M0 [LC:274] Sent message to VM 2
2025-02-27 18:47:31.f - M0 [LC:275] Sent message to VM 1
2025-02-27 18:47:31.f - M0 [LC:276] Internal event
2025-02-27 18:47:32.f - M0 [LC:277] Internal event
2025-02-27 18:47:32.f - M0 [LC:281] Received message. Queue length: 0
2025-02-27 18:47:32.f - M0 [LC:282] Internal event
2025-02-27 18:47:32.f - M0 [LC:283] Internal event
2025-02-27 18:47:33.f - M0 [LC:284] Internal event
2025-02-27 18:47:33.f - M0 [LC:285] Sent messages to all VMs
2025-02-27 18:47:33.f - M0 [LC:286] Internal event
2025-02-27 18:47:33.f - M0 [LC:287] Sent message to VM 2
2025-02-27 18:47:34.f - M0 [LC:288] Sent messages to all VMs
2025-02-27 18:47:34.f - M0 [LC:289] Sent message to VM 2
2025-02-27 18:47:34.f - M0 [LC:294] Received message. Queue length: 0
2025-02-27 18:47:35.f - M0 [LC:295] Internal event
2025-02-27 18:47:35.f - M0 [LC:297] Received message. Queue length: 0
2025-02-27 18:47:35.f - M0 [LC:298] Internal event
2025-02-27 18:47:35.f - M0 [LC:299] Sent messages to all VMs
2025-02-27 18:47:36.f - M0 [LC:300] Sent message to VM 2
2025-02-27 18:47:36.f - M0 [LC:301] Sent messages to all VMs
2025-02-27 18:47:36.f - M0 [LC:302] Internal event
2025-02-27 18:47:36.f - M0 [LC:303] Internal event
2025-02-27 18:47:37.f - M0 [LC:304] Internal event
2025-02-27 18:47:37.f - M0 [LC:305] Internal event
2025-02-27 18:47:37.f - M0 [LC:306] Internal event
2025-02-27 18:47:37.f - M0 [LC:312] Received message. Queue length: 0
2025-02-27 18:47:38.f - M0 [LC:313] Sent messages to all VMs
2025-02-27 18:47:38.f - M0 [LC:314] Sent message to VM 1
2025-02-27 18:47:38.f - M0 [LC:315] Internal event
2025-02-27 18:47:38.f - M0 [LC:318] Received message. Queue length: 0
2025-02-27 18:47:39.f - M0 [LC:319] Internal event
2025-02-27 18:47:39.f - M0 [LC:320] Internal event
2025-02-27 18:47:39.f - M0 [LC:322] Received message. Queue length: 0
2025-02-27 18:47:39.f - M0 [LC:323] Sent message to VM 2
2025-02-27 18:47:40.f - M0 [LC:324] Sent messages to all VMs
2025-02-27 18:47:40.f - M0 [LC:325] Sent message to VM 1
2025-02-27 18:47:40.f - M0 [LC:326] Internal event
2025-02-27 18:47:40.f - M0 [LC:327] Internal event
2025-02-27 18:47:41.f - M0 [LC:328] Internal event
2025-02-27 18:47:41.f - M0 [LC:333] Received message. Queue length: 0
2025-02-27 18:47:41.f - M0 [LC:334] Received message. Queue length: 0
2025-02-27 18:47:41.f - M0 [LC:335] Internal event
2025-02-27 18:47:42.f - M0 [LC:336] Sent message to VM 2
2025-02-27 18:47:42.f - M0 [LC:339] Received message. Queue length: 0
2025-02-27 18:47:42.f - M0 [LC:340] Sent messages to all VMs
2025-02-27 18:47:42.f - M0 [LC:341] Sent message to VM 1
2025-02-27 18:47:43.f - M0 [LC:344] Received message. Queue length: 0
2025-02-27 18:47:43.f - M0 [LC:345] Received message. Queue length: 0
2025-02-27 18:47:43.f - M0 [LC:346] Received message. Queue length: 0
2025-02-27 18:47:43.f - M0 [LC:347] Internal event
2025-02-27 18:47:44.f - M0 [LC:350] Received message. Queue length: 0
2025-02-27 18:47:44.f - M0 [LC:351] Received message. Queue length: 0
2025-02-27 18:47:44.f - M0 [LC:352] Sent message to VM 2
2025-02-27 18:47:44.f - M0 [LC:354] Received message. Queue length: 0
2025-02-27 18:47:47.f - M0 [LC:354] Stopped VM 0
