2025-02-27 18:27:12.f - M0 [LC:0] Initialized with clock rate 4 ticks/second
2025-02-27 18:27:12.f - M0 [LC:0] Connected to VM 1 on port 10001
2025-02-27 18:27:12.f - M0 [LC:0] Connected to VM 2 on port 10002
2025-02-27 18:27:12.f - M0 [LC:1] Internal event
2025-02-27 18:27:12.f - M0 [LC:1] Started VM 0 with clock rate 4
2025-02-27 18:27:12.f - M0 [LC:2] Internal event
2025-02-27 18:27:13.f - M0 [LC:3] Internal event
2025-02-27 18:27:13.f - M0 [LC:4] Received message. Queue length: 0
2025-02-27 18:27:13.f - M0 [LC:5] Received message. Queue length: 0
2025-02-27 18:27:13.f - M0 [LC:6] Sent messages to all VMs
2025-02-27 18:27:14.f - M0 [LC:7] Sent message to VM 2
2025-02-27 18:27:14.f - M0 [LC:8] Sent message to VM 2
2025-02-27 18:27:14.f - M0 [LC:9] Sent messages to all VMs
2025-02-27 18:27:14.f - M0 [LC:10] Internal event
2025-02-27 18:27:15.f - M0 [LC:11] Internal event
2025-02-27 18:27:15.f - M0 [LC:12] Received message. Queue length: 0
2025-02-27 18:27:15.f - M0 [LC:13] Internal event
2025-02-27 18:27:15.f - M0 [LC:16] Received message. Queue length: 0
2025-02-27 18:27:16.f - M0 [LC:17] Internal event
2025-02-27 18:27:16.f - M0 [LC:18] Internal event
2025-02-27 18:27:16.f - M0 [LC:19] Internal event
2025-02-27 18:27:16.f - M0 [LC:20] Internal event
2025-02-27 18:27:17.f - M0 [LC:21] Received message. Queue length: 1
2025-02-27 18:27:17.f - M0 [LC:22] Received message. Queue length: 0
2025-02-27 18:27:17.f - M0 [LC:23] Received message. Queue length: 0
2025-02-27 18:27:17.f - M0 [LC:24] Sent message to VM 1
2025-02-27 18:27:18.f - M0 [LC:25] Received message. Queue length: 0
2025-02-27 18:27:18.f - M0 [LC:27] Received message. Queue length: 0
2025-02-27 18:27:18.f - M0 [LC:28] Sent messages to all VMs
2025-02-27 18:27:18.f - M0 [LC:29] Sent message to VM 1
2025-02-27 18:27:19.f - M0 [LC:30] Internal event
2025-02-27 18:27:19.f - M0 [LC:31] Sent messages to all VMs
2025-02-27 18:27:19.f - M0 [LC:32] Internal event
2025-02-27 18:27:20.f - M0 [LC:33] Sent messages to all VMs
2025-02-27 18:27:20.f - M0 [LC:34] Internal event
2025-02-27 18:27:20.f - M0 [LC:35] Internal event
2025-02-27 18:27:20.f - M0 [LC:36] Internal event
2025-02-27 18:27:21.f - M0 [LC:37] Sent message to VM 1
2025-02-27 18:27:21.f - M0 [LC:38] Internal event
2025-02-27 18:27:21.f - M0 [LC:39] Internal event
2025-02-27 18:27:21.f - M0 [LC:42] Received message. Queue length: 0
2025-02-27 18:27:22.f - M0 [LC:43] Internal event
2025-02-27 18:27:22.f - M0 [LC:44] Sent message to VM 1
2025-02-27 18:27:22.f - M0 [LC:45] Sent message to VM 1
2025-02-27 18:27:22.f - M0 [LC:46] Internal event
2025-02-27 18:27:23.f - M0 [LC:47] Received message. Queue length: 0
2025-02-27 18:27:23.f - M0 [LC:49] Received message. Queue length: 0
2025-02-27 18:27:23.f - M0 [LC:50] Internal event
2025-02-27 18:27:23.f - M0 [LC:51] Received message. Queue length: 0
2025-02-27 18:27:24.f - M0 [LC:52] Internal event
2025-02-27 18:27:24.f - M0 [LC:53] Sent message to VM 1
2025-02-27 18:27:24.f - M0 [LC:54] Internal event
2025-02-27 18:27:24.f - M0 [LC:55] Received message. Queue length: 0
2025-02-27 18:27:25.f - M0 [LC:57] Received message. Queue length: 0
2025-02-27 18:27:25.f - M0 [LC:58] Internal event
2025-02-27 18:27:25.f - M0 [LC:59] Sent message to VM 1
2025-02-27 18:27:25.f - M0 [LC:60] Internal event
2025-02-27 18:27:26.f - M0 [LC:62] Received message. Queue length: 0
2025-02-27 18:27:26.f - M0 [LC:63] Internal event
2025-02-27 18:27:26.f - M0 [LC:64] Internal event
2025-02-27 18:27:26.f - M0 [LC:65] Internal event
2025-02-27 18:27:27.f - M0 [LC:66] Internal event
2025-02-27 18:27:27.f - M0 [LC:67] Internal event
2025-02-27 18:27:27.f - M0 [LC:68] Sent messages to all VMs
2025-02-27 18:27:27.f - M0 [LC:69] Internal event
2025-02-27 18:27:28.f - M0 [LC:71] Received message. Queue length: 0
2025-02-27 18:27:28.f - M0 [LC:72] Sent message to VM 2
2025-02-27 18:27:28.f - M0 [LC:73] Internal event
2025-02-27 18:27:28.f - M0 [LC:74] Internal event
2025-02-27 18:27:29.f - M0 [LC:75] Sent message to VM 1
2025-02-27 18:27:29.f - M0 [LC:76] Internal event
2025-02-27 18:27:29.f - M0 [LC:77] Internal event
2025-02-27 18:27:29.f - M0 [LC:78] Internal event
2025-02-27 18:27:30.f - M0 [LC:80] Received message. Queue length: 0
2025-02-27 18:27:30.f - M0 [LC:81] Sent message to VM 1
2025-02-27 18:27:30.f - M0 [LC:82] Internal event
2025-02-27 18:27:30.f - M0 [LC:83] Internal event
2025-02-27 18:27:31.f - M0 [LC:84] Sent messages to all VMs
2025-02-27 18:27:31.f - M0 [LC:85] Internal event
2025-02-27 18:27:31.f - M0 [LC:86] Internal event
2025-02-27 18:27:31.f - M0 [LC:87] Internal event
2025-02-27 18:27:32.f - M0 [LC:89] Received message. Queue length: 0
2025-02-27 18:27:32.f - M0 [LC:90] Sent message to VM 2
2025-02-27 18:27:32.f - M0 [LC:91] Sent messages to all VMs
2025-02-27 18:27:32.f - M0 [LC:92] Sent message to VM 1
2025-02-27 18:27:33.f - M0 [LC:93] Internal event
2025-02-27 18:27:33.f - M0 [LC:94] Internal event
2025-02-27 18:27:33.f - M0 [LC:96] Received message. Queue length: 0
2025-02-27 18:27:33.f - M0 [LC:97] Received message. Queue length: 0
2025-02-27 18:27:34.f - M0 [LC:98] Sent messages to all VMs
2025-02-27 18:27:34.f - M0 [LC:99] Sent message to VM 2
2025-02-27 18:27:34.f - M0 [LC:100] Sent message to VM 2
2025-02-27 18:27:34.f - M0 [LC:101] Internal event
2025-02-27 18:27:35.f - M0 [LC:102] Internal event
2025-02-27 18:27:35.f - M0 [LC:103] Internal event
2025-02-27 18:27:35.f - M0 [LC:104] Internal event
2025-02-27 18:27:35.f - M0 [LC:105] Sent messages to all VMs
2025-02-27 18:27:36.f - M0 [LC:106] Internal event
2025-02-27 18:27:36.f - M0 [LC:108] Received message. Queue length: 0
2025-02-27 18:27:36.f - M0 [LC:110] Received message. Queue length: 0
2025-02-27 18:27:36.f - M0 [LC:111] Internal event
2025-02-27 18:27:37.f - M0 [LC:112] Internal event
2025-02-27 18:27:37.f - M0 [LC:113] Sent messages to all VMs
2025-02-27 18:27:37.f - M0 [LC:114] Internal event
2025-02-27 18:27:38.f - M0 [LC:116] Received message. Queue length: 0
2025-02-27 18:27:38.f - M0 [LC:117] Received message. Queue length: 0
2025-02-27 18:27:38.f - M0 [LC:118] Internal event
2025-02-27 18:27:38.f - M0 [LC:119] Internal event
2025-02-27 18:27:39.f - M0 [LC:120] Internal event
2025-02-27 18:27:39.f - M0 [LC:121] Sent message to VM 1
2025-02-27 18:27:39.f - M0 [LC:122] Internal event
2025-02-27 18:27:39.f - M0 [LC:124] Received message. Queue length: 0
2025-02-27 18:27:40.f - M0 [LC:125] Sent messages to all VMs
2025-02-27 18:27:40.f - M0 [LC:126] Internal event
2025-02-27 18:27:40.f - M0 [LC:127] Internal event
2025-02-27 18:27:40.f - M0 [LC:128] Sent messages to all VMs
2025-02-27 18:27:41.f - M0 [LC:129] Sent messages to all VMs
2025-02-27 18:27:41.f - M0 [LC:130] Internal event
2025-02-27 18:27:41.f - M0 [LC:133] Received message. Queue length: 0
2025-02-27 18:27:41.f - M0 [LC:134] Internal event
2025-02-27 18:27:42.f - M0 [LC:135] Internal event
2025-02-27 18:27:42.f - M0 [LC:136] Internal event
2025-02-27 18:27:42.f - M0 [LC:137] Received message. Queue length: 0
2025-02-27 18:27:42.f - M0 [LC:138] Received message. Queue length: 0
2025-02-27 18:27:43.f - M0 [LC:140] Received message. Queue length: 0
2025-02-27 18:27:43.f - M0 [LC:141] Sent message to VM 1
2025-02-27 18:27:43.f - M0 [LC:142] Internal event
2025-02-27 18:27:43.f - M0 [LC:144] Received message. Queue length: 0
2025-02-27 18:27:44.f - M0 [LC:145] Internal event
2025-02-27 18:27:44.f - M0 [LC:146] Received message. Queue length: 0
2025-02-27 18:27:44.f - M0 [LC:147] Received message. Queue length: 0
2025-02-27 18:27:44.f - M0 [LC:148] Internal event
2025-02-27 18:27:45.f - M0 [LC:149] Sent message to VM 1
2025-02-27 18:27:45.f - M0 [LC:150] Internal event
2025-02-27 18:27:45.f - M0 [LC:151] Received message. Queue length: 0
2025-02-27 18:27:45.f - M0 [LC:152] Received message. Queue length: 0
2025-02-27 18:27:46.f - M0 [LC:153] Internal event
2025-02-27 18:27:46.f - M0 [LC:154] Internal event
2025-02-27 18:27:46.f - M0 [LC:155] Internal event
2025-02-27 18:27:46.f - M0 [LC:156] Sent message to VM 1
2025-02-27 18:27:47.f - M0 [LC:157] Internal event
2025-02-27 18:27:47.f - M0 [LC:158] Internal event
2025-02-27 18:27:47.f - M0 [LC:159] Sent message to VM 2
2025-02-27 18:27:47.f - M0 [LC:160] Internal event
2025-02-27 18:27:48.f - M0 [LC:161] Internal event
2025-02-27 18:27:48.f - M0 [LC:162] Internal event
2025-02-27 18:27:48.f - M0 [LC:163] Sent messages to all VMs
2025-02-27 18:27:48.f - M0 [LC:164] Internal event
2025-02-27 18:27:49.f - M0 [LC:165] Sent message to VM 2
2025-02-27 18:27:49.f - M0 [LC:166] Internal event
2025-02-27 18:27:49.f - M0 [LC:167] Sent message to VM 2
2025-02-27 18:27:49.f - M0 [LC:168] Internal event
2025-02-27 18:27:50.f - M0 [LC:169] Internal event
2025-02-27 18:27:50.f - M0 [LC:170] Internal event
2025-02-27 18:27:50.f - M0 [LC:173] Received message. Queue length: 0
2025-02-27 18:27:50.f - M0 [LC:174] Sent message to VM 2
2025-02-27 18:27:51.f - M0 [LC:175] Internal event
2025-02-27 18:27:51.f - M0 [LC:176] Internal event
2025-02-27 18:27:51.f - M0 [LC:177] Sent message to VM 2
2025-02-27 18:27:51.f - M0 [LC:178] Internal event
2025-02-27 18:27:52.f - M0 [LC:179] Internal event
2025-02-27 18:27:52.f - M0 [LC:181] Received message. Queue length: 0
2025-02-27 18:27:52.f - M0 [LC:182] Sent message to VM 1
2025-02-27 18:27:53.f - M0 [LC:183] Internal event
2025-02-27 18:27:53.f - M0 [LC:185] Received message. Queue length: 0
2025-02-27 18:27:53.f - M0 [LC:186] Internal event
2025-02-27 18:27:53.f - M0 [LC:187] Sent message to VM 2
2025-02-27 18:27:54.f - M0 [LC:188] Internal event
2025-02-27 18:27:54.f - M0 [LC:190] Received message. Queue length: 0
2025-02-27 18:27:54.f - M0 [LC:191] Internal event
2025-02-27 18:27:54.f - M0 [LC:192] Internal event
2025-02-27 18:27:55.f - M0 [LC:193] Sent message to VM 2
2025-02-27 18:27:55.f - M0 [LC:194] Internal event
2025-02-27 18:27:55.f - M0 [LC:196] Received message. Queue length: 0
2025-02-27 18:27:55.f - M0 [LC:197] Internal event
2025-02-27 18:27:56.f - M0 [LC:198] Received message. Queue length: 0
2025-02-27 18:27:56.f - M0 [LC:200] Received message. Queue length: 0
2025-02-27 18:27:56.f - M0 [LC:201] Internal event
2025-02-27 18:27:56.f - M0 [LC:202] Internal event
2025-02-27 18:27:57.f - M0 [LC:203] Internal event
2025-02-27 18:27:57.f - M0 [LC:204] Sent message to VM 2
2025-02-27 18:27:57.f - M0 [LC:205] Internal event
2025-02-27 18:27:57.f - M0 [LC:206] Internal event
2025-02-27 18:27:58.f - M0 [LC:207] Internal event
2025-02-27 18:27:58.f - M0 [LC:209] Received message. Queue length: 0
2025-02-27 18:27:58.f - M0 [LC:210] Internal event
2025-02-27 18:27:58.f - M0 [LC:211] Internal event
2025-02-27 18:27:59.f - M0 [LC:212] Internal event
2025-02-27 18:27:59.f - M0 [LC:213] Sent messages to all VMs
2025-02-27 18:27:59.f - M0 [LC:214] Internal event
2025-02-27 18:27:59.f - M0 [LC:216] Received message. Queue length: 0
2025-02-27 18:28:00.f - M0 [LC:217] Internal event
2025-02-27 18:28:00.f - M0 [LC:219] Received message. Queue length: 0
2025-02-27 18:28:00.f - M0 [LC:220] Internal event
2025-02-27 18:28:00.f - M0 [LC:221] Received message. Queue length: 0
2025-02-27 18:28:01.f - M0 [LC:222] Internal event
2025-02-27 18:28:01.f - M0 [LC:223] Internal event
2025-02-27 18:28:01.f - M0 [LC:224] Sent message to VM 1
2025-02-27 18:28:01.f - M0 [LC:225] Sent messages to all VMs
2025-02-27 18:28:02.f - M0 [LC:226] Internal event
2025-02-27 18:28:02.f - M0 [LC:227] Internal event
2025-02-27 18:28:02.f - M0 [LC:228] Sent message to VM 1
2025-02-27 18:28:02.f - M0 [LC:230] Received message. Queue length: 0
2025-02-27 18:28:03.f - M0 [LC:231] Sent message to VM 2
2025-02-27 18:28:03.f - M0 [LC:232] Internal event
2025-02-27 18:28:03.f - M0 [LC:233] Sent messages to all VMs
2025-02-27 18:28:03.f - M0 [LC:234] Internal event
2025-02-27 18:28:04.f - M0 [LC:235] Sent message to VM 1
2025-02-27 18:28:04.f - M0 [LC:236] Received message. Queue length: 0
2025-02-27 18:28:04.f - M0 [LC:238] Received message. Queue length: 0
2025-02-27 18:28:04.f - M0 [LC:239] Received message. Queue length: 0
2025-02-27 18:28:05.f - M0 [LC:240] Sent message to VM 1
2025-02-27 18:28:05.f - M0 [LC:241] Internal event
2025-02-27 18:28:05.f - M0 [LC:242] Internal event
2025-02-27 18:28:05.f - M0 [LC:243] Received message. Queue length: 0
2025-02-27 18:28:06.f - M0 [LC:244] Sent message to VM 1
2025-02-27 18:28:06.f - M0 [LC:245] Internal event
2025-02-27 18:28:06.f - M0 [LC:247] Received message. Queue length: 0
2025-02-27 18:28:06.f - M0 [LC:248] Internal event
2025-02-27 18:28:07.f - M0 [LC:250] Received message. Queue length: 0
2025-02-27 18:28:07.f - M0 [LC:251] Internal event
2025-02-27 18:28:07.f - M0 [LC:252] Sent message to VM 2
2025-02-27 18:28:07.f - M0 [LC:253] Received message. Queue length: 0
2025-02-27 18:28:08.f - M0 [LC:254] Internal event
2025-02-27 18:28:08.f - M0 [LC:255] Sent message to VM 2
2025-02-27 18:28:08.f - M0 [LC:256] Sent message to VM 1
2025-02-27 18:28:09.f - M0 [LC:257] Sent messages to all VMs
2025-02-27 18:28:09.f - M0 [LC:258] Sent message to VM 2
2025-02-27 18:28:09.f - M0 [LC:259] Internal event
2025-02-27 18:28:09.f - M0 [LC:260] Internal event
2025-02-27 18:28:10.f - M0 [LC:263] Received message. Queue length: 0
2025-02-27 18:28:10.f - M0 [LC:264] Internal event
2025-02-27 18:28:10.f - M0 [LC:265] Internal event
2025-02-27 18:28:10.f - M0 [LC:266] Received message. Queue length: 0
2025-02-27 18:28:11.f - M0 [LC:267] Received message. Queue length: 0
2025-02-27 18:28:11.f - M0 [LC:268] Received message. Queue length: 0
2025-02-27 18:28:11.f - M0 [LC:269] Received message. Queue length: 0
2025-02-27 18:28:11.f - M0 [LC:270] Internal event
2025-02-27 18:28:12.f - M0 [LC:271] Internal event
2025-02-27 18:28:12.f - M0 [LC:272] Sent message to VM 2
2025-02-27 18:28:12.f - M0 [LC:273] Internal event
2025-02-27 18:28:13.f - M0 [LC:273] Stopped VM 0
