2025-02-27 18:23:31.f - M0 [LC:0] Initialized with clock rate 6 ticks/second
2025-02-27 18:23:31.f - M0 [LC:0] Connected to VM 1 on port 10001
2025-02-27 18:23:31.f - M0 [LC:0] Connected to VM 2 on port 10002
2025-02-27 18:23:31.f - M0 [LC:1] Internal event
2025-02-27 18:23:31.f - M0 [LC:1] Started VM 0 with clock rate 6
2025-02-27 18:23:31.f - M0 [LC:2] Internal event
2025-02-27 18:23:32.f - M0 [LC:3] Received message. Queue length: 0
2025-02-27 18:23:32.f - M0 [LC:4] Received message. Queue length: 0
2025-02-27 18:23:32.f - M0 [LC:5] Internal event
2025-02-27 18:23:32.f - M0 [LC:6] Internal event
2025-02-27 18:23:32.f - M0 [LC:7] Internal event
2025-02-27 18:23:32.f - M0 [LC:8] Sent messages to all VMs
2025-02-27 18:23:33.f - M0 [LC:9] Internal event
2025-02-27 18:23:33.f - M0 [LC:11] Received message. Queue length: 0
2025-02-27 18:23:33.f - M0 [LC:12] Internal event
2025-02-27 18:23:33.f - M0 [LC:13] Internal event
2025-02-27 18:23:33.f - M0 [LC:14] Internal event
2025-02-27 18:23:34.f - M0 [LC:15] Internal event
2025-02-27 18:23:34.f - M0 [LC:16] Sent message to VM 2
2025-02-27 18:23:34.f - M0 [LC:17] Sent message to VM 2
2025-02-27 18:23:34.f - M0 [LC:18] Sent message to VM 1
2025-02-27 18:23:34.f - M0 [LC:19] Internal event
2025-02-27 18:23:34.f - M0 [LC:21] Received message. Queue length: 0
2025-02-27 18:23:35.f - M0 [LC:22] Internal event
2025-02-27 18:23:35.f - M0 [LC:23] Sent message to VM 1
2025-02-27 18:23:35.f - M0 [LC:24] Internal event
2025-02-27 18:23:35.f - M0 [LC:25] Sent message to VM 1
2025-02-27 18:23:35.f - M0 [LC:26] Internal event
2025-02-27 18:23:35.f - M0 [LC:27] Sent message to VM 2
2025-02-27 18:23:36.f - M0 [LC:28] Internal event
2025-02-27 18:23:36.f - M0 [LC:29] Internal event
2025-02-27 18:23:36.f - M0 [LC:30] Internal event
2025-02-27 18:23:36.f - M0 [LC:31] Internal event
2025-02-27 18:23:36.f - M0 [LC:32] Internal event
2025-02-27 18:23:36.f - M0 [LC:33] Internal event
2025-02-27 18:23:37.f - M0 [LC:34] Internal event
2025-02-27 18:23:37.f - M0 [LC:35] Sent message to VM 2
2025-02-27 18:23:37.f - M0 [LC:36] Internal event
2025-02-27 18:23:37.f - M0 [LC:37] Internal event
2025-02-27 18:23:37.f - M0 [LC:38] Internal event
2025-02-27 18:23:37.f - M0 [LC:40] Received message. Queue length: 0
2025-02-27 18:23:38.f - M0 [LC:41] Internal event
2025-02-27 18:23:38.f - M0 [LC:42] Internal event
2025-02-27 18:23:38.f - M0 [LC:43] Internal event
2025-02-27 18:23:38.f - M0 [LC:44] Received message. Queue length: 0
2025-02-27 18:23:38.f - M0 [LC:45] Internal event
2025-02-27 18:23:38.f - M0 [LC:46] Received message. Queue length: 0
2025-02-27 18:23:39.f - M0 [LC:47] Internal event
2025-02-27 18:23:39.f - M0 [LC:48] Internal event
2025-02-27 18:23:39.f - M0 [LC:49] Sent message to VM 2
2025-02-27 18:23:39.f - M0 [LC:50] Internal event
2025-02-27 18:23:39.f - M0 [LC:51] Internal event
2025-02-27 18:23:39.f - M0 [LC:53] Received message. Queue length: 0
2025-02-27 18:23:40.f - M0 [LC:54] Internal event
2025-02-27 18:23:40.f - M0 [LC:55] Internal event
2025-02-27 18:23:40.f - M0 [LC:56] Internal event
2025-02-27 18:23:40.f - M0 [LC:57] Internal event
2025-02-27 18:23:40.f - M0 [LC:58] Internal event
2025-02-27 18:23:40.f - M0 [LC:59] Sent messages to all VMs
2025-02-27 18:23:41.f - M0 [LC:60] Sent messages to all VMs
2025-02-27 18:23:41.f - M0 [LC:61] Internal event
2025-02-27 18:23:41.f - M0 [LC:62] Internal event
2025-02-27 18:23:41.f - M0 [LC:63] Internal event
2025-02-27 18:23:41.f - M0 [LC:64] Received message. Queue length: 0
2025-02-27 18:23:42.f - M0 [LC:65] Received message. Queue length: 0
2025-02-27 18:23:42.f - M0 [LC:66] Sent messages to all VMs
2025-02-27 18:23:42.f - M0 [LC:67] Internal event
2025-02-27 18:23:42.f - M0 [LC:68] Internal event
2025-02-27 18:23:42.f - M0 [LC:69] Internal event
2025-02-27 18:23:42.f - M0 [LC:70] Sent message to VM 1
2025-02-27 18:23:43.f - M0 [LC:71] Sent message to VM 2
2025-02-27 18:23:43.f - M0 [LC:72] Internal event
2025-02-27 18:23:43.f - M0 [LC:73] Internal event
2025-02-27 18:23:43.f - M0 [LC:74] Received message. Queue length: 0
2025-02-27 18:23:43.f - M0 [LC:75] Received message. Queue length: 0
2025-02-27 18:23:43.f - M0 [LC:76] Internal event
2025-02-27 18:23:44.f - M0 [LC:77] Sent messages to all VMs
2025-02-27 18:23:44.f - M0 [LC:78] Internal event
2025-02-27 18:23:44.f - M0 [LC:79] Internal event
2025-02-27 18:23:44.f - M0 [LC:80] Internal event
2025-02-27 18:23:44.f - M0 [LC:81] Sent message to VM 2
2025-02-27 18:23:44.f - M0 [LC:82] Sent messages to all VMs
2025-02-27 18:23:45.f - M0 [LC:83] Internal event
2025-02-27 18:23:45.f - M0 [LC:84] Sent message to VM 2
2025-02-27 18:23:45.f - M0 [LC:85] Internal event
2025-02-27 18:23:45.f - M0 [LC:86] Received message. Queue length: 0
2025-02-27 18:23:45.f - M0 [LC:87] Received message. Queue length: 0
2025-02-27 18:23:45.f - M0 [LC:88] Sent message to VM 1
2025-02-27 18:23:46.f - M0 [LC:89] Internal event
2025-02-27 18:23:46.f - M0 [LC:90] Received message. Queue length: 1
2025-02-27 18:23:46.f - M0 [LC:91] Received message. Queue length: 0
2025-02-27 18:23:46.f - M0 [LC:92] Received message. Queue length: 0
2025-02-27 18:23:46.f - M0 [LC:93] Sent message to VM 1
2025-02-27 18:23:46.f - M0 [LC:94] Received message. Queue length: 0
2025-02-27 18:23:47.f - M0 [LC:95] Internal event
2025-02-27 18:23:47.f - M0 [LC:96] Internal event
2025-02-27 18:23:47.f - M0 [LC:97] Internal event
2025-02-27 18:23:47.f - M0 [LC:98] Received message. Queue length: 0
2025-02-27 18:23:47.f - M0 [LC:99] Internal event
2025-02-27 18:23:48.f - M0 [LC:100] Internal event
2025-02-27 18:23:48.f - M0 [LC:101] Internal event
2025-02-27 18:23:48.f - M0 [LC:102] Received message. Queue length: 0
2025-02-27 18:23:48.f - M0 [LC:103] Internal event
2025-02-27 18:23:48.f - M0 [LC:104] Internal event
2025-02-27 18:23:48.f - M0 [LC:105] Sent message to VM 2
2025-02-27 18:23:49.f - M0 [LC:106] Sent messages to all VMs
2025-02-27 18:23:49.f - M0 [LC:107] Sent messages to all VMs
2025-02-27 18:23:49.f - M0 [LC:108] Sent message to VM 2
2025-02-27 18:23:49.f - M0 [LC:109] Internal event
2025-02-27 18:23:49.f - M0 [LC:110] Internal event
2025-02-27 18:23:49.f - M0 [LC:111] Sent messages to all VMs
2025-02-27 18:23:50.f - M0 [LC:112] Internal event
2025-02-27 18:23:50.f - M0 [LC:114] Received message. Queue length: 0
2025-02-27 18:23:50.f - M0 [LC:115] Internal event
2025-02-27 18:23:50.f - M0 [LC:116] Internal event
2025-02-27 18:23:50.f - M0 [LC:117] Sent message to VM 1
2025-02-27 18:23:50.f - M0 [LC:118] Internal event
2025-02-27 18:23:51.f - M0 [LC:119] Sent messages to all VMs
2025-02-27 18:23:51.f - M0 [LC:120] Internal event
2025-02-27 18:23:51.f - M0 [LC:121] Internal event
2025-02-27 18:23:51.f - M0 [LC:122] Internal event
2025-02-27 18:23:51.f - M0 [LC:123] Internal event
2025-02-27 18:23:51.f - M0 [LC:124] Internal event
2025-02-27 18:23:52.f - M0 [LC:125] Sent messages to all VMs
2025-02-27 18:23:52.f - M0 [LC:126] Sent message to VM 2
2025-02-27 18:23:52.f - M0 [LC:127] Internal event
2025-02-27 18:23:52.f - M0 [LC:128] Internal event
2025-02-27 18:23:52.f - M0 [LC:129] Received message. Queue length: 0
2025-02-27 18:23:52.f - M0 [LC:130] Received message. Queue length: 0
2025-02-27 18:23:53.f - M0 [LC:131] Sent message to VM 2
2025-02-27 18:23:53.f - M0 [LC:132] Sent message to VM 1
2025-02-27 18:23:53.f - M0 [LC:133] Internal event
2025-02-27 18:23:53.f - M0 [LC:134] Internal event
2025-02-27 18:23:53.f - M0 [LC:135] Internal event
2025-02-27 18:23:53.f - M0 [LC:136] Internal event
2025-02-27 18:23:54.f - M0 [LC:137] Internal event
2025-02-27 18:23:54.f - M0 [LC:138] Received message. Queue length: 1
2025-02-27 18:23:54.f - M0 [LC:139] Received message. Queue length: 0
2025-02-27 18:23:54.f - M0 [LC:140] Internal event
2025-02-27 18:23:54.f - M0 [LC:141] Internal event
2025-02-27 18:23:54.f - M0 [LC:142] Received message. Queue length: 0
2025-02-27 18:23:55.f - M0 [LC:143] Internal event
2025-02-27 18:23:55.f - M0 [LC:144] Received message. Queue length: 0
2025-02-27 18:23:55.f - M0 [LC:145] Received message. Queue length: 0
2025-02-27 18:23:55.f - M0 [LC:146] Internal event
2025-02-27 18:23:55.f - M0 [LC:147] Received message. Queue length: 0
2025-02-27 18:23:56.f - M0 [LC:148] Sent message to VM 1
2025-02-27 18:23:56.f - M0 [LC:149] Internal event
2025-02-27 18:23:56.f - M0 [LC:150] Internal event
2025-02-27 18:23:56.f - M0 [LC:151] Internal event
2025-02-27 18:23:56.f - M0 [LC:153] Received message. Queue length: 0
2025-02-27 18:23:56.f - M0 [LC:154] Sent message to VM 1
2025-02-27 18:23:57.f - M0 [LC:155] Internal event
2025-02-27 18:23:57.f - M0 [LC:156] Sent messages to all VMs
2025-02-27 18:23:57.f - M0 [LC:157] Sent message to VM 1
2025-02-27 18:23:57.f - M0 [LC:158] Sent messages to all VMs
2025-02-27 18:23:57.f - M0 [LC:159] Internal event
2025-02-27 18:23:57.f - M0 [LC:160] Sent messages to all VMs
2025-02-27 18:23:58.f - M0 [LC:161] Internal event
2025-02-27 18:23:58.f - M0 [LC:162] Internal event
2025-02-27 18:23:58.f - M0 [LC:163] Sent message to VM 1
2025-02-27 18:23:58.f - M0 [LC:165] Received message. Queue length: 0
2025-02-27 18:23:58.f - M0 [LC:166] Internal event
2025-02-27 18:23:58.f - M0 [LC:167] Sent messages to all VMs
2025-02-27 18:23:59.f - M0 [LC:168] Sent message to VM 1
2025-02-27 18:23:59.f - M0 [LC:169] Sent message to VM 2
2025-02-27 18:23:59.f - M0 [LC:170] Internal event
2025-02-27 18:23:59.f - M0 [LC:171] Internal event
2025-02-27 18:23:59.f - M0 [LC:172] Internal event
2025-02-27 18:23:59.f - M0 [LC:173] Sent message to VM 1
2025-02-27 18:24:00.f - M0 [LC:174] Internal event
2025-02-27 18:24:00.f - M0 [LC:175] Internal event
2025-02-27 18:24:00.f - M0 [LC:176] Sent messages to all VMs
2025-02-27 18:24:00.f - M0 [LC:177] Internal event
2025-02-27 18:24:00.f - M0 [LC:178] Internal event
2025-02-27 18:24:00.f - M0 [LC:179] Internal event
2025-02-27 18:24:01.f - M0 [LC:180] Received message. Queue length: 0
2025-02-27 18:24:01.f - M0 [LC:181] Sent message to VM 2
2025-02-27 18:24:01.f - M0 [LC:182] Internal event
2025-02-27 18:24:01.f - M0 [LC:183] Internal event
2025-02-27 18:24:01.f - M0 [LC:185] Received message. Queue length: 0
2025-02-27 18:24:02.f - M0 [LC:186] Sent message to VM 1
2025-02-27 18:24:02.f - M0 [LC:187] Internal event
2025-02-27 18:24:02.f - M0 [LC:188] Internal event
2025-02-27 18:24:02.f - M0 [LC:189] Internal event
2025-02-27 18:24:02.f - M0 [LC:190] Internal event
2025-02-27 18:24:02.f - M0 [LC:191] Internal event
2025-02-27 18:24:03.f - M0 [LC:192] Internal event
2025-02-27 18:24:03.f - M0 [LC:193] Received message. Queue length: 0
2025-02-27 18:24:03.f - M0 [LC:194] Received message. Queue length: 0
2025-02-27 18:24:03.f - M0 [LC:195] Received message. Queue length: 0
2025-02-27 18:24:03.f - M0 [LC:196] Sent message to VM 1
2025-02-27 18:24:03.f - M0 [LC:197] Sent message to VM 2
2025-02-27 18:24:04.f - M0 [LC:198] Internal event
2025-02-27 18:24:04.f - M0 [LC:199] Internal event
2025-02-27 18:24:04.f - M0 [LC:200] Received message. Queue length: 0
2025-02-27 18:24:04.f - M0 [LC:201] Received message. Queue length: 0
2025-02-27 18:24:04.f - M0 [LC:202] Received message. Queue length: 0
2025-02-27 18:24:04.f - M0 [LC:204] Received message. Queue length: 0
2025-02-27 18:24:05.f - M0 [LC:205] Sent message to VM 2
2025-02-27 18:24:05.f - M0 [LC:206] Internal event
2025-02-27 18:24:05.f - M0 [LC:207] Internal event
2025-02-27 18:24:05.f - M0 [LC:208] Sent message to VM 2
2025-02-27 18:24:05.f - M0 [LC:209] Internal event
2025-02-27 18:24:05.f - M0 [LC:210] Internal event
2025-02-27 18:24:06.f - M0 [LC:211] Sent messages to all VMs
2025-02-27 18:24:06.f - M0 [LC:212] Internal event
2025-02-27 18:24:06.f - M0 [LC:213] Internal event
2025-02-27 18:24:06.f - M0 [LC:214] Received message. Queue length: 0
2025-02-27 18:24:06.f - M0 [LC:215] Sent message to VM 1
2025-02-27 18:24:06.f - M0 [LC:216] Received message. Queue length: 0
2025-02-27 18:24:07.f - M0 [LC:217] Sent messages to all VMs
2025-02-27 18:24:07.f - M0 [LC:218] Internal event
2025-02-27 18:24:07.f - M0 [LC:219] Sent message to VM 1
2025-02-27 18:24:07.f - M0 [LC:220] Sent message to VM 1
2025-02-27 18:24:07.f - M0 [LC:221] Sent message to VM 2
2025-02-27 18:24:07.f - M0 [LC:222] Internal event
2025-02-27 18:24:08.f - M0 [LC:224] Received message. Queue length: 0
2025-02-27 18:24:08.f - M0 [LC:225] Internal event
2025-02-27 18:24:08.f - M0 [LC:226] Internal event
2025-02-27 18:24:08.f - M0 [LC:227] Sent message to VM 1
2025-02-27 18:24:08.f - M0 [LC:228] Internal event
2025-02-27 18:24:08.f - M0 [LC:229] Internal event
2025-02-27 18:24:09.f - M0 [LC:230] Sent message to VM 1
2025-02-27 18:24:09.f - M0 [LC:231] Sent message to VM 1
2025-02-27 18:24:09.f - M0 [LC:232] Internal event
2025-02-27 18:24:09.f - M0 [LC:233] Sent message to VM 2
2025-02-27 18:24:09.f - M0 [LC:234] Sent message to VM 2
2025-02-27 18:24:10.f - M0 [LC:235] Internal event
2025-02-27 18:24:10.f - M0 [LC:236] Internal event
2025-02-27 18:24:10.f - M0 [LC:237] Internal event
2025-02-27 18:24:10.f - M0 [LC:238] Sent message to VM 2
2025-02-27 18:24:10.f - M0 [LC:239] Internal event
2025-02-27 18:24:10.f - M0 [LC:241] Received message. Queue length: 0
2025-02-27 18:24:11.f - M0 [LC:242] Internal event
2025-02-27 18:24:11.f - M0 [LC:243] Internal event
2025-02-27 18:24:11.f - M0 [LC:244] Received message. Queue length: 0
2025-02-27 18:24:11.f - M0 [LC:245] Internal event
2025-02-27 18:24:11.f - M0 [LC:246] Internal event
2025-02-27 18:24:11.f - M0 [LC:247] Internal event
2025-02-27 18:24:12.f - M0 [LC:248] Internal event
2025-02-27 18:24:12.f - M0 [LC:249] Internal event
2025-02-27 18:24:12.f - M0 [LC:250] Internal event
2025-02-27 18:24:12.f - M0 [LC:251] Internal event
2025-02-27 18:24:12.f - M0 [LC:252] Sent message to VM 1
2025-02-27 18:24:12.f - M0 [LC:253] Internal event
2025-02-27 18:24:13.f - M0 [LC:254] Internal event
2025-02-27 18:24:13.f - M0 [LC:255] Received message. Queue length: 0
2025-02-27 18:24:13.f - M0 [LC:256] Internal event
2025-02-27 18:24:13.f - M0 [LC:257] Internal event
2025-02-27 18:24:13.f - M0 [LC:258] Received message. Queue length: 0
2025-02-27 18:24:13.f - M0 [LC:259] Sent message to VM 2
2025-02-27 18:24:14.f - M0 [LC:260] Internal event
2025-02-27 18:24:14.f - M0 [LC:261] Internal event
2025-02-27 18:24:14.f - M0 [LC:262] Internal event
2025-02-27 18:24:14.f - M0 [LC:263] Internal event
2025-02-27 18:24:14.f - M0 [LC:264] Sent messages to all VMs
2025-02-27 18:24:14.f - M0 [LC:265] Sent messages to all VMs
2025-02-27 18:24:15.f - M0 [LC:266] Internal event
2025-02-27 18:24:15.f - M0 [LC:267] Internal event
2025-02-27 18:24:15.f - M0 [LC:268] Internal event
2025-02-27 18:24:15.f - M0 [LC:269] Internal event
2025-02-27 18:24:15.f - M0 [LC:270] Internal event
2025-02-27 18:24:15.f - M0 [LC:271] Internal event
2025-02-27 18:24:16.f - M0 [LC:272] Internal event
2025-02-27 18:24:16.f - M0 [LC:273] Received message. Queue length: 0
2025-02-27 18:24:16.f - M0 [LC:274] Sent messages to all VMs
2025-02-27 18:24:16.f - M0 [LC:275] Internal event
2025-02-27 18:24:16.f - M0 [LC:276] Internal event
2025-02-27 18:24:16.f - M0 [LC:277] Sent message to VM 1
2025-02-27 18:24:17.f - M0 [LC:278] Internal event
2025-02-27 18:24:17.f - M0 [LC:279] Internal event
2025-02-27 18:24:17.f - M0 [LC:280] Received message. Queue length: 0
2025-02-27 18:24:17.f - M0 [LC:281] Received message. Queue length: 0
2025-02-27 18:24:17.f - M0 [LC:282] Internal event
2025-02-27 18:24:18.f - M0 [LC:283] Received message. Queue length: 0
2025-02-27 18:24:18.f - M0 [LC:284] Internal event
2025-02-27 18:24:18.f - M0 [LC:285] Received message. Queue length: 0
2025-02-27 18:24:18.f - M0 [LC:286] Received message. Queue length: 0
2025-02-27 18:24:18.f - M0 [LC:287] Internal event
2025-02-27 18:24:18.f - M0 [LC:288] Internal event
2025-02-27 18:24:19.f - M0 [LC:289] Internal event
2025-02-27 18:24:19.f - M0 [LC:290] Internal event
2025-02-27 18:24:19.f - M0 [LC:291] Sent messages to all VMs
2025-02-27 18:24:19.f - M0 [LC:292] Internal event
2025-02-27 18:24:19.f - M0 [LC:293] Internal event
2025-02-27 18:24:19.f - M0 [LC:294] Received message. Queue length: 0
2025-02-27 18:24:20.f - M0 [LC:295] Received message. Queue length: 0
2025-02-27 18:24:20.f - M0 [LC:296] Internal event
2025-02-27 18:24:20.f - M0 [LC:297] Internal event
2025-02-27 18:24:20.f - M0 [LC:298] Sent messages to all VMs
2025-02-27 18:24:20.f - M0 [LC:299] Internal event
2025-02-27 18:24:20.f - M0 [LC:300] Internal event
2025-02-27 18:24:21.f - M0 [LC:301] Sent message to VM 1
2025-02-27 18:24:21.f - M0 [LC:302] Internal event
2025-02-27 18:24:21.f - M0 [LC:303] Received message. Queue length: 0
2025-02-27 18:24:21.f - M0 [LC:304] Internal event
2025-02-27 18:24:21.f - M0 [LC:305] Received message. Queue length: 0
2025-02-27 18:24:21.f - M0 [LC:306] Sent message to VM 1
2025-02-27 18:24:22.f - M0 [LC:307] Internal event
2025-02-27 18:24:22.f - M0 [LC:308] Internal event
2025-02-27 18:24:22.f - M0 [LC:309] Received message. Queue length: 0
2025-02-27 18:24:22.f - M0 [LC:310] Internal event
2025-02-27 18:24:22.f - M0 [LC:311] Sent message to VM 2
2025-02-27 18:24:22.f - M0 [LC:312] Received message. Queue length: 0
2025-02-27 18:24:23.f - M0 [LC:313] Sent message to VM 2
2025-02-27 18:24:23.f - M0 [LC:314] Received message. Queue length: 0
2025-02-27 18:24:23.f - M0 [LC:315] Internal event
2025-02-27 18:24:23.f - M0 [LC:316] Sent message to VM 1
2025-02-27 18:24:23.f - M0 [LC:317] Internal event
2025-02-27 18:24:23.f - M0 [LC:318] Internal event
2025-02-27 18:24:24.f - M0 [LC:319] Received message. Queue length: 1
2025-02-27 18:24:24.f - M0 [LC:320] Received message. Queue length: 0
2025-02-27 18:24:24.f - M0 [LC:321] Received message. Queue length: 0
2025-02-27 18:24:24.f - M0 [LC:322] Internal event
2025-02-27 18:24:24.f - M0 [LC:323] Internal event
2025-02-27 18:24:25.f - M0 [LC:324] Sent messages to all VMs
2025-02-27 18:24:25.f - M0 [LC:325] Sent messages to all VMs
2025-02-27 18:24:25.f - M0 [LC:326] Internal event
2025-02-27 18:24:25.f - M0 [LC:327] Sent message to VM 1
2025-02-27 18:24:25.f - M0 [LC:329] Received message. Queue length: 0
2025-02-27 18:24:25.f - M0 [LC:330] Internal event
2025-02-27 18:24:26.f - M0 [LC:331] Sent messages to all VMs
2025-02-27 18:24:26.f - M0 [LC:332] Internal event
2025-02-27 18:24:26.f - M0 [LC:334] Received message. Queue length: 0
2025-02-27 18:24:26.f - M0 [LC:335] Internal event
2025-02-27 18:24:26.f - M0 [LC:336] Received message. Queue length: 0
2025-02-27 18:24:26.f - M0 [LC:337] Sent message to VM 2
2025-02-27 18:24:27.f - M0 [LC:338] Internal event
2025-02-27 18:24:27.f - M0 [LC:339] Sent message to VM 1
2025-02-27 18:24:27.f - M0 [LC:340] Internal event
2025-02-27 18:24:27.f - M0 [LC:341] Received message. Queue length: 0
2025-02-27 18:24:27.f - M0 [LC:342] Received message. Queue length: 0
2025-02-27 18:24:27.f - M0 [LC:343] Internal event
2025-02-27 18:24:28.f - M0 [LC:344] Received message. Queue length: 0
2025-02-27 18:24:28.f - M0 [LC:345] Sent messages to all VMs
2025-02-27 18:24:28.f - M0 [LC:346] Internal event
2025-02-27 18:24:28.f - M0 [LC:347] Internal event
2025-02-27 18:24:28.f - M0 [LC:348] Internal event
2025-02-27 18:24:28.f - M0 [LC:349] Internal event
2025-02-27 18:24:29.f - M0 [LC:350] Internal event
2025-02-27 18:24:29.f - M0 [LC:351] Received message. Queue length: 0
2025-02-27 18:24:29.f - M0 [LC:352] Received message. Queue length: 0
2025-02-27 18:24:29.f - M0 [LC:353] Internal event
2025-02-27 18:24:29.f - M0 [LC:354] Received message. Queue length: 0
2025-02-27 18:24:29.f - M0 [LC:355] Internal event
2025-02-27 18:24:30.f - M0 [LC:356] Received message. Queue length: 0
2025-02-27 18:24:30.f - M0 [LC:357] Received message. Queue length: 0
2025-02-27 18:24:30.f - M0 [LC:358] Sent messages to all VMs
2025-02-27 18:24:30.f - M0 [LC:359] Internal event
2025-02-27 18:24:30.f - M0 [LC:360] Internal event
2025-02-27 18:24:30.f - M0 [LC:361] Internal event
2025-02-27 18:24:31.f - M0 [LC:363] Received message. Queue length: 0
2025-02-27 18:24:31.f - M0 [LC:364] Internal event
2025-02-27 18:24:31.f - M0 [LC:365] Internal event
2025-02-27 18:24:31.f - M0 [LC:366] Internal event
2025-02-27 18:24:32.f - M0 [LC:366] Stopped VM 0
