2025-02-27 18:38:20.f - M2 [LC:0] Initialized with clock rate 5 ticks/second
2025-02-27 18:38:20.f - M2 [LC:0] Connected to VM 0 on port 10000
2025-02-27 18:38:20.f - M2 [LC:0] Connected to VM 1 on port 10001
2025-02-27 18:38:20.f - M2 [LC:1] Internal event
2025-02-27 18:38:20.f - M2 [LC:1] Started VM 2 with clock rate 5
2025-02-27 18:38:21.f - M2 [LC:2] Sent messages to all VMs
2025-02-27 18:38:21.f - M2 [LC:3] Internal event
2025-02-27 18:38:21.f - M2 [LC:5] Received message. Queue length: 0
2025-02-27 18:38:21.f - M2 [LC:6] Sent message to VM 1
2025-02-27 18:38:21.f - M2 [LC:7] Sent message to VM 1
2025-02-27 18:38:22.f - M2 [LC:8] Internal event
2025-02-27 18:38:22.f - M2 [LC:9] Internal event
2025-02-27 18:38:22.f - M2 [LC:10] Internal event
2025-02-27 18:38:22.f - M2 [LC:11] Internal event
2025-02-27 18:38:22.f - M2 [LC:12] Received message. Queue length: 0
2025-02-27 18:38:23.f - M2 [LC:13] Internal event
2025-02-27 18:38:23.f - M2 [LC:14] Internal event
2025-02-27 18:38:23.f - M2 [LC:15] Sent messages to all VMs
2025-02-27 18:38:23.f - M2 [LC:16] Internal event
2025-02-27 18:38:23.f - M2 [LC:18] Received message. Queue length: 0
2025-02-27 18:38:24.f - M2 [LC:19] Internal event
2025-02-27 18:38:24.f - M2 [LC:20] Internal event
2025-02-27 18:38:24.f - M2 [LC:21] Sent messages to all VMs
2025-02-27 18:38:24.f - M2 [LC:22] Sent message to VM 0
2025-02-27 18:38:24.f - M2 [LC:23] Sent message to VM 1
2025-02-27 18:38:25.f - M2 [LC:24] Internal event
2025-02-27 18:38:25.f - M2 [LC:25] Internal event
2025-02-27 18:38:25.f - M2 [LC:26] Sent message to VM 1
2025-02-27 18:38:25.f - M2 [LC:27] Internal event
2025-02-27 18:38:25.f - M2 [LC:28] Internal event
2025-02-27 18:38:26.f - M2 [LC:29] Sent message to VM 0
2025-02-27 18:38:26.f - M2 [LC:30] Sent message to VM 1
2025-02-27 18:38:26.f - M2 [LC:31] Internal event
2025-02-27 18:38:26.f - M2 [LC:32] Internal event
2025-02-27 18:38:27.f - M2 [LC:34] Received message. Queue length: 0
2025-02-27 18:38:27.f - M2 [LC:35] Internal event
2025-02-27 18:38:27.f - M2 [LC:36] Sent message to VM 0
2025-02-27 18:38:27.f - M2 [LC:37] Received message. Queue length: 0
2025-02-27 18:38:27.f - M2 [LC:38] Received message. Queue length: 0
2025-02-27 18:38:28.f - M2 [LC:39] Received message. Queue length: 0
2025-02-27 18:38:28.f - M2 [LC:40] Internal event
2025-02-27 18:38:28.f - M2 [LC:41] Internal event
2025-02-27 18:38:28.f - M2 [LC:42] Internal event
2025-02-27 18:38:28.f - M2 [LC:43] Internal event
2025-02-27 18:38:29.f - M2 [LC:44] Internal event
2025-02-27 18:38:29.f - M2 [LC:45] Internal event
2025-02-27 18:38:29.f - M2 [LC:46] Sent message to VM 0
2025-02-27 18:38:29.f - M2 [LC:47] Internal event
2025-02-27 18:38:29.f - M2 [LC:48] Sent message to VM 1
2025-02-27 18:38:30.f - M2 [LC:49] Sent messages to all VMs
2025-02-27 18:38:30.f - M2 [LC:50] Sent message to VM 0
2025-02-27 18:38:30.f - M2 [LC:51] Sent message to VM 1
2025-02-27 18:38:30.f - M2 [LC:52] Internal event
2025-02-27 18:38:30.f - M2 [LC:53] Sent message to VM 1
2025-02-27 18:38:31.f - M2 [LC:54] Sent message to VM 1
2025-02-27 18:38:31.f - M2 [LC:55] Internal event
2025-02-27 18:38:31.f - M2 [LC:56] Internal event
2025-02-27 18:38:31.f - M2 [LC:57] Internal event
2025-02-27 18:38:31.f - M2 [LC:58] Sent message to VM 1
2025-02-27 18:38:32.f - M2 [LC:59] Internal event
2025-02-27 18:38:32.f - M2 [LC:60] Internal event
2025-02-27 18:38:32.f - M2 [LC:61] Internal event
2025-02-27 18:38:32.f - M2 [LC:62] Received message. Queue length: 0
2025-02-27 18:38:32.f - M2 [LC:63] Sent message to VM 0
2025-02-27 18:38:33.f - M2 [LC:64] Internal event
2025-02-27 18:38:33.f - M2 [LC:65] Internal event
2025-02-27 18:38:33.f - M2 [LC:66] Internal event
2025-02-27 18:38:33.f - M2 [LC:67] Received message. Queue length: 0
2025-02-27 18:38:33.f - M2 [LC:68] Internal event
2025-02-27 18:38:34.f - M2 [LC:69] Sent messages to all VMs
2025-02-27 18:38:34.f - M2 [LC:70] Internal event
2025-02-27 18:38:34.f - M2 [LC:71] Internal event
2025-02-27 18:38:34.f - M2 [LC:72] Internal event
2025-02-27 18:38:34.f - M2 [LC:73] Internal event
2025-02-27 18:38:35.f - M2 [LC:74] Internal event
2025-02-27 18:38:35.f - M2 [LC:75] Sent message to VM 0
2025-02-27 18:38:35.f - M2 [LC:76] Sent message to VM 1
2025-02-27 18:38:35.f - M2 [LC:77] Internal event
2025-02-27 18:38:35.f - M2 [LC:78] Internal event
2025-02-27 18:38:36.f - M2 [LC:80] Received message. Queue length: 0
2025-02-27 18:38:36.f - M2 [LC:81] Internal event
2025-02-27 18:38:36.f - M2 [LC:82] Received message. Queue length: 0
2025-02-27 18:38:36.f - M2 [LC:83] Internal event
2025-02-27 18:38:36.f - M2 [LC:84] Internal event
2025-02-27 18:38:37.f - M2 [LC:85] Internal event
2025-02-27 18:38:37.f - M2 [LC:86] Sent messages to all VMs
2025-02-27 18:38:37.f - M2 [LC:87] Internal event
2025-02-27 18:38:37.f - M2 [LC:88] Internal event
2025-02-27 18:38:38.f - M2 [LC:89] Internal event
2025-02-27 18:38:38.f - M2 [LC:90] Internal event
2025-02-27 18:38:38.f - M2 [LC:91] Sent message to VM 1
2025-02-27 18:38:38.f - M2 [LC:92] Sent message to VM 1
2025-02-27 18:38:38.f - M2 [LC:93] Sent message to VM 0
2025-02-27 18:38:39.f - M2 [LC:94] Internal event
2025-02-27 18:38:39.f - M2 [LC:95] Internal event
2025-02-27 18:38:39.f - M2 [LC:96] Internal event
2025-02-27 18:38:39.f - M2 [LC:97] Internal event
2025-02-27 18:38:39.f - M2 [LC:98] Internal event
2025-02-27 18:38:40.f - M2 [LC:99] Sent messages to all VMs
2025-02-27 18:38:40.f - M2 [LC:100] Internal event
2025-02-27 18:38:40.f - M2 [LC:101] Internal event
2025-02-27 18:38:40.f - M2 [LC:102] Internal event
2025-02-27 18:38:40.f - M2 [LC:103] Internal event
2025-02-27 18:38:41.f - M2 [LC:104] Internal event
2025-02-27 18:38:41.f - M2 [LC:105] Internal event
2025-02-27 18:38:41.f - M2 [LC:106] Internal event
2025-02-27 18:38:41.f - M2 [LC:107] Sent message to VM 1
2025-02-27 18:38:41.f - M2 [LC:108] Internal event
2025-02-27 18:38:42.f - M2 [LC:109] Sent message to VM 1
2025-02-27 18:38:42.f - M2 [LC:110] Internal event
2025-02-27 18:38:42.f - M2 [LC:111] Internal event
2025-02-27 18:38:42.f - M2 [LC:112] Internal event
2025-02-27 18:38:42.f - M2 [LC:113] Received message. Queue length: 0
2025-02-27 18:38:43.f - M2 [LC:114] Internal event
2025-02-27 18:38:43.f - M2 [LC:115] Received message. Queue length: 0
2025-02-27 18:38:43.f - M2 [LC:116] Internal event
2025-02-27 18:38:43.f - M2 [LC:117] Sent message to VM 0
2025-02-27 18:38:43.f - M2 [LC:118] Internal event
2025-02-27 18:38:44.f - M2 [LC:119] Received message. Queue length: 0
2025-02-27 18:38:44.f - M2 [LC:120] Sent message to VM 0
2025-02-27 18:38:44.f - M2 [LC:121] Internal event
2025-02-27 18:38:44.f - M2 [LC:122] Sent message to VM 0
2025-02-27 18:38:44.f - M2 [LC:123] Internal event
2025-02-27 18:38:45.f - M2 [LC:124] Received message. Queue length: 0
2025-02-27 18:38:45.f - M2 [LC:125] Internal event
2025-02-27 18:38:45.f - M2 [LC:126] Sent message to VM 1
2025-02-27 18:38:45.f - M2 [LC:127] Internal event
2025-02-27 18:38:45.f - M2 [LC:128] Sent message to VM 0
2025-02-27 18:38:46.f - M2 [LC:129] Internal event
2025-02-27 18:38:46.f - M2 [LC:130] Internal event
2025-02-27 18:38:46.f - M2 [LC:131] Internal event
2025-02-27 18:38:46.f - M2 [LC:132] Internal event
2025-02-27 18:38:46.f - M2 [LC:133] Received message. Queue length: 0
2025-02-27 18:38:47.f - M2 [LC:134] Sent messages to all VMs
2025-02-27 18:38:47.f - M2 [LC:135] Sent messages to all VMs
2025-02-27 18:38:47.f - M2 [LC:136] Internal event
2025-02-27 18:38:47.f - M2 [LC:137] Internal event
2025-02-27 18:38:47.f - M2 [LC:138] Internal event
2025-02-27 18:38:48.f - M2 [LC:139] Internal event
2025-02-27 18:38:48.f - M2 [LC:140] Internal event
2025-02-27 18:38:48.f - M2 [LC:141] Internal event
2025-02-27 18:38:48.f - M2 [LC:142] Sent message to VM 0
2025-02-27 18:38:49.f - M2 [LC:143] Internal event
2025-02-27 18:38:49.f - M2 [LC:144] Sent messages to all VMs
2025-02-27 18:38:49.f - M2 [LC:145] Internal event
2025-02-27 18:38:49.f - M2 [LC:146] Internal event
2025-02-27 18:38:49.f - M2 [LC:147] Internal event
2025-02-27 18:38:50.f - M2 [LC:148] Sent message to VM 0
2025-02-27 18:38:50.f - M2 [LC:149] Sent messages to all VMs
2025-02-27 18:38:50.f - M2 [LC:150] Internal event
2025-02-27 18:38:50.f - M2 [LC:151] Internal event
2025-02-27 18:38:50.f - M2 [LC:152] Internal event
2025-02-27 18:38:51.f - M2 [LC:153] Internal event
2025-02-27 18:38:51.f - M2 [LC:154] Internal event
2025-02-27 18:38:51.f - M2 [LC:155] Internal event
2025-02-27 18:38:51.f - M2 [LC:156] Sent message to VM 0
2025-02-27 18:38:51.f - M2 [LC:157] Internal event
2025-02-27 18:38:52.f - M2 [LC:158] Sent messages to all VMs
2025-02-27 18:38:52.f - M2 [LC:159] Internal event
2025-02-27 18:38:52.f - M2 [LC:160] Internal event
2025-02-27 18:38:52.f - M2 [LC:162] Received message. Queue length: 0
2025-02-27 18:38:52.f - M2 [LC:163] Internal event
2025-02-27 18:38:53.f - M2 [LC:164] Sent message to VM 1
2025-02-27 18:38:53.f - M2 [LC:165] Internal event
2025-02-27 18:38:53.f - M2 [LC:166] Internal event
2025-02-27 18:38:53.f - M2 [LC:167] Internal event
2025-02-27 18:38:53.f - M2 [LC:168] Internal event
2025-02-27 18:38:54.f - M2 [LC:169] Internal event
2025-02-27 18:38:54.f - M2 [LC:170] Sent messages to all VMs
2025-02-27 18:38:54.f - M2 [LC:171] Internal event
2025-02-27 18:38:54.f - M2 [LC:172] Internal event
2025-02-27 18:38:54.f - M2 [LC:173] Sent message to VM 1
2025-02-27 18:38:55.f - M2 [LC:174] Internal event
2025-02-27 18:38:55.f - M2 [LC:175] Internal event
2025-02-27 18:38:55.f - M2 [LC:176] Internal event
2025-02-27 18:38:55.f - M2 [LC:177] Internal event
2025-02-27 18:38:55.f - M2 [LC:178] Received message. Queue length: 0
2025-02-27 18:38:56.f - M2 [LC:179] Sent message to VM 1
2025-02-27 18:38:56.f - M2 [LC:180] Sent messages to all VMs
2025-02-27 18:38:56.f - M2 [LC:181] Internal event
2025-02-27 18:38:56.f - M2 [LC:182] Internal event
2025-02-27 18:38:56.f - M2 [LC:183] Internal event
2025-02-27 18:38:57.f - M2 [LC:184] Sent message to VM 1
2025-02-27 18:38:57.f - M2 [LC:185] Internal event
2025-02-27 18:38:57.f - M2 [LC:186] Internal event
2025-02-27 18:38:57.f - M2 [LC:187] Sent messages to all VMs
2025-02-27 18:38:57.f - M2 [LC:188] Internal event
2025-02-27 18:38:58.f - M2 [LC:189] Internal event
2025-02-27 18:38:58.f - M2 [LC:190] Received message. Queue length: 0
2025-02-27 18:38:58.f - M2 [LC:191] Internal event
2025-02-27 18:38:58.f - M2 [LC:192] Received message. Queue length: 0
2025-02-27 18:38:59.f - M2 [LC:193] Received message. Queue length: 0
2025-02-27 18:38:59.f - M2 [LC:194] Internal event
2025-02-27 18:38:59.f - M2 [LC:195] Internal event
2025-02-27 18:38:59.f - M2 [LC:196] Received message. Queue length: 0
2025-02-27 18:38:59.f - M2 [LC:197] Received message. Queue length: 0
2025-02-27 18:39:00.f - M2 [LC:198] Sent messages to all VMs
2025-02-27 18:39:00.f - M2 [LC:199] Internal event
2025-02-27 18:39:00.f - M2 [LC:200] Sent messages to all VMs
2025-02-27 18:39:00.f - M2 [LC:201] Internal event
2025-02-27 18:39:00.f - M2 [LC:202] Sent message to VM 1
2025-02-27 18:39:01.f - M2 [LC:203] Internal event
2025-02-27 18:39:01.f - M2 [LC:204] Internal event
2025-02-27 18:39:01.f - M2 [LC:205] Internal event
2025-02-27 18:39:01.f - M2 [LC:206] Internal event
2025-02-27 18:39:01.f - M2 [LC:207] Internal event
2025-02-27 18:39:02.f - M2 [LC:208] Sent messages to all VMs
2025-02-27 18:39:02.f - M2 [LC:209] Internal event
2025-02-27 18:39:02.f - M2 [LC:210] Internal event
2025-02-27 18:39:02.f - M2 [LC:211] Internal event
2025-02-27 18:39:02.f - M2 [LC:212] Internal event
2025-02-27 18:39:03.f - M2 [LC:213] Internal event
2025-02-27 18:39:03.f - M2 [LC:214] Internal event
2025-02-27 18:39:03.f - M2 [LC:215] Internal event
2025-02-27 18:39:03.f - M2 [LC:216] Received message. Queue length: 0
2025-02-27 18:39:03.f - M2 [LC:217] Internal event
2025-02-27 18:39:04.f - M2 [LC:218] Internal event
2025-02-27 18:39:04.f - M2 [LC:219] Internal event
2025-02-27 18:39:04.f - M2 [LC:220] Sent messages to all VMs
2025-02-27 18:39:04.f - M2 [LC:221] Sent message to VM 1
2025-02-27 18:39:04.f - M2 [LC:222] Sent messages to all VMs
2025-02-27 18:39:05.f - M2 [LC:223] Sent message to VM 0
2025-02-27 18:39:05.f - M2 [LC:224] Internal event
2025-02-27 18:39:05.f - M2 [LC:225] Sent message to VM 0
2025-02-27 18:39:05.f - M2 [LC:226] Received message. Queue length: 0
2025-02-27 18:39:05.f - M2 [LC:227] Received message. Queue length: 0
2025-02-27 18:39:06.f - M2 [LC:228] Received message. Queue length: 0
2025-02-27 18:39:06.f - M2 [LC:229] Internal event
2025-02-27 18:39:06.f - M2 [LC:230] Internal event
2025-02-27 18:39:06.f - M2 [LC:231] Sent message to VM 0
2025-02-27 18:39:06.f - M2 [LC:232] Internal event
2025-02-27 18:39:07.f - M2 [LC:233] Sent messages to all VMs
2025-02-27 18:39:07.f - M2 [LC:234] Internal event
2025-02-27 18:39:07.f - M2 [LC:235] Sent message to VM 0
2025-02-27 18:39:07.f - M2 [LC:236] Internal event
2025-02-27 18:39:07.f - M2 [LC:237] Internal event
2025-02-27 18:39:08.f - M2 [LC:238] Internal event
2025-02-27 18:39:08.f - M2 [LC:239] Internal event
2025-02-27 18:39:08.f - M2 [LC:240] Internal event
2025-02-27 18:39:08.f - M2 [LC:241] Internal event
2025-02-27 18:39:08.f - M2 [LC:242] Internal event
2025-02-27 18:39:09.f - M2 [LC:243] Sent message to VM 1
2025-02-27 18:39:09.f - M2 [LC:244] Internal event
2025-02-27 18:39:09.f - M2 [LC:245] Internal event
2025-02-27 18:39:09.f - M2 [LC:246] Internal event
2025-02-27 18:39:09.f - M2 [LC:247] Internal event
2025-02-27 18:39:10.f - M2 [LC:248] Internal event
2025-02-27 18:39:10.f - M2 [LC:249] Internal event
2025-02-27 18:39:10.f - M2 [LC:250] Internal event
2025-02-27 18:39:10.f - M2 [LC:251] Internal event
2025-02-27 18:39:11.f - M2 [LC:252] Internal event
2025-02-27 18:39:11.f - M2 [LC:253] Internal event
2025-02-27 18:39:11.f - M2 [LC:254] Sent message to VM 0
2025-02-27 18:39:11.f - M2 [LC:255] Internal event
2025-02-27 18:39:11.f - M2 [LC:256] Sent message to VM 1
2025-02-27 18:39:12.f - M2 [LC:257] Internal event
2025-02-27 18:39:12.f - M2 [LC:258] Internal event
2025-02-27 18:39:12.f - M2 [LC:259] Sent messages to all VMs
2025-02-27 18:39:12.f - M2 [LC:260] Sent messages to all VMs
2025-02-27 18:39:12.f - M2 [LC:261] Internal event
2025-02-27 18:39:13.f - M2 [LC:262] Internal event
2025-02-27 18:39:13.f - M2 [LC:263] Sent messages to all VMs
2025-02-27 18:39:13.f - M2 [LC:264] Internal event
2025-02-27 18:39:13.f - M2 [LC:265] Internal event
2025-02-27 18:39:13.f - M2 [LC:266] Sent message to VM 1
2025-02-27 18:39:14.f - M2 [LC:267] Sent message to VM 1
2025-02-27 18:39:14.f - M2 [LC:268] Internal event
2025-02-27 18:39:14.f - M2 [LC:269] Internal event
2025-02-27 18:39:14.f - M2 [LC:270] Sent messages to all VMs
2025-02-27 18:39:14.f - M2 [LC:271] Internal event
2025-02-27 18:39:15.f - M2 [LC:272] Sent message to VM 0
2025-02-27 18:39:15.f - M2 [LC:273] Internal event
2025-02-27 18:39:15.f - M2 [LC:275] Received message. Queue length: 0
2025-02-27 18:39:15.f - M2 [LC:276] Internal event
2025-02-27 18:39:15.f - M2 [LC:277] Internal event
2025-02-27 18:39:16.f - M2 [LC:278] Sent messages to all VMs
2025-02-27 18:39:16.f - M2 [LC:279] Internal event
2025-02-27 18:39:16.f - M2 [LC:280] Internal event
2025-02-27 18:39:16.f - M2 [LC:281] Internal event
2025-02-27 18:39:16.f - M2 [LC:282] Received message. Queue length: 0
2025-02-27 18:39:17.f - M2 [LC:283] Sent messages to all VMs
2025-02-27 18:39:17.f - M2 [LC:284] Internal event
2025-02-27 18:39:17.f - M2 [LC:285] Sent message to VM 0
2025-02-27 18:39:17.f - M2 [LC:286] Internal event
2025-02-27 18:39:17.f - M2 [LC:287] Sent messages to all VMs
2025-02-27 18:39:18.f - M2 [LC:288] Sent message to VM 1
2025-02-27 18:39:18.f - M2 [LC:289] Internal event
2025-02-27 18:39:18.f - M2 [LC:290] Internal event
2025-02-27 18:39:18.f - M2 [LC:291] Internal event
2025-02-27 18:39:18.f - M2 [LC:292] Internal event
2025-02-27 18:39:19.f - M2 [LC:293] Sent messages to all VMs
2025-02-27 18:39:19.f - M2 [LC:294] Internal event
2025-02-27 18:39:19.f - M2 [LC:295] Internal event
2025-02-27 18:39:19.f - M2 [LC:296] Internal event
2025-02-27 18:39:19.f - M2 [LC:297] Received message. Queue length: 0
2025-02-27 18:39:20.f - M2 [LC:298] Internal event
2025-02-27 18:39:20.f - M2 [LC:299] Internal event
2025-02-27 18:39:20.f - M2 [LC:300] Internal event
2025-02-27 18:39:20.f - M2 [LC:301] Internal event
2025-02-27 18:39:20.f - M2 [LC:302] Internal event
2025-02-27 18:39:21.f - M2 [LC:303] Internal event
2025-02-27 18:39:21.f - M2 [LC:304] Internal event
2025-02-27 18:39:21.f - M2 [LC:305] Internal event
2025-02-27 18:39:21.f - M2 [LC:306] Sent message to VM 1
2025-02-27 18:39:22.f - M2 [LC:307] Internal event
2025-02-27 18:39:22.f - M2 [LC:308] Internal event
2025-02-27 18:39:22.f - M2 [LC:309] Internal event
2025-02-27 18:39:22.f - M2 [LC:310] Internal event
2025-02-27 18:39:22.f - M2 [LC:311] Sent messages to all VMs
2025-02-27 18:39:23.f - M2 [LC:311] Stopped VM 2
