2025-02-27 18:45:41.f - M0 [LC:0] Initialized with clock rate 6 ticks/second
2025-02-27 18:45:41.f - M0 [LC:0] Connected to VM 1 on port 10001
2025-02-27 18:45:41.f - M0 [LC:0] Connected to VM 2 on port 10002
2025-02-27 18:45:41.f - M0 [LC:1] Started VM 0 with clock rate 6
2025-02-27 18:45:41.f - M0 [LC:1] Sent message to VM 1
2025-02-27 18:45:41.f - M0 [LC:2] Internal event
2025-02-27 18:45:42.f - M0 [LC:3] Sent message to VM 2
2025-02-27 18:45:42.f - M0 [LC:4] Internal event
2025-02-27 18:45:42.f - M0 [LC:5] Internal event
2025-02-27 18:45:42.f - M0 [LC:6] Internal event
2025-02-27 18:45:42.f - M0 [LC:7] Internal event
2025-02-27 18:45:42.f - M0 [LC:8] Sent message to VM 1
2025-02-27 18:45:43.f - M0 [LC:9] Internal event
2025-02-27 18:45:43.f - M0 [LC:10] Sent message to VM 1
2025-02-27 18:45:43.f - M0 [LC:11] Internal event
2025-02-27 18:45:43.f - M0 [LC:12] Sent message to VM 2
2025-02-27 18:45:43.f - M0 [LC:13] Internal event
2025-02-27 18:45:43.f - M0 [LC:14] Internal event
2025-02-27 18:45:44.f - M0 [LC:15] Internal event
2025-02-27 18:45:44.f - M0 [LC:16] Received message. Queue length: 0
2025-02-27 18:45:44.f - M0 [LC:17] Sent messages to all VMs
2025-02-27 18:45:44.f - M0 [LC:18] Internal event
2025-02-27 18:45:44.f - M0 [LC:19] Internal event
2025-02-27 18:45:44.f - M0 [LC:20] Internal event
2025-02-27 18:45:45.f - M0 [LC:21] Internal event
2025-02-27 18:45:45.f - M0 [LC:22] Received message. Queue length: 0
2025-02-27 18:45:45.f - M0 [LC:23] Internal event
2025-02-27 18:45:45.f - M0 [LC:24] Internal event
2025-02-27 18:45:45.f - M0 [LC:25] Internal event
2025-02-27 18:45:45.f - M0 [LC:26] Internal event
2025-02-27 18:45:46.f - M0 [LC:27] Internal event
2025-02-27 18:45:46.f - M0 [LC:28] Internal event
2025-02-27 18:45:46.f - M0 [LC:29] Internal event
2025-02-27 18:45:46.f - M0 [LC:30] Received message. Queue length: 0
2025-02-27 18:45:46.f - M0 [LC:31] Internal event
2025-02-27 18:45:46.f - M0 [LC:32] Internal event
2025-02-27 18:45:47.f - M0 [LC:33] Internal event
2025-02-27 18:45:47.f - M0 [LC:34] Internal event
2025-02-27 18:45:47.f - M0 [LC:35] Sent messages to all VMs
2025-02-27 18:45:47.f - M0 [LC:36] Internal event
2025-02-27 18:45:47.f - M0 [LC:37] Internal event
2025-02-27 18:45:47.f - M0 [LC:38] Internal event
2025-02-27 18:45:48.f - M0 [LC:39] Internal event
2025-02-27 18:45:48.f - M0 [LC:40] Internal event
2025-02-27 18:45:48.f - M0 [LC:41] Internal event
2025-02-27 18:45:48.f - M0 [LC:42] Sent message to VM 1
2025-02-27 18:45:48.f - M0 [LC:43] Internal event
2025-02-27 18:45:48.f - M0 [LC:44] Internal event
2025-02-27 18:45:49.f - M0 [LC:45] Internal event
2025-02-27 18:45:49.f - M0 [LC:46] Internal event
2025-02-27 18:45:49.f - M0 [LC:47] Internal event
2025-02-27 18:45:49.f - M0 [LC:48] Internal event
2025-02-27 18:45:49.f - M0 [LC:49] Received message. Queue length: 0
2025-02-27 18:45:50.f - M0 [LC:50] Internal event
2025-02-27 18:45:50.f - M0 [LC:51] Sent message to VM 1
2025-02-27 18:45:50.f - M0 [LC:52] Internal event
2025-02-27 18:45:50.f - M0 [LC:53] Sent message to VM 1
2025-02-27 18:45:50.f - M0 [LC:54] Sent message to VM 1
2025-02-27 18:45:50.f - M0 [LC:55] Sent messages to all VMs
2025-02-27 18:45:51.f - M0 [LC:56] Internal event
2025-02-27 18:45:51.f - M0 [LC:57] Internal event
2025-02-27 18:45:51.f - M0 [LC:58] Sent messages to all VMs
2025-02-27 18:45:51.f - M0 [LC:59] Internal event
2025-02-27 18:45:51.f - M0 [LC:60] Internal event
2025-02-27 18:45:51.f - M0 [LC:61] Internal event
2025-02-27 18:45:52.f - M0 [LC:62] Internal event
2025-02-27 18:45:52.f - M0 [LC:63] Received message. Queue length: 0
2025-02-27 18:45:52.f - M0 [LC:64] Internal event
2025-02-27 18:45:52.f - M0 [LC:65] Internal event
2025-02-27 18:45:52.f - M0 [LC:66] Sent message to VM 2
2025-02-27 18:45:52.f - M0 [LC:67] Sent message to VM 2
2025-02-27 18:45:53.f - M0 [LC:68] Received message. Queue length: 0
2025-02-27 18:45:53.f - M0 [LC:69] Sent message to VM 1
2025-02-27 18:45:53.f - M0 [LC:70] Internal event
2025-02-27 18:45:53.f - M0 [LC:71] Sent messages to all VMs
2025-02-27 18:45:53.f - M0 [LC:72] Internal event
2025-02-27 18:45:53.f - M0 [LC:73] Internal event
2025-02-27 18:45:54.f - M0 [LC:74] Sent message to VM 2
2025-02-27 18:45:54.f - M0 [LC:75] Sent message to VM 1
2025-02-27 18:45:54.f - M0 [LC:76] Sent messages to all VMs
2025-02-27 18:45:54.f - M0 [LC:77] Internal event
2025-02-27 18:45:54.f - M0 [LC:78] Internal event
2025-02-27 18:45:54.f - M0 [LC:79] Sent message to VM 2
2025-02-27 18:45:55.f - M0 [LC:80] Received message. Queue length: 0
2025-02-27 18:45:55.f - M0 [LC:81] Internal event
2025-02-27 18:45:55.f - M0 [LC:82] Sent message to VM 1
2025-02-27 18:45:55.f - M0 [LC:83] Internal event
2025-02-27 18:45:55.f - M0 [LC:84] Internal event
2025-02-27 18:45:55.f - M0 [LC:85] Received message. Queue length: 0
2025-02-27 18:45:56.f - M0 [LC:86] Received message. Queue length: 0
2025-02-27 18:45:56.f - M0 [LC:87] Internal event
2025-02-27 18:45:56.f - M0 [LC:88] Internal event
2025-02-27 18:45:56.f - M0 [LC:89] Sent message to VM 1
2025-02-27 18:45:56.f - M0 [LC:90] Internal event
2025-02-27 18:45:57.f - M0 [LC:91] Sent messages to all VMs
2025-02-27 18:45:57.f - M0 [LC:92] Internal event
2025-02-27 18:45:57.f - M0 [LC:93] Internal event
2025-02-27 18:45:57.f - M0 [LC:94] Received message. Queue length: 0
2025-02-27 18:45:57.f - M0 [LC:95] Internal event
2025-02-27 18:45:57.f - M0 [LC:96] Internal event
2025-02-27 18:45:58.f - M0 [LC:97] Received message. Queue length: 0
2025-02-27 18:45:58.f - M0 [LC:98] Internal event
2025-02-27 18:45:58.f - M0 [LC:99] Internal event
2025-02-27 18:45:58.f - M0 [LC:100] Internal event
2025-02-27 18:45:58.f - M0 [LC:101] Internal event
2025-02-27 18:45:58.f - M0 [LC:102] Internal event
2025-02-27 18:45:59.f - M0 [LC:103] Sent message to VM 1
2025-02-27 18:45:59.f - M0 [LC:104] Internal event
2025-02-27 18:45:59.f - M0 [LC:105] Internal event
2025-02-27 18:45:59.f - M0 [LC:106] Sent message to VM 2
2025-02-27 18:45:59.f - M0 [LC:107] Received message. Queue length: 0
2025-02-27 18:45:59.f - M0 [LC:108] Internal event
2025-02-27 18:46:00.f - M0 [LC:109] Internal event
2025-02-27 18:46:00.f - M0 [LC:110] Internal event
2025-02-27 18:46:00.f - M0 [LC:111] Internal event
2025-02-27 18:46:00.f - M0 [LC:112] Received message. Queue length: 0
2025-02-27 18:46:00.f - M0 [LC:113] Internal event
2025-02-27 18:46:00.f - M0 [LC:114] Sent message to VM 1
2025-02-27 18:46:01.f - M0 [LC:115] Internal event
2025-02-27 18:46:01.f - M0 [LC:116] Sent message to VM 1
2025-02-27 18:46:01.f - M0 [LC:117] Internal event
2025-02-27 18:46:01.f - M0 [LC:118] Internal event
2025-02-27 18:46:01.f - M0 [LC:119] Received message. Queue length: 0
2025-02-27 18:46:01.f - M0 [LC:120] Internal event
2025-02-27 18:46:02.f - M0 [LC:121] Sent message to VM 1
2025-02-27 18:46:02.f - M0 [LC:122] Internal event
2025-02-27 18:46:02.f - M0 [LC:123] Internal event
2025-02-27 18:46:02.f - M0 [LC:124] Internal event
2025-02-27 18:46:02.f - M0 [LC:125] Internal event
2025-02-27 18:46:02.f - M0 [LC:126] Internal event
2025-02-27 18:46:03.f - M0 [LC:127] Sent message to VM 1
2025-02-27 18:46:03.f - M0 [LC:128] Internal event
2025-02-27 18:46:03.f - M0 [LC:129] Internal event
2025-02-27 18:46:03.f - M0 [LC:130] Internal event
2025-02-27 18:46:03.f - M0 [LC:131] Internal event
2025-02-27 18:46:03.f - M0 [LC:132] Internal event
2025-02-27 18:46:04.f - M0 [LC:133] Internal event
2025-02-27 18:46:04.f - M0 [LC:134] Internal event
2025-02-27 18:46:04.f - M0 [LC:135] Internal event
2025-02-27 18:46:04.f - M0 [LC:136] Internal event
2025-02-27 18:46:04.f - M0 [LC:137] Received message. Queue length: 0
2025-02-27 18:46:04.f - M0 [LC:138] Internal event
2025-02-27 18:46:05.f - M0 [LC:139] Internal event
2025-02-27 18:46:05.f - M0 [LC:140] Internal event
2025-02-27 18:46:05.f - M0 [LC:141] Internal event
2025-02-27 18:46:05.f - M0 [LC:142] Internal event
2025-02-27 18:46:05.f - M0 [LC:143] Internal event
2025-02-27 18:46:06.f - M0 [LC:144] Internal event
2025-02-27 18:46:06.f - M0 [LC:145] Internal event
2025-02-27 18:46:06.f - M0 [LC:146] Internal event
2025-02-27 18:46:06.f - M0 [LC:147] Internal event
2025-02-27 18:46:06.f - M0 [LC:148] Received message. Queue length: 0
2025-02-27 18:46:06.f - M0 [LC:149] Received message. Queue length: 0
2025-02-27 18:46:07.f - M0 [LC:150] Internal event
2025-02-27 18:46:07.f - M0 [LC:151] Internal event
2025-02-27 18:46:07.f - M0 [LC:152] Internal event
2025-02-27 18:46:07.f - M0 [LC:153] Sent message to VM 2
2025-02-27 18:46:07.f - M0 [LC:154] Sent messages to all VMs
2025-02-27 18:46:07.f - M0 [LC:155] Internal event
2025-02-27 18:46:08.f - M0 [LC:156] Internal event
2025-02-27 18:46:08.f - M0 [LC:157] Internal event
2025-02-27 18:46:08.f - M0 [LC:158] Received message. Queue length: 0
2025-02-27 18:46:08.f - M0 [LC:159] Internal event
2025-02-27 18:46:08.f - M0 [LC:160] Internal event
2025-02-27 18:46:08.f - M0 [LC:161] Internal event
2025-02-27 18:46:09.f - M0 [LC:162] Sent message to VM 1
2025-02-27 18:46:09.f - M0 [LC:163] Internal event
2025-02-27 18:46:09.f - M0 [LC:164] Internal event
2025-02-27 18:46:09.f - M0 [LC:165] Received message. Queue length: 0
2025-02-27 18:46:09.f - M0 [LC:166] Internal event
2025-02-27 18:46:09.f - M0 [LC:167] Internal event
2025-02-27 18:46:10.f - M0 [LC:168] Internal event
2025-02-27 18:46:10.f - M0 [LC:169] Internal event
2025-02-27 18:46:10.f - M0 [LC:170] Received message. Queue length: 0
2025-02-27 18:46:10.f - M0 [LC:171] Internal event
2025-02-27 18:46:10.f - M0 [LC:172] Sent message to VM 1
2025-02-27 18:46:10.f - M0 [LC:173] Internal event
2025-02-27 18:46:11.f - M0 [LC:174] Internal event
2025-02-27 18:46:11.f - M0 [LC:175] Internal event
2025-02-27 18:46:11.f - M0 [LC:176] Internal event
2025-02-27 18:46:11.f - M0 [LC:177] Sent message to VM 1
2025-02-27 18:46:11.f - M0 [LC:178] Sent message to VM 1
2025-02-27 18:46:11.f - M0 [LC:179] Internal event
2025-02-27 18:46:12.f - M0 [LC:180] Internal event
2025-02-27 18:46:12.f - M0 [LC:181] Sent messages to all VMs
2025-02-27 18:46:12.f - M0 [LC:182] Internal event
2025-02-27 18:46:12.f - M0 [LC:184] Received message. Queue length: 0
2025-02-27 18:46:12.f - M0 [LC:185] Internal event
2025-02-27 18:46:13.f - M0 [LC:186] Received message. Queue length: 0
2025-02-27 18:46:13.f - M0 [LC:187] Sent message to VM 1
2025-02-27 18:46:13.f - M0 [LC:188] Internal event
2025-02-27 18:46:13.f - M0 [LC:189] Internal event
2025-02-27 18:46:13.f - M0 [LC:190] Sent messages to all VMs
2025-02-27 18:46:13.f - M0 [LC:191] Internal event
2025-02-27 18:46:14.f - M0 [LC:192] Internal event
2025-02-27 18:46:14.f - M0 [LC:193] Internal event
2025-02-27 18:46:14.f - M0 [LC:194] Internal event
2025-02-27 18:46:14.f - M0 [LC:195] Internal event
2025-02-27 18:46:14.f - M0 [LC:196] Sent messages to all VMs
2025-02-27 18:46:14.f - M0 [LC:197] Internal event
2025-02-27 18:46:15.f - M0 [LC:198] Internal event
2025-02-27 18:46:15.f - M0 [LC:199] Internal event
2025-02-27 18:46:15.f - M0 [LC:200] Internal event
2025-02-27 18:46:15.f - M0 [LC:201] Sent messages to all VMs
2025-02-27 18:46:15.f - M0 [LC:202] Sent message to VM 2
2025-02-27 18:46:15.f - M0 [LC:203] Internal event
2025-02-27 18:46:16.f - M0 [LC:204] Internal event
2025-02-27 18:46:16.f - M0 [LC:205] Sent message to VM 2
2025-02-27 18:46:16.f - M0 [LC:206] Internal event
2025-02-27 18:46:16.f - M0 [LC:207] Sent message to VM 1
2025-02-27 18:46:16.f - M0 [LC:208] Internal event
2025-02-27 18:46:16.f - M0 [LC:209] Sent message to VM 1
2025-02-27 18:46:17.f - M0 [LC:210] Sent message to VM 2
2025-02-27 18:46:17.f - M0 [LC:211] Sent message to VM 1
2025-02-27 18:46:17.f - M0 [LC:212] Internal event
2025-02-27 18:46:17.f - M0 [LC:213] Sent message to VM 1
2025-02-27 18:46:17.f - M0 [LC:214] Internal event
2025-02-27 18:46:17.f - M0 [LC:215] Internal event
2025-02-27 18:46:18.f - M0 [LC:216] Received message. Queue length: 0
2025-02-27 18:46:18.f - M0 [LC:217] Internal event
2025-02-27 18:46:18.f - M0 [LC:218] Sent message to VM 2
2025-02-27 18:46:18.f - M0 [LC:219] Internal event
2025-02-27 18:46:18.f - M0 [LC:220] Received message. Queue length: 0
2025-02-27 18:46:18.f - M0 [LC:221] Sent message to VM 1
2025-02-27 18:46:19.f - M0 [LC:222] Internal event
2025-02-27 18:46:19.f - M0 [LC:223] Internal event
2025-02-27 18:46:19.f - M0 [LC:224] Internal event
2025-02-27 18:46:19.f - M0 [LC:225] Internal event
2025-02-27 18:46:19.f - M0 [LC:226] Internal event
2025-02-27 18:46:19.f - M0 [LC:227] Internal event
2025-02-27 18:46:20.f - M0 [LC:228] Sent message to VM 2
2025-02-27 18:46:20.f - M0 [LC:229] Sent message to VM 1
2025-02-27 18:46:20.f - M0 [LC:230] Internal event
2025-02-27 18:46:20.f - M0 [LC:231] Internal event
2025-02-27 18:46:20.f - M0 [LC:232] Internal event
2025-02-27 18:46:21.f - M0 [LC:233] Internal event
2025-02-27 18:46:21.f - M0 [LC:234] Internal event
2025-02-27 18:46:21.f - M0 [LC:235] Sent messages to all VMs
2025-02-27 18:46:21.f - M0 [LC:236] Internal event
2025-02-27 18:46:21.f - M0 [LC:237] Sent messages to all VMs
2025-02-27 18:46:21.f - M0 [LC:238] Sent messages to all VMs
2025-02-27 18:46:22.f - M0 [LC:239] Internal event
2025-02-27 18:46:22.f - M0 [LC:240] Internal event
2025-02-27 18:46:22.f - M0 [LC:241] Received message. Queue length: 0
2025-02-27 18:46:22.f - M0 [LC:242] Internal event
2025-02-27 18:46:22.f - M0 [LC:243] Internal event
2025-02-27 18:46:22.f - M0 [LC:244] Received message. Queue length: 0
2025-02-27 18:46:23.f - M0 [LC:245] Internal event
2025-02-27 18:46:23.f - M0 [LC:246] Sent message to VM 2
2025-02-27 18:46:23.f - M0 [LC:247] Internal event
2025-02-27 18:46:23.f - M0 [LC:248] Internal event
2025-02-27 18:46:23.f - M0 [LC:249] Internal event
2025-02-27 18:46:23.f - M0 [LC:250] Received message. Queue length: 0
2025-02-27 18:46:24.f - M0 [LC:251] Internal event
2025-02-27 18:46:24.f - M0 [LC:252] Internal event
2025-02-27 18:46:24.f - M0 [LC:253] Internal event
2025-02-27 18:46:24.f - M0 [LC:254] Sent messages to all VMs
2025-02-27 18:46:24.f - M0 [LC:255] Internal event
2025-02-27 18:46:24.f - M0 [LC:256] Sent message to VM 2
2025-02-27 18:46:25.f - M0 [LC:257] Internal event
2025-02-27 18:46:25.f - M0 [LC:258] Sent messages to all VMs
2025-02-27 18:46:25.f - M0 [LC:259] Sent messages to all VMs
2025-02-27 18:46:25.f - M0 [LC:260] Internal event
2025-02-27 18:46:25.f - M0 [LC:261] Internal event
2025-02-27 18:46:25.f - M0 [LC:262] Internal event
2025-02-27 18:46:26.f - M0 [LC:263] Internal event
2025-02-27 18:46:26.f - M0 [LC:264] Internal event
2025-02-27 18:46:26.f - M0 [LC:265] Received message. Queue length: 0
2025-02-27 18:46:26.f - M0 [LC:266] Sent message to VM 2
2025-02-27 18:46:26.f - M0 [LC:267] Internal event
2025-02-27 18:46:26.f - M0 [LC:268] Sent messages to all VMs
2025-02-27 18:46:27.f - M0 [LC:269] Sent message to VM 1
2025-02-27 18:46:27.f - M0 [LC:270] Internal event
2025-02-27 18:46:27.f - M0 [LC:271] Internal event
2025-02-27 18:46:27.f - M0 [LC:272] Internal event
2025-02-27 18:46:27.f - M0 [LC:273] Internal event
2025-02-27 18:46:28.f - M0 [LC:274] Sent messages to all VMs
2025-02-27 18:46:28.f - M0 [LC:275] Internal event
2025-02-27 18:46:28.f - M0 [LC:276] Internal event
2025-02-27 18:46:28.f - M0 [LC:277] Sent message to VM 1
2025-02-27 18:46:28.f - M0 [LC:278] Internal event
2025-02-27 18:46:28.f - M0 [LC:279] Internal event
2025-02-27 18:46:29.f - M0 [LC:280] Received message. Queue length: 0
2025-02-27 18:46:29.f - M0 [LC:281] Internal event
2025-02-27 18:46:29.f - M0 [LC:282] Internal event
2025-02-27 18:46:29.f - M0 [LC:283] Internal event
2025-02-27 18:46:29.f - M0 [LC:284] Internal event
2025-02-27 18:46:29.f - M0 [LC:285] Internal event
2025-02-27 18:46:30.f - M0 [LC:286] Internal event
2025-02-27 18:46:30.f - M0 [LC:287] Sent message to VM 2
2025-02-27 18:46:30.f - M0 [LC:288] Internal event
2025-02-27 18:46:30.f - M0 [LC:289] Sent message to VM 1
2025-02-27 18:46:30.f - M0 [LC:290] Internal event
2025-02-27 18:46:30.f - M0 [LC:291] Internal event
2025-02-27 18:46:31.f - M0 [LC:292] Received message. Queue length: 0
2025-02-27 18:46:31.f - M0 [LC:293] Internal event
2025-02-27 18:46:31.f - M0 [LC:294] Internal event
2025-02-27 18:46:31.f - M0 [LC:295] Internal event
2025-02-27 18:46:31.f - M0 [LC:296] Received message. Queue length: 0
2025-02-27 18:46:31.f - M0 [LC:297] Internal event
2025-02-27 18:46:32.f - M0 [LC:298] Internal event
2025-02-27 18:46:32.f - M0 [LC:299] Internal event
2025-02-27 18:46:32.f - M0 [LC:300] Received message. Queue length: 0
2025-02-27 18:46:32.f - M0 [LC:301] Sent messages to all VMs
2025-02-27 18:46:32.f - M0 [LC:302] Internal event
2025-02-27 18:46:32.f - M0 [LC:304] Received message. Queue length: 0
2025-02-27 18:46:33.f - M0 [LC:305] Internal event
2025-02-27 18:46:33.f - M0 [LC:306] Internal event
2025-02-27 18:46:33.f - M0 [LC:307] Internal event
2025-02-27 18:46:33.f - M0 [LC:308] Internal event
2025-02-27 18:46:33.f - M0 [LC:309] Sent message to VM 1
2025-02-27 18:46:33.f - M0 [LC:310] Sent message to VM 1
2025-02-27 18:46:34.f - M0 [LC:311] Internal event
2025-02-27 18:46:34.f - M0 [LC:312] Sent message to VM 1
2025-02-27 18:46:34.f - M0 [LC:313] Sent message to VM 2
2025-02-27 18:46:34.f - M0 [LC:314] Sent message to VM 2
2025-02-27 18:46:34.f - M0 [LC:315] Received message. Queue length: 0
2025-02-27 18:46:35.f - M0 [LC:316] Internal event
2025-02-27 18:46:35.f - M0 [LC:317] Internal event
2025-02-27 18:46:35.f - M0 [LC:318] Received message. Queue length: 0
2025-02-27 18:46:35.f - M0 [LC:319] Internal event
2025-02-27 18:46:35.f - M0 [LC:320] Internal event
2025-02-27 18:46:35.f - M0 [LC:321] Internal event
2025-02-27 18:46:36.f - M0 [LC:322] Internal event
2025-02-27 18:46:36.f - M0 [LC:323] Internal event
2025-02-27 18:46:36.f - M0 [LC:324] Internal event
2025-02-27 18:46:36.f - M0 [LC:325] Internal event
2025-02-27 18:46:36.f - M0 [LC:326] Sent message to VM 2
2025-02-27 18:46:36.f - M0 [LC:327] Internal event
2025-02-27 18:46:37.f - M0 [LC:328] Internal event
2025-02-27 18:46:37.f - M0 [LC:329] Internal event
2025-02-27 18:46:37.f - M0 [LC:330] Internal event
2025-02-27 18:46:37.f - M0 [LC:331] Internal event
2025-02-27 18:46:37.f - M0 [LC:332] Internal event
2025-02-27 18:46:37.f - M0 [LC:333] Internal event
2025-02-27 18:46:38.f - M0 [LC:334] Internal event
2025-02-27 18:46:38.f - M0 [LC:335] Internal event
2025-02-27 18:46:38.f - M0 [LC:336] Sent messages to all VMs
2025-02-27 18:46:38.f - M0 [LC:337] Sent messages to all VMs
2025-02-27 18:46:38.f - M0 [LC:338] Sent messages to all VMs
2025-02-27 18:46:38.f - M0 [LC:339] Sent message to VM 1
2025-02-27 18:46:39.f - M0 [LC:340] Internal event
2025-02-27 18:46:39.f - M0 [LC:341] Internal event
2025-02-27 18:46:39.f - M0 [LC:342] Internal event
2025-02-27 18:46:39.f - M0 [LC:343] Internal event
2025-02-27 18:46:39.f - M0 [LC:344] Internal event
2025-02-27 18:46:39.f - M0 [LC:345] Received message. Queue length: 0
2025-02-27 18:46:40.f - M0 [LC:346] Internal event
2025-02-27 18:46:40.f - M0 [LC:347] Sent message to VM 2
2025-02-27 18:46:40.f - M0 [LC:348] Received message. Queue length: 0
2025-02-27 18:46:40.f - M0 [LC:349] Sent messages to all VMs
2025-02-27 18:46:40.f - M0 [LC:350] Internal event
2025-02-27 18:46:40.f - M0 [LC:351] Internal event
2025-02-27 18:46:41.f - M0 [LC:352] Internal event
2025-02-27 18:46:41.f - M0 [LC:353] Sent message to VM 1
2025-02-27 18:46:41.f - M0 [LC:354] Internal event
2025-02-27 18:46:41.f - M0 [LC:355] Internal event
2025-02-27 18:46:43.f - M0 [LC:355] Stopped VM 0
