2025-02-27 18:45:41.f - M1 [LC:0] Initialized with clock rate 4 ticks/second
2025-02-27 18:45:41.f - M1 [LC:0] Connected to VM 0 on port 10000
2025-02-27 18:45:41.f - M1 [LC:0] Connected to VM 2 on port 10002
2025-02-27 18:45:41.f - M1 [LC:1] Internal event
2025-02-27 18:45:41.f - M1 [LC:1] Started VM 1 with clock rate 4
2025-02-27 18:45:41.f - M1 [LC:2] Received message. Queue length: 1
2025-02-27 18:45:42.f - M1 [LC:3] Received message. Queue length: 0
2025-02-27 18:45:42.f - M1 [LC:4] Internal event
2025-02-27 18:45:42.f - M1 [LC:5] Internal event
2025-02-27 18:45:42.f - M1 [LC:9] Received message. Queue length: 0
2025-02-27 18:45:43.f - M1 [LC:10] Internal event
2025-02-27 18:45:43.f - M1 [LC:11] Received message. Queue length: 0
2025-02-27 18:45:43.f - M1 [LC:12] Internal event
2025-02-27 18:45:43.f - M1 [LC:13] Internal event
2025-02-27 18:45:44.f - M1 [LC:14] Sent messages to all VMs
2025-02-27 18:45:44.f - M1 [LC:18] Received message. Queue length: 0
2025-02-27 18:45:44.f - M1 [LC:19] Sent message to VM 2
2025-02-27 18:45:44.f - M1 [LC:20] Internal event
2025-02-27 18:45:45.f - M1 [LC:21] Sent messages to all VMs
2025-02-27 18:45:45.f - M1 [LC:22] Internal event
2025-02-27 18:45:45.f - M1 [LC:23] Internal event
2025-02-27 18:45:45.f - M1 [LC:24] Internal event
2025-02-27 18:45:46.f - M1 [LC:25] Internal event
2025-02-27 18:45:46.f - M1 [LC:26] Sent message to VM 0
2025-02-27 18:45:46.f - M1 [LC:27] Internal event
2025-02-27 18:45:46.f - M1 [LC:28] Internal event
2025-02-27 18:45:47.f - M1 [LC:29] Internal event
2025-02-27 18:45:47.f - M1 [LC:36] Received message. Queue length: 0
2025-02-27 18:45:47.f - M1 [LC:37] Internal event
2025-02-27 18:45:48.f - M1 [LC:38] Internal event
2025-02-27 18:45:48.f - M1 [LC:39] Internal event
2025-02-27 18:45:48.f - M1 [LC:40] Internal event
2025-02-27 18:45:48.f - M1 [LC:43] Received message. Queue length: 0
2025-02-27 18:45:49.f - M1 [LC:44] Internal event
2025-02-27 18:45:49.f - M1 [LC:45] Internal event
2025-02-27 18:45:49.f - M1 [LC:46] Internal event
2025-02-27 18:45:49.f - M1 [LC:47] Sent messages to all VMs
2025-02-27 18:45:50.f - M1 [LC:48] Internal event
2025-02-27 18:45:50.f - M1 [LC:52] Received message. Queue length: 0
2025-02-27 18:45:50.f - M1 [LC:54] Received message. Queue length: 0
2025-02-27 18:45:50.f - M1 [LC:55] Received message. Queue length: 0
2025-02-27 18:45:51.f - M1 [LC:56] Received message. Queue length: 0
2025-02-27 18:45:51.f - M1 [LC:57] Internal event
2025-02-27 18:45:51.f - M1 [LC:59] Received message. Queue length: 0
2025-02-27 18:45:51.f - M1 [LC:60] Internal event
2025-02-27 18:45:52.f - M1 [LC:61] Sent message to VM 0
2025-02-27 18:45:52.f - M1 [LC:62] Internal event
2025-02-27 18:45:52.f - M1 [LC:63] Sent message to VM 2
2025-02-27 18:45:52.f - M1 [LC:64] Internal event
2025-02-27 18:45:53.f - M1 [LC:65] Sent message to VM 0
2025-02-27 18:45:53.f - M1 [LC:70] Received message. Queue length: 0
2025-02-27 18:45:53.f - M1 [LC:71] Internal event
2025-02-27 18:45:53.f - M1 [LC:72] Received message. Queue length: 0
2025-02-27 18:45:54.f - M1 [LC:73] Internal event
2025-02-27 18:45:54.f - M1 [LC:76] Received message. Queue length: 0
2025-02-27 18:45:54.f - M1 [LC:77] Received message. Queue length: 0
2025-02-27 18:45:54.f - M1 [LC:78] Internal event
2025-02-27 18:45:55.f - M1 [LC:79] Sent message to VM 0
2025-02-27 18:45:55.f - M1 [LC:80] Internal event
2025-02-27 18:45:55.f - M1 [LC:83] Received message. Queue length: 0
2025-02-27 18:45:55.f - M1 [LC:84] Sent messages to all VMs
2025-02-27 18:45:56.f - M1 [LC:85] Sent messages to all VMs
2025-02-27 18:45:56.f - M1 [LC:86] Internal event
2025-02-27 18:45:56.f - M1 [LC:87] Internal event
2025-02-27 18:45:56.f - M1 [LC:90] Received message. Queue length: 0
2025-02-27 18:45:57.f - M1 [LC:92] Received message. Queue length: 0
2025-02-27 18:45:57.f - M1 [LC:93] Sent messages to all VMs
2025-02-27 18:45:57.f - M1 [LC:94] Internal event
2025-02-27 18:45:57.f - M1 [LC:95] Sent message to VM 0
2025-02-27 18:45:58.f - M1 [LC:96] Internal event
2025-02-27 18:45:58.f - M1 [LC:97] Internal event
2025-02-27 18:45:58.f - M1 [LC:98] Internal event
2025-02-27 18:45:58.f - M1 [LC:99] Internal event
2025-02-27 18:45:59.f - M1 [LC:104] Received message. Queue length: 0
2025-02-27 18:45:59.f - M1 [LC:105] Internal event
2025-02-27 18:45:59.f - M1 [LC:106] Sent messages to all VMs
2025-02-27 18:45:59.f - M1 [LC:107] Internal event
2025-02-27 18:46:00.f - M1 [LC:108] Internal event
2025-02-27 18:46:00.f - M1 [LC:109] Sent message to VM 0
2025-02-27 18:46:00.f - M1 [LC:110] Internal event
2025-02-27 18:46:00.f - M1 [LC:115] Received message. Queue length: 0
2025-02-27 18:46:01.f - M1 [LC:116] Internal event
2025-02-27 18:46:01.f - M1 [LC:117] Received message. Queue length: 0
2025-02-27 18:46:01.f - M1 [LC:118] Sent messages to all VMs
2025-02-27 18:46:01.f - M1 [LC:119] Internal event
2025-02-27 18:46:02.f - M1 [LC:122] Received message. Queue length: 0
2025-02-27 18:46:02.f - M1 [LC:123] Internal event
2025-02-27 18:46:02.f - M1 [LC:124] Sent message to VM 2
2025-02-27 18:46:02.f - M1 [LC:125] Internal event
2025-02-27 18:46:03.f - M1 [LC:128] Received message. Queue length: 0
2025-02-27 18:46:03.f - M1 [LC:129] Internal event
2025-02-27 18:46:03.f - M1 [LC:130] Internal event
2025-02-27 18:46:03.f - M1 [LC:131] Internal event
2025-02-27 18:46:04.f - M1 [LC:132] Internal event
2025-02-27 18:46:04.f - M1 [LC:133] Internal event
2025-02-27 18:46:04.f - M1 [LC:134] Sent message to VM 0
2025-02-27 18:46:05.f - M1 [LC:135] Internal event
2025-02-27 18:46:05.f - M1 [LC:136] Internal event
2025-02-27 18:46:05.f - M1 [LC:137] Internal event
2025-02-27 18:46:05.f - M1 [LC:138] Internal event
2025-02-27 18:46:06.f - M1 [LC:139] Internal event
2025-02-27 18:46:06.f - M1 [LC:140] Internal event
2025-02-27 18:46:06.f - M1 [LC:141] Sent messages to all VMs
2025-02-27 18:46:06.f - M1 [LC:142] Sent message to VM 0
2025-02-27 18:46:07.f - M1 [LC:143] Internal event
2025-02-27 18:46:07.f - M1 [LC:144] Internal event
2025-02-27 18:46:07.f - M1 [LC:145] Internal event
2025-02-27 18:46:07.f - M1 [LC:155] Received message. Queue length: 0
2025-02-27 18:46:08.f - M1 [LC:156] Internal event
2025-02-27 18:46:08.f - M1 [LC:157] Sent messages to all VMs
2025-02-27 18:46:08.f - M1 [LC:158] Sent message to VM 2
2025-02-27 18:46:08.f - M1 [LC:159] Internal event
2025-02-27 18:46:09.f - M1 [LC:160] Internal event
2025-02-27 18:46:09.f - M1 [LC:163] Received message. Queue length: 0
2025-02-27 18:46:09.f - M1 [LC:164] Sent messages to all VMs
2025-02-27 18:46:09.f - M1 [LC:165] Internal event
2025-02-27 18:46:10.f - M1 [LC:166] Internal event
2025-02-27 18:46:10.f - M1 [LC:167] Sent messages to all VMs
2025-02-27 18:46:10.f - M1 [LC:168] Internal event
2025-02-27 18:46:10.f - M1 [LC:173] Received message. Queue length: 0
2025-02-27 18:46:11.f - M1 [LC:174] Internal event
2025-02-27 18:46:11.f - M1 [LC:175] Internal event
2025-02-27 18:46:11.f - M1 [LC:176] Internal event
2025-02-27 18:46:11.f - M1 [LC:178] Received message. Queue length: 1
2025-02-27 18:46:12.f - M1 [LC:179] Received message. Queue length: 0
2025-02-27 18:46:12.f - M1 [LC:182] Received message. Queue length: 0
2025-02-27 18:46:12.f - M1 [LC:183] Sent message to VM 0
2025-02-27 18:46:12.f - M1 [LC:184] Sent messages to all VMs
2025-02-27 18:46:13.f - M1 [LC:185] Internal event
2025-02-27 18:46:13.f - M1 [LC:188] Received message. Queue length: 0
2025-02-27 18:46:13.f - M1 [LC:189] Internal event
2025-02-27 18:46:13.f - M1 [LC:191] Received message. Queue length: 0
2025-02-27 18:46:14.f - M1 [LC:192] Internal event
2025-02-27 18:46:14.f - M1 [LC:193] Internal event
2025-02-27 18:46:14.f - M1 [LC:194] Internal event
2025-02-27 18:46:14.f - M1 [LC:197] Received message. Queue length: 0
2025-02-27 18:46:15.f - M1 [LC:198] Internal event
2025-02-27 18:46:15.f - M1 [LC:199] Internal event
2025-02-27 18:46:15.f - M1 [LC:202] Received message. Queue length: 0
2025-02-27 18:46:15.f - M1 [LC:203] Internal event
2025-02-27 18:46:16.f - M1 [LC:204] Sent message to VM 2
2025-02-27 18:46:16.f - M1 [LC:205] Internal event
2025-02-27 18:46:16.f - M1 [LC:208] Received message. Queue length: 0
2025-02-27 18:46:16.f - M1 [LC:210] Received message. Queue length: 0
2025-02-27 18:46:17.f - M1 [LC:211] Internal event
2025-02-27 18:46:17.f - M1 [LC:212] Received message. Queue length: 0
2025-02-27 18:46:17.f - M1 [LC:214] Received message. Queue length: 0
2025-02-27 18:46:17.f - M1 [LC:215] Sent message to VM 0
2025-02-27 18:46:18.f - M1 [LC:216] Internal event
2025-02-27 18:46:18.f - M1 [LC:217] Internal event
2025-02-27 18:46:18.f - M1 [LC:218] Sent message to VM 0
2025-02-27 18:46:18.f - M1 [LC:219] Internal event
2025-02-27 18:46:19.f - M1 [LC:222] Received message. Queue length: 0
2025-02-27 18:46:19.f - M1 [LC:223] Internal event
2025-02-27 18:46:19.f - M1 [LC:224] Sent message to VM 2
2025-02-27 18:46:19.f - M1 [LC:225] Internal event
2025-02-27 18:46:20.f - M1 [LC:226] Internal event
2025-02-27 18:46:20.f - M1 [LC:230] Received message. Queue length: 0
2025-02-27 18:46:20.f - M1 [LC:231] Internal event
2025-02-27 18:46:20.f - M1 [LC:232] Internal event
2025-02-27 18:46:21.f - M1 [LC:233] Internal event
2025-02-27 18:46:21.f - M1 [LC:236] Received message. Queue length: 0
2025-02-27 18:46:21.f - M1 [LC:238] Received message. Queue length: 0
2025-02-27 18:46:22.f - M1 [LC:239] Received message. Queue length: 0
2025-02-27 18:46:22.f - M1 [LC:240] Sent message to VM 0
2025-02-27 18:46:22.f - M1 [LC:241] Internal event
2025-02-27 18:46:22.f - M1 [LC:242] Sent messages to all VMs
2025-02-27 18:46:23.f - M1 [LC:243] Internal event
2025-02-27 18:46:23.f - M1 [LC:244] Internal event
2025-02-27 18:46:23.f - M1 [LC:245] Internal event
2025-02-27 18:46:23.f - M1 [LC:246] Sent messages to all VMs
2025-02-27 18:46:24.f - M1 [LC:247] Sent message to VM 2
2025-02-27 18:46:24.f - M1 [LC:248] Internal event
2025-02-27 18:46:24.f - M1 [LC:249] Internal event
2025-02-27 18:46:24.f - M1 [LC:255] Received message. Queue length: 0
2025-02-27 18:46:25.f - M1 [LC:256] Internal event
2025-02-27 18:46:25.f - M1 [LC:259] Received message. Queue length: 0
2025-02-27 18:46:25.f - M1 [LC:260] Received message. Queue length: 0
2025-02-27 18:46:25.f - M1 [LC:261] Internal event
2025-02-27 18:46:26.f - M1 [LC:262] Internal event
2025-02-27 18:46:26.f - M1 [LC:263] Sent message to VM 0
2025-02-27 18:46:26.f - M1 [LC:264] Internal event
2025-02-27 18:46:26.f - M1 [LC:265] Internal event
2025-02-27 18:46:27.f - M1 [LC:269] Received message. Queue length: 0
2025-02-27 18:46:27.f - M1 [LC:270] Received message. Queue length: 0
2025-02-27 18:46:27.f - M1 [LC:271] Internal event
2025-02-27 18:46:27.f - M1 [LC:272] Internal event
2025-02-27 18:46:28.f - M1 [LC:275] Received message. Queue length: 0
2025-02-27 18:46:28.f - M1 [LC:276] Internal event
2025-02-27 18:46:28.f - M1 [LC:278] Received message. Queue length: 0
2025-02-27 18:46:28.f - M1 [LC:279] Sent messages to all VMs
2025-02-27 18:46:29.f - M1 [LC:280] Internal event
2025-02-27 18:46:29.f - M1 [LC:281] Internal event
2025-02-27 18:46:29.f - M1 [LC:282] Internal event
2025-02-27 18:46:29.f - M1 [LC:283] Internal event
2025-02-27 18:46:30.f - M1 [LC:284] Internal event
2025-02-27 18:46:30.f - M1 [LC:285] Internal event
2025-02-27 18:46:30.f - M1 [LC:290] Received message. Queue length: 0
2025-02-27 18:46:30.f - M1 [LC:291] Sent messages to all VMs
2025-02-27 18:46:31.f - M1 [LC:292] Internal event
2025-02-27 18:46:31.f - M1 [LC:293] Sent message to VM 2
2025-02-27 18:46:31.f - M1 [LC:294] Sent messages to all VMs
2025-02-27 18:46:31.f - M1 [LC:295] Internal event
2025-02-27 18:46:32.f - M1 [LC:296] Internal event
2025-02-27 18:46:32.f - M1 [LC:297] Sent messages to all VMs
2025-02-27 18:46:32.f - M1 [LC:302] Received message. Queue length: 0
2025-02-27 18:46:32.f - M1 [LC:303] Sent messages to all VMs
2025-02-27 18:46:33.f - M1 [LC:304] Internal event
2025-02-27 18:46:33.f - M1 [LC:305] Internal event
2025-02-27 18:46:33.f - M1 [LC:306] Internal event
2025-02-27 18:46:33.f - M1 [LC:310] Received message. Queue length: 0
2025-02-27 18:46:34.f - M1 [LC:311] Received message. Queue length: 0
2025-02-27 18:46:34.f - M1 [LC:313] Received message. Queue length: 0
2025-02-27 18:46:34.f - M1 [LC:314] Sent message to VM 0
2025-02-27 18:46:34.f - M1 [LC:315] Internal event
2025-02-27 18:46:35.f - M1 [LC:316] Sent message to VM 0
2025-02-27 18:46:35.f - M1 [LC:317] Internal event
2025-02-27 18:46:35.f - M1 [LC:318] Internal event
2025-02-27 18:46:35.f - M1 [LC:319] Internal event
2025-02-27 18:46:36.f - M1 [LC:320] Internal event
2025-02-27 18:46:36.f - M1 [LC:321] Internal event
2025-02-27 18:46:36.f - M1 [LC:322] Internal event
2025-02-27 18:46:37.f - M1 [LC:323] Internal event
2025-02-27 18:46:37.f - M1 [LC:324] Internal event
2025-02-27 18:46:37.f - M1 [LC:325] Internal event
2025-02-27 18:46:37.f - M1 [LC:326] Internal event
2025-02-27 18:46:38.f - M1 [LC:327] Internal event
2025-02-27 18:46:38.f - M1 [LC:328] Sent message to VM 2
2025-02-27 18:46:38.f - M1 [LC:337] Received message. Queue length: 0
2025-02-27 18:46:38.f - M1 [LC:338] Received message. Queue length: 1
2025-02-27 18:46:39.f - M1 [LC:339] Received message. Queue length: 1
2025-02-27 18:46:39.f - M1 [LC:340] Received message. Queue length: 0
2025-02-27 18:46:39.f - M1 [LC:341] Internal event
2025-02-27 18:46:39.f - M1 [LC:342] Sent messages to all VMs
2025-02-27 18:46:40.f - M1 [LC:343] Internal event
2025-02-27 18:46:40.f - M1 [LC:344] Sent messages to all VMs
2025-02-27 18:46:40.f - M1 [LC:345] Internal event
2025-02-27 18:46:40.f - M1 [LC:350] Received message. Queue length: 0
2025-02-27 18:46:41.f - M1 [LC:351] Internal event
2025-02-27 18:46:41.f - M1 [LC:354] Received message. Queue length: 0
2025-02-27 18:46:41.f - M1 [LC:355] Internal event
2025-02-27 18:46:41.f - M1 [LC:356] Internal event
2025-02-27 18:46:42.f - M1 [LC:357] Internal event
2025-02-27 18:46:42.f - M1 [LC:358] Internal event
2025-02-27 18:46:42.f - M1 [LC:359] Internal event
2025-02-27 18:46:42.f - M1 [LC:360] Internal event
2025-02-27 18:46:43.f - M1 [LC:361] Sent messages to all VMs
2025-02-27 18:46:43.f - M1 [LC:362] Internal event
2025-02-27 18:46:43.f - M1 [LC:363] Internal event
2025-02-27 18:46:44.f - M1 [LC:363] Stopped VM 1
